#
# A fatal error has been detected by the Java Runtime Environment:
#
#  Internal Error (jvmciRuntime.cpp:1609), pid=7375, tid=7391
#  fatal error: Fatal exception in JVMCI: Error calling jdk.vm.ci.services.Services.serializeSavedProperties
#
# JRE version: OpenJDK Runtime Environment GraalVM CE 22.3.0 (17.0.5+8) (build 17.0.5+8-jvmci-22.3-b08)
# Java VM: OpenJDK 64-Bit Server VM GraalVM CE 22.3.0 (17.0.5+8-jvmci-22.3-b08, mixed mode, sharing, tiered, jvmci, jvmci compiler, compressed oops, compressed class ptrs, parallel gc, linux-amd64)
# Problematic frame:
# V  [libjvm.so+0x972714]  JVMCIRuntime::fatal_exception(JVMCIEnv*, char const*)+0x74
#
# Core dump will be written. Default location: Core dumps may be processed with "/usr/share/apport/apport -p%p -s%s -c%c -d%d -P%P -u%u -g%g -- %E" (or dumping to /home/runner/JavaCourseTHS-CS/core.7375)
#
# If you would like to submit a bug report, please visit:
#   https://github.com/oracle/graal/issues
#

---------------  S U M M A R Y ------------

Command Line: -XX:ThreadPriorityPolicy=1 -XX:+UnlockExperimentalVMOptions -XX:+EnableJVMCIProduct -XX:JVMCIThreadsPerNativeLibraryRuntime=1 -XX:-UnlockExperimentalVMOptions -Declipse.application=org.eclipse.jdt.ls.core.id1 -Dosgi.bundles.defaultStartLevel=4 -Declipse.product=org.eclipse.jdt.ls.core.product -Dlog.level=ALL -Xverify:none -XX:+UseParallelGC -XX:GCTimeRatio=4 -XX:AdaptiveSizePolicyWeight=90 -Dsun.zip.disableMemoryMapping=true -Xmx512m -Xms100m /nix/store/q9712qvwdh22a4krw4jz2sjrz07mvjbl-jdt-language-server-1.9.0/share/java/plugins/org.eclipse.equinox.launcher_1.6.400.v20210924-0641.jar --add-modules=ALL-SYSTEM --add-opens java.base/java.util=ALL-UNNAMED --add-opens java.base/java.lang=ALL-UNNAMED -configuration /home/runner/JavaCourseTHS-CS/.cache/jdt-language-server/config -data /home/runner/.cache/jdt-language-server/data/home/runner/JavaCourseTHS-CS

Host: Intel(R) Xeon(R) CPU @ 2.20GHz, 8 cores, 1G, Ubuntu 20.04.2 LTS
Time: Mon Apr 15 02:56:00 2024 UTC elapsed time: 1814.884280 seconds (0d 0h 30m 14s)

---------------  T H R E A D  ---------------

Current thread (0x0000796b900b1990):  JavaThread "JVMCI-native CompilerThread0" daemon [_thread_in_vm, id=7391, stack(0x0000796b75a1a000,0x0000796b75c1a000)]


Current CompileTask:
JVMCI-native:1814884 12595       4       java.util.concurrent.locks.ReentrantReadWriteLock$Sync::tryAcquireShared (177 bytes)

Stack: [0x0000796b75a1a000,0x0000796b75c1a000],  sp=0x0000796b75c18380,  free space=2040k
Native frames: (J=compiled Java code, j=interpreted, Vv=VM code, C=native code)
V  [libjvm.so+0x972714]  JVMCIRuntime::fatal_exception(JVMCIEnv*, char const*)+0x74
V  [libjvm.so+0x93e2fe]  JVMCIEnv::copy_saved_properties()+0x14e
V  [libjvm.so+0x9732a9]  JVMCIRuntime::initialize(JVMCIEnv*)+0xb19
V  [libjvm.so+0x9738a2]  JVMCIRuntime::get_HotSpotJVMCIRuntime(JVMCIEnv*)+0x12
V  [libjvm.so+0x9749f2]  JVMCIRuntime::compile_method(JVMCIEnv*, JVMCICompiler*, methodHandle const&, int)+0xd2
V  [libjvm.so+0x5b0d20]  CompileBroker::invoke_compiler_on_method(CompileTask*)+0x1470
V  [libjvm.so+0x5b12e8]  CompileBroker::compiler_thread_loop()+0x528
V  [libjvm.so+0xd82460]  JavaThread::thread_main_inner()+0xd0
V  [libjvm.so+0xd85a40]  Thread::call_run()+0xc0
V  [libjvm.so+0xbdb1e1]  thread_native_entry(Thread*)+0xe1

Register to memory mapping:

RAX=0x0000796b95674000 points into unknown readable memory: 0x0000000000000058 | 58 00 00 00 00 00 00 00
RBX=0x0000796b9676f398: <offset 0x0000000000ef5398> in /nix/store/gpxl5qgg8kicmcvivwmybwjlpf7wh20l-graalvm17-ce-22.3.0/lib/server/libjvm.so at 0x0000796b9587a000
RCX=0x0000796b967271e8: <offset 0x0000000000ead1e8> in /nix/store/gpxl5qgg8kicmcvivwmybwjlpf7wh20l-graalvm17-ce-22.3.0/lib/server/libjvm.so at 0x0000796b9587a000
RDX=0x0000000000000649 is an unknown value
RSP=0x0000796b75c18380 is pointing into the stack for thread: 0x0000796b900b1990
RBP=0x0000796b75c183a0 is pointing into the stack for thread: 0x0000796b900b1990
RSI=0x0000796b9676fc48: <offset 0x0000000000ef5c48> in /nix/store/gpxl5qgg8kicmcvivwmybwjlpf7wh20l-graalvm17-ce-22.3.0/lib/server/libjvm.so at 0x0000796b9587a000
RDI=0x00000000e0000000 is an oop: java.util.jar.Attributes 
{0x00000000e0000000} - klass: 'java/util/jar/Attributes'
 - ---- fields (total size 2 words):
 - protected 'map' 'Ljava/util/Map;' @12  a 'java/util/LinkedHashMap'{0x00000000e0000010} (e0000010)
R8 =0x0000796b9676f398: <offset 0x0000000000ef5398> in /nix/store/gpxl5qgg8kicmcvivwmybwjlpf7wh20l-graalvm17-ce-22.3.0/lib/server/libjvm.so at 0x0000796b9587a000
R9 =0x0000796b75c18330 is pointing into the stack for thread: 0x0000796b900b1990
R10=0x0000796b75c19948 is pointing into the stack for thread: 0x0000796b900b1990
R11=0x0000000000000293 is an unknown value
R12=0x0 is NULL
R13=0x0000796b900b1990 is a thread
R14=0x0000796b90000b80 points into unknown readable memory: 0x0000796b969a0a38 | 38 0a 9a 96 6b 79 00 00
R15=0x0000796b96aaee40: <offset 0x0000000001234e40> in /nix/store/gpxl5qgg8kicmcvivwmybwjlpf7wh20l-graalvm17-ce-22.3.0/lib/server/libjvm.so at 0x0000796b9587a000


Registers:
RAX=0x0000796b95674000, RBX=0x0000796b9676f398, RCX=0x0000796b967271e8, RDX=0x0000000000000649
RSP=0x0000796b75c18380, RBP=0x0000796b75c183a0, RSI=0x0000796b9676fc48, RDI=0x00000000e0000000
R8 =0x0000796b9676f398, R9 =0x0000796b75c18330, R10=0x0000796b75c19948, R11=0x0000000000000293
R12=0x0000000000000000, R13=0x0000796b900b1990, R14=0x0000796b90000b80, R15=0x0000796b96aaee40
RIP=0x0000796b961ec714, EFLAGS=0x0000000000010206, CSGSFS=0x002b000000000033, ERR=0x0000000000000006
  TRAPNO=0x000000000000000e

Top of Stack: (sp=0x0000796b75c18380)
0x0000796b75c18380:   0000796b75c18940 0000796b900b1990
0x0000796b75c18390:   0000796b940058c8 0000000800c417a0
0x0000796b75c183a0:   0000796b75c18500 0000796b961b82fe
0x0000796b75c183b0:   0000796b75c183e0 0000796b75c18440 

Instructions: (pc=0x0000796b961ec714)
0x0000796b961ec614:   30 e8 f6 cf e8 ff 4c 89 e7 e8 2e 48 d1 ff 84 db
0x0000796b961ec624:   75 2a 4d 85 ed 74 04 4d 8b 6d 00 48 83 c4 08 44
0x0000796b961ec634:   89 f9 4c 89 f2 4c 89 ee 5b 4c 89 e7 41 5c 41 5d
0x0000796b961ec644:   41 5e 41 5f 5d e9 e2 47 d1 ff 66 90 48 83 c4 08
0x0000796b961ec654:   5b 41 5c 41 5d 41 5e 41 5f 5d c3 90 31 d2 be 08
0x0000796b961ec664:   00 00 00 4c 89 ff e8 b1 78 a3 ff 49 89 c5 e9 37
0x0000796b961ec674:   ff ff ff 66 0f 1f 84 00 00 00 00 00 48 8b 7a 08
0x0000796b961ec684:   e9 6d ff ff ff 0f 1f 80 00 00 00 00 e8 5b 48 0a
0x0000796b961ec694:   00 84 c0 75 89 e9 6a ff ff ff 66 90 55 48 89 e5
0x0000796b961ec6a4:   41 56 41 55 41 54 49 89 fc 53 48 89 f3 66 48 8d
0x0000796b961ec6b4:   3d 27 5e 85 00 66 66 48 e8 df 43 8d ff 4c 8b 28
0x0000796b961ec6c4:   8b 05 be 72 8a 00 85 c0 75 14 ba 01 00 00 00 48
0x0000796b961ec6d4:   8d 0d ae 72 8a 00 f0 0f b1 11 85 c0 74 4e be c8
0x0000796b961ec6e4:   00 00 00 4c 89 ef e8 01 0b 41 00 48 8d 05 12 ac
0x0000796b961ec6f4:   85 00 49 89 d8 48 8d 0d e8 aa 53 00 ba 49 06 00
0x0000796b961ec704:   00 48 8d 35 3c 35 58 00 bf 00 00 00 e0 48 8b 00
0x0000796b961ec714:   c6 00 58 31 c0 e8 e2 91 c6 ff 5b 41 5c 41 5d 41
0x0000796b961ec724:   5e 5d e9 55 34 26 00 0f 1f 44 00 00 48 8d 05 81
0x0000796b961ec734:   a3 8b 00 48 89 df 4c 8b 30 e8 9e 43 8d ff 48 89
0x0000796b961ec744:   de 48 89 c2 49 8b 06 4c 89 f7 ff 50 08 4c 89 f7
0x0000796b961ec754:   e8 a7 5c 27 00 4d 85 e4 74 12 be 01 00 00 00 4c
0x0000796b961ec764:   89 e7 e8 35 43 fc ff eb 82 0f 1f 00 be 01 00 00
0x0000796b961ec774:   00 4c 89 ef e8 d3 fd ff ff e9 6d ff ff ff 66 66
0x0000796b961ec784:   2e 0f 1f 84 00 00 00 00 00 0f 1f 00 55 48 89 e5
0x0000796b961ec794:   41 57 41 56 41 55 41 54 53 48 81 ec 08 02 00 00
0x0000796b961ec7a4:   64 48 8b 04 25 28 00 00 00 48 89 45 c8 8b 07 83
0x0000796b961ec7b4:   f8 02 0f 84 11 04 00 00 4c 8b 6f 18 49 89 ff 49
0x0000796b961ec7c4:   89 f4 4d 85 ed 74 14 4c 89 ef e8 5d 57 22 00 41
0x0000796b961ec7d4:   8b 07 83 f8 02 0f 84 19 04 00 00 48 8d 1d 9a 06
0x0000796b961ec7e4:   8a 00 4c 8d 35 0b 3c 58 00 eb 38 90 48 85 d2 7f
0x0000796b961ec7f4:   0d 48 8d 05 b4 c0 85 00 48 83 38 00 7e 0e 41 8b
0x0000796b961ec804:   77 2c 4c 89 f7 31 c0 e8 a0 b2 f7 ff 49 8b 7f 18 


Stack slot to memory mapping:
stack at sp + 0 slots: 0x0000796b75c18940 is pointing into the stack for thread: 0x0000796b900b1990
stack at sp + 1 slots: 0x0000796b900b1990 is a thread
stack at sp + 2 slots: 0x0000796b940058c8 points into unknown readable memory: 0x65730018052dffff | ff ff 2d 05 18 00 73 65
stack at sp + 3 slots: 0x0000000800c417a0 is a pointer to class: 
jdk.vm.ci.services.Services {0x0000000800c417a0}
 - instance size:     2
 - klass size:        65
 - access:            public final synchronized 
 - state:             fully_initialized
 - name:              'jdk/vm/ci/services/Services'
 - super:             'java/lang/Object'
 - sub:               
 - arrays:            NULL
 - methods:           Array<T>(0x0000796b76441630)
 - method ordering:   Array<T>(0x0000000800928960)
 - default_methods:   Array<T>(0x0000000000000000)
 - local interfaces:  Array<T>(0x00000008005ce810)
 - trans. interfaces: Array<T>(0x00000008005ce810)
 - constants:         constant pool [427] {0x0000796b76440500} for 'jdk/vm/ci/services/Services' cache=0x0000796b76442a70
 - class loader data:  loader data: 0x0000796b90027b90 of 'bootstrap'
 - source file:       'Services.java'
 - class annotations:       Array<T>(0x0000000000000000)
 - class type annotations:  Array<T>(0x0000000000000000)
 - field annotations:       Array<T>(0x0000000000000000)
 - field type annotations:  Array<T>(0x0000000000000000)
 - inner classes:     Array<T>(0x0000796b764428d0)
 - nest members:     Array<T>(0x0000796b764428f0)
 - permitted subclasses:     Array<T>(0x00000008005ce7a0)
 - java mirror:       a 'java/lang/Class'{0x00000000e02ad7c0} = 'jdk/vm/ci/services/Services'
 - vtable length      5  (start addr: 0x0000000800c41970)
 - itable length      2 (start addr: 0x0000000800c41998)
 - ---- static fields (3 words):
 - public static final 'IS_BUILDING_NATIVE_IMAGE' 'Z' @128 
 - public static final 'IS_IN_NATIVE_IMAGE' 'Z' @129 
 - private static volatile 'savedProperties' 'Ljava/util/Map;' @112 
 - static final 'JVMCI_ENABLED' 'Z' @130 
 - private static final 'servicesCache' 'Ljava/util/Map;' @116 
 - private static final 'MAX_UNICODE_IN_UTF8_LENGTH' 'I' @120 
 - private static final 'MAX_UTF8_PROPERTY_STRING_LENGTH' 'I' @124 
 - ---- non-static fields (0 words):
 - non-static oop maps: 
stack at sp + 4 slots: 0x0000796b75c18500 is pointing into the stack for thread: 0x0000796b900b1990
stack at sp + 5 slots: 0x0000796b961b82fe: <offset 0x000000000093e2fe> in /nix/store/gpxl5qgg8kicmcvivwmybwjlpf7wh20l-graalvm17-ce-22.3.0/lib/server/libjvm.so at 0x0000796b9587a000
stack at sp + 6 slots: 0x0000796b75c183e0 is pointing into the stack for thread: 0x0000796b900b1990
stack at sp + 7 slots: 0x0000796b75c18440 is pointing into the stack for thread: 0x0000796b900b1990


---------------  P R O C E S S  ---------------

Threads class SMR info:
_java_thread_list=0x0000796ac0000c40, length=37, elements={
0x0000796b90025e30, 0x0000796b900a5c80, 0x0000796b900a70c0, 0x0000796b900ad800,
0x0000796b900aebb0, 0x0000796b900affa0, 0x0000796b900b1990, 0x0000796b900b2ea0,
0x0000796b900b3f00, 0x0000796b900e6c60, 0x0000796b9012eca0, 0x0000796b9030b740,
0x0000796b90353c10, 0x0000796b90356b30, 0x0000796b2402bdf0, 0x0000796b24465950,
0x0000796b244e5530, 0x0000796b140010d0, 0x0000796b2468ab30, 0x0000796b2481c730,
0x0000796b902211f0, 0x0000796b903e0200, 0x0000796b143dfb40, 0x0000796b140ce3d0,
0x0000796b0819d5b0, 0x0000796b081a73f0, 0x0000796b081a7af0, 0x0000796b081a5510,
0x0000796b081a5b60, 0x0000796b08123210, 0x0000796b08121e70, 0x0000796b081223f0,
0x0000796b081248e0, 0x0000796b08125980, 0x0000796b08126b10, 0x0000796b08127a50,
0x0000796b08129bd0
}

Java Threads: ( => current thread )
  0x0000796b90025e30 JavaThread "main" [_thread_blocked, id=7383, stack(0x0000796b95695000,0x0000796b95795000)]
  0x0000796b900a5c80 JavaThread "Reference Handler" daemon [_thread_blocked, id=7386, stack(0x0000796b76300000,0x0000796b76400000)]
  0x0000796b900a70c0 JavaThread "Finalizer" daemon [_thread_blocked, id=7387, stack(0x0000796b76200000,0x0000796b76300000)]
  0x0000796b900ad800 JavaThread "Signal Dispatcher" daemon [_thread_blocked, id=7388, stack(0x0000796b75e1a000,0x0000796b75f1a000)]
  0x0000796b900aebb0 JavaThread "Service Thread" daemon [_thread_blocked, id=7389, stack(0x0000796b75d1a000,0x0000796b75e1a000)]
  0x0000796b900affa0 JavaThread "Monitor Deflation Thread" daemon [_thread_blocked, id=7390, stack(0x0000796b75c1a000,0x0000796b75d1a000)]
=>0x0000796b900b1990 JavaThread "JVMCI-native CompilerThread0" daemon [_thread_in_vm, id=7391, stack(0x0000796b75a1a000,0x0000796b75c1a000)]
  0x0000796b900b2ea0 JavaThread "C1 CompilerThread0" daemon [_thread_blocked, id=7392, stack(0x0000796b7581a000,0x0000796b75a1a000)]
  0x0000796b900b3f00 JavaThread "Sweeper thread" daemon [_thread_blocked, id=7393, stack(0x0000796b7571a000,0x0000796b7581a000)]
  0x0000796b900e6c60 JavaThread "Common-Cleaner" daemon [_thread_blocked, id=7395, stack(0x0000796b7561a000,0x0000796b7571a000)]
  0x0000796b9012eca0 JavaThread "Notification Thread" daemon [_thread_blocked, id=7396, stack(0x0000796b7551a000,0x0000796b7561a000)]
  0x0000796b9030b740 JavaThread "Active Thread: Equinox Container: ae53e983-76fd-494e-b1fd-6b84e950eaab" [_thread_blocked, id=7405, stack(0x0000796b74100000,0x0000796b74200000)]
  0x0000796b90353c10 JavaThread "Framework Event Dispatcher: Equinox Container: ae53e983-76fd-494e-b1fd-6b84e950eaab" daemon [_thread_blocked, id=7407, stack(0x0000796b3db00000,0x0000796b3dc00000)]
  0x0000796b90356b30 JavaThread "Start Level: Equinox Container: ae53e983-76fd-494e-b1fd-6b84e950eaab" daemon [_thread_blocked, id=7408, stack(0x0000796b3d900000,0x0000796b3da00000)]
  0x0000796b2402bdf0 JavaThread "SCR Component Actor" daemon [_thread_blocked, id=7409, stack(0x0000796b3d700000,0x0000796b3d800000)]
  0x0000796b24465950 JavaThread "Worker-JM" [_thread_blocked, id=7416, stack(0x0000796b3d300000,0x0000796b3d400000)]
  0x0000796b244e5530 JavaThread "Worker-0" [_thread_blocked, id=7418, stack(0x0000796b3d100000,0x0000796b3d200000)]
  0x0000796b140010d0 JavaThread "Worker-1: Compacting resource model" [_thread_blocked, id=7419, stack(0x0000796b3cf00000,0x0000796b3d000000)]
  0x0000796b2468ab30 JavaThread "Java indexing" daemon [_thread_blocked, id=7423, stack(0x0000796b3cb00000,0x0000796b3cc00000)]
  0x0000796b2481c730 JavaThread "Bundle File Closer" daemon [_thread_blocked, id=7425, stack(0x0000796b3c900000,0x0000796b3ca00000)]
  0x0000796b902211f0 JavaThread "pool-3-thread-1" [_thread_blocked, id=7429, stack(0x0000796b3d500000,0x0000796b3d600000)]
  0x0000796b903e0200 JavaThread "pool-2-thread-1" [_thread_blocked, id=7432, stack(0x0000796b3c800000,0x0000796b3c900000)]
  0x0000796b143dfb40 JavaThread "Worker-3: Java indexing... " [_thread_blocked, id=7440, stack(0x0000796b3c700000,0x0000796b3c800000)]
  0x0000796b140ce3d0 JavaThread "Worker-4: Publish Diagnostics" [_thread_blocked, id=7542, stack(0x0000796b3c100000,0x0000796b3c200000)]
  0x0000796b0819d5b0 JavaThread "Thread-97" [_thread_blocked, id=7733, stack(0x0000796b3c500000,0x0000796b3c600000)]
  0x0000796b081a73f0 JavaThread "Thread-98" [_thread_blocked, id=7734, stack(0x0000796b3bd00000,0x0000796b3be00000)]
  0x0000796b081a7af0 JavaThread "Thread-100" [_thread_blocked, id=7736, stack(0x0000796b3c300000,0x0000796b3c400000)]
  0x0000796b081a5510 JavaThread "Thread-101" [_thread_blocked, id=7741, stack(0x0000796b3d800000,0x0000796b3d900000)]
  0x0000796b081a5b60 JavaThread "Thread-102" [_thread_blocked, id=7743, stack(0x0000796b3bf00000,0x0000796b3c000000)]
  0x0000796b08123210 JavaThread "Thread-105" [_thread_blocked, id=7750, stack(0x0000796b3d400000,0x0000796b3d500000)]
  0x0000796b08121e70 JavaThread "Thread-106" [_thread_blocked, id=7751, stack(0x0000796b74000000,0x0000796b74100000)]
  0x0000796b081223f0 JavaThread "Thread-107" [_thread_blocked, id=7755, stack(0x0000796b3da00000,0x0000796b3db00000)]
  0x0000796b081248e0 JavaThread "Thread-108" [_thread_blocked, id=7756, stack(0x0000796b3d000000,0x0000796b3d100000)]
  0x0000796b08125980 JavaThread "Thread-110" [_thread_blocked, id=7779, stack(0x0000796b3ce00000,0x0000796b3cf00000)]
  0x0000796b08126b10 JavaThread "Thread-111" [_thread_blocked, id=7795, stack(0x0000796b3cc00000,0x0000796b3cd00000)]
  0x0000796b08127a50 JavaThread "Thread-112" [_thread_blocked, id=7805, stack(0x0000796b3ca00000,0x0000796b3cb00000)]
  0x0000796b08129bd0 JavaThread "Thread-114" [_thread_blocked, id=7839, stack(0x0000796b3c400000,0x0000796b3c500000)]

Other Threads:
  0x0000796b900a13c0 VMThread "VM Thread" [stack: 0x0000796b76c5c000,0x0000796b76d5c000] [id=7385] _threads_hazard_ptr=0x0000796ac0000c40
  0x0000796b90130640 WatcherThread [stack: 0x0000796b7541a000,0x0000796b7551a000] [id=7397]
  0x0000796b9003d730 GCTaskThread "GC Thread#0" [stack: 0x0000796b95258000,0x0000796b95358000] [id=7384]

Threads with active compile tasks:
JVMCI-native CompilerThread0  1814928 12595       4       java.util.concurrent.locks.ReentrantReadWriteLock$Sync::tryAcquireShared (177 bytes)

VM state: synchronizing (normal execution)

VM Mutex/Monitor currently owned by a thread:  ([mutex/lock_event])
[0x0000796b90022f80] Threads_lock - owner thread: 0x0000796b900a13c0
[0x0000796b90023730] Heap_lock - owner thread: 0x0000796b140ce3d0

OutOfMemory and StackOverflow Exception counts:
OutOfMemoryError java_heap_errors=7
LinkageErrors=55

Heap address: 0x00000000e0000000, size: 512 MB, Compressed Oops mode: 32-bit

CDS archive(s) mapped at: [0x0000000800000000-0x0000000800bc8000-0x0000000800bc8000), size 12353536, SharedBaseAddress: 0x0000000800000000, ArchiveRelocationMode: 0.
Compressed class space mapped at: 0x0000000800c00000-0x0000000840c00000, reserved size: 1073741824
Narrow klass base: 0x0000000800000000, Narrow klass shift: 0, Narrow klass range: 0x100000000

GC Precious Log:
 CPUs: 8 total, 1 available
 Memory: 1024M
 Large Page Support: Disabled
 NUMA Support: Disabled
 Compressed Oops: Enabled (32-bit)
 Alignments: Space 512K, Generation 512K, Heap 2M
 Heap Min Capacity: 100M
 Heap Initial Capacity: 100M
 Heap Max Capacity: 512M
 Pre-touch: Disabled
 Parallel Workers: 1

Heap:
 PSYoungGen      total 57856K, used 29183K [0x00000000f5580000, 0x00000000fc900000, 0x0000000100000000)
  eden space 29184K, 99% used [0x00000000f5580000,0x00000000f71ffff8,0x00000000f7200000)
  from space 28672K, 0% used [0x00000000f9d00000,0x00000000f9d00000,0x00000000fb900000)
  to   space 44032K, 0% used [0x00000000f7200000,0x00000000f7200000,0x00000000f9d00000)
 ParOldGen       total 349696K, used 349696K [0x00000000e0000000, 0x00000000f5580000, 0x00000000f5580000)
  object space 349696K, 100% used [0x00000000e0000000,0x00000000f5580000,0x00000000f5580000)
 Metaspace       used 60455K, committed 61568K, reserved 1105920K
  class space    used 5515K, committed 6016K, reserved 1048576K

Card table byte_map: [0x0000796b95358000,0x0000796b95459000] _byte_map_base: 0x0000796b94c58000

Marking Bits: (ParMarkBitMap*) 0x0000796b96aa84c0
 Begin Bits: [0x0000796b941ab000, 0x0000796b949ab000)
 End Bits:   [0x0000796b949ab000, 0x0000796b951ab000)

Polling page: 0x0000796b95672000

Metaspace:

Usage:
  Non-class:     53.65 MB used.
      Class:      5.39 MB used.
       Both:     59.04 MB used.

Virtual space:
  Non-class space:       56.00 MB reserved,      54.25 MB ( 97%) committed,  7 nodes.
      Class space:        1.00 GB reserved,       5.88 MB ( <1%) committed,  1 nodes.
             Both:        1.05 GB reserved,      60.12 MB (  6%) committed. 

Chunk freelists:
   Non-Class:  1.57 MB
       Class:  2.12 MB
        Both:  3.69 MB

MaxMetaspaceSize: unlimited
CompressedClassSpaceSize: 1.00 GB
Initial GC threshold: 21.00 MB
Current GC threshold: 100.25 MB
CDS: on
MetaspaceReclaimPolicy: balanced
 - commit_granule_bytes: 65536.
 - commit_granule_words: 8192.
 - virtual_space_node_default_size: 1048576.
 - enlarge_chunks_in_place: 1.
 - new_chunks_are_fully_committed: 0.
 - uncommit_free_chunks: 1.
 - use_allocation_guard: 0.
 - handle_deallocations: 1.


Internal statistics:

num_allocs_failed_limit: 6.
num_arena_births: 492.
num_arena_deaths: 142.
num_vsnodes_births: 8.
num_vsnodes_deaths: 0.
num_space_committed: 960.
num_space_uncommitted: 0.
num_chunks_returned_to_freelist: 195.
num_chunks_taken_from_freelist: 3016.
num_chunk_merges: 81.
num_chunk_splits: 1958.
num_chunks_enlarged: 1179.
num_purges: 18.
num_inconsistent_stats: 0.

CodeHeap 'non-profiled nmethods': size=120036Kb used=3135Kb max_used=3135Kb free=116901Kb
 bounds [0x0000796b7ef7a000, 0x0000796b7f28a000, 0x0000796b864b3000]
CodeHeap 'profiled nmethods': size=120032Kb used=23846Kb max_used=23846Kb free=96186Kb
 bounds [0x0000796b77a42000, 0x0000796b79192000, 0x0000796b7ef7a000]
CodeHeap 'non-nmethods': size=5692Kb used=1369Kb max_used=1380Kb free=4322Kb
 bounds [0x0000796b774b3000, 0x0000796b77723000, 0x0000796b77a42000]
 total_blobs=9718 nmethods=9010 adapters=605
 compilation: enabled
              stopped_count=0, restarted_count=0
 full_count=0

JVMCI Events (20 events):
Event: 1467.927 Thread 0x0000796b900b1990 attached to JVMCI runtime 0
Event: 1467.930 Thread 0x0000796b900b1990 created JavaVM[6]@0x0000796b3b79e340 for JVMCI runtime 0
Event: 1467.930 Thread 0x0000796b900b1990 initializing JVMCI runtime 0
Event: 1467.930 Thread 0x0000796b900b1990 done waiting for JavaVM references initialization in JVMCI runtime 0
Event: 1523.898 Thread 0x0000796b900b1990 initialized JVMCI runtime 0
Event: 1615.096 Thread 0x0000796b900b1990 compacted oop handles in JVMCI runtime 0 from 65 to 63
Event: 1620.290 Thread 0x0000796b900b1990 compacted oop handles in JVMCI runtime 0 from 63 to 46
Event: 1695.196 Thread 0x0000796b900b1990 compacted oop handles in JVMCI runtime 0 from 55 to 54
Event: 1737.924 Thread 0x0000796b900b1990 compacted oop handles in JVMCI runtime 0 from 59 to 47
Event: 1739.533 Thread 0x0000796b900b1990 detaching from JVMCI runtime 0: releasing idle compiler thread (0 other threads still attached)
Event: 1739.533 Thread 0x0000796b900b1990 shutting down HotSpotJVMCIRuntime for JVMCI runtime 0
Event: 1739.533 Thread 0x0000796b900b1990 shut down JVMCI runtime 0
Event: 1741.395 Thread 0x0000796b900b1990 destroyed JavaVM[6]@0x0000796b3b79e340 for JVMCI runtime 0
Event: 1741.395 Thread 0x0000796b900b1990 compacted oop handles in JVMCI runtime 0 from 48 to 48
Event: 1741.395 Thread 0x0000796b900b1990 releasing handles for JVMCI runtime 0: oop handles=48, metadata handles={total=128, live=111, blocks=37}
Event: 1741.395 Thread 0x0000796b900b1990 detached from JVMCI runtime 0
Event: 1798.201 Thread 0x0000796b900b1990 attached to JVMCI runtime 0
Event: 1798.204 Thread 0x0000796b900b1990 created JavaVM[7]@0x0000796b3b79e340 for JVMCI runtime 0
Event: 1799.717 Thread 0x0000796b900b1990 initializing JVMCI runtime 0
Event: 1799.717 Thread 0x0000796b900b1990 done waiting for JavaVM references initialization in JVMCI runtime 0

Compilation events (20 events):
Event: 1596.824 Thread 0x0000796b900b2ea0 12588       3       org.eclipse.jdt.internal.corext.dom.GenericVisitor::visit (6 bytes)
Event: 1596.824 Thread 0x0000796b900b2ea0 nmethod 12588 0x0000796b7917dc90 code [0x0000796b7917de40, 0x0000796b7917e160]
Event: 1598.791 Thread 0x0000796b900b2ea0 12590 % !   3       org.eclipse.jdt.internal.core.NameLookup::<init> @ 202 (845 bytes)
Event: 1602.494 Thread 0x0000796b900b2ea0 nmethod 12590% 0x0000796b7917e210 code [0x0000796b7917e9c0, 0x0000796b79186e70]
Event: 1618.610 Thread 0x0000796b900b1990 nmethod 12583 0x0000796b7f282890 code [0x0000796b7f282ac0, 0x0000796b7f283f10]
Event: 1618.610 Thread 0x0000796b900b1990 12582   !   4       org.eclipse.jdt.core.dom.DefaultCommentMapper::storeTrailingComments (793 bytes)
Event: 1695.196 Thread 0x0000796b900b1990 nmethod 12582 0x0000796b7f285290 code [0x0000796b7f2854e0, 0x0000796b7f286c10]
Event: 1695.196 Thread 0x0000796b900b1990 12581   !   4       org.eclipse.jdt.core.dom.DefaultCommentMapper$CommentMapperVisitor::visitNode (355 bytes)
Event: 1695.196 Thread 0x0000796b900b2ea0 12591       3       org.eclipse.jdt.internal.compiler.lookup.LookupEnvironment::buildTypeBindings (176 bytes)
Event: 1698.814 Thread 0x0000796b900b2ea0 nmethod 12591 0x0000796b79188f90 code [0x0000796b791891e0, 0x0000796b79189e00]
Event: 1698.814 Thread 0x0000796b900b2ea0 12593       3       org.eclipse.jdt.internal.compiler.lookup.PackageBinding::hasType0Any (28 bytes)
Event: 1702.627 Thread 0x0000796b900b2ea0 nmethod 12593 0x0000796b7918a290 code [0x0000796b7918a480, 0x0000796b7918ae50]
Event: 1702.628 Thread 0x0000796b900b2ea0 12592       3       org.eclipse.jdt.internal.compiler.lookup.CompilationUnitScope::<init> (15 bytes)
Event: 1704.406 Thread 0x0000796b900b2ea0 nmethod 12592 0x0000796b7918b010 code [0x0000796b7918b1c0, 0x0000796b7918b320]
Event: 1728.817 Thread 0x0000796b900b2ea0 12594       3       java.util.concurrent.ScheduledThreadPoolExecutor$ScheduledFutureTask::getDelay (16 bytes)
Event: 1730.540 Thread 0x0000796b900b2ea0 nmethod 12594 0x0000796b7918b410 code [0x0000796b7918b5c0, 0x0000796b7918b740]
Event: 1735.929 Thread 0x0000796b900b1990 nmethod 12581 0x0000796b7f287e10 code [0x0000796b7f288020, 0x0000796b7f288ee0]
Event: 1735.929 Thread 0x0000796b900b1990 12586       4       org.eclipse.jdt.internal.corext.dom.GenericVisitor::endVisit (6 bytes)
Event: 1737.925 Thread 0x0000796b900b1990 nmethod 12586 0x0000796b7f289910 code [0x0000796b7f289a80, 0x0000796b7f289ac0]
Event: 1798.201 Thread 0x0000796b900b1990 12595       4       java.util.concurrent.locks.ReentrantReadWriteLock$Sync::tryAcquireShared (177 bytes)

GC Heap History (20 events):
Event: 1796.392 GC heap before
{Heap before GC invocations=987 (full 891):
 PSYoungGen      total 57856K, used 29183K [0x00000000f5580000, 0x00000000fc900000, 0x0000000100000000)
  eden space 29184K, 99% used [0x00000000f5580000,0x00000000f71ffff8,0x00000000f7200000)
  from space 28672K, 0% used [0x00000000f9d00000,0x00000000f9d00000,0x00000000fb900000)
  to   space 44032K, 0% used [0x00000000f7200000,0x00000000f7200000,0x00000000f9d00000)
 ParOldGen       total 349696K, used 349696K [0x00000000e0000000, 0x00000000f5580000, 0x00000000f5580000)
  object space 349696K, 100% used [0x00000000e0000000,0x00000000f5580000,0x00000000f5580000)
 Metaspace       used 60455K, committed 61568K, reserved 1105920K
  class space    used 5515K, committed 6016K, reserved 1048576K
}
Event: 1798.201 GC heap after
{Heap after GC invocations=987 (full 891):
 PSYoungGen      total 73216K, used 29183K [0x00000000f5580000, 0x00000000fc900000, 0x0000000100000000)
  eden space 29184K, 99% used [0x00000000f5580000,0x00000000f71ffff8,0x00000000f7200000)
  from space 44032K, 0% used [0x00000000f7200000,0x00000000f7200000,0x00000000f9d00000)
  to   space 28672K, 0% used [0x00000000f9d00000,0x00000000f9d00000,0x00000000fb900000)
 ParOldGen       total 349696K, used 349696K [0x00000000e0000000, 0x00000000f5580000, 0x00000000f5580000)
  object space 349696K, 100% used [0x00000000e0000000,0x00000000f5580000,0x00000000f5580000)
 Metaspace       used 60455K, committed 61568K, reserved 1105920K
  class space    used 5515K, committed 6016K, reserved 1048576K
}
Event: 1798.205 GC heap before
{Heap before GC invocations=988 (full 892):
 PSYoungGen      total 73216K, used 29183K [0x00000000f5580000, 0x00000000fc900000, 0x0000000100000000)
  eden space 29184K, 99% used [0x00000000f5580000,0x00000000f71ffff8,0x00000000f7200000)
  from space 44032K, 0% used [0x00000000f7200000,0x00000000f7200000,0x00000000f9d00000)
  to   space 28672K, 0% used [0x00000000f9d00000,0x00000000f9d00000,0x00000000fb900000)
 ParOldGen       total 349696K, used 349696K [0x00000000e0000000, 0x00000000f5580000, 0x00000000f5580000)
  object space 349696K, 100% used [0x00000000e0000000,0x00000000f5580000,0x00000000f5580000)
 Metaspace       used 60455K, committed 61568K, reserved 1105920K
  class space    used 5515K, committed 6016K, reserved 1048576K
}
Event: 1799.716 GC heap after
{Heap after GC invocations=988 (full 892):
 PSYoungGen      total 57856K, used 29183K [0x00000000f5580000, 0x00000000fc900000, 0x0000000100000000)
  eden space 29184K, 99% used [0x00000000f5580000,0x00000000f71ffff8,0x00000000f7200000)
  from space 28672K, 0% used [0x00000000f9d00000,0x00000000f9d00000,0x00000000fb900000)
  to   space 44032K, 0% used [0x00000000f7200000,0x00000000f7200000,0x00000000f9d00000)
 ParOldGen       total 349696K, used 349695K [0x00000000e0000000, 0x00000000f5580000, 0x00000000f5580000)
  object space 349696K, 99% used [0x00000000e0000000,0x00000000f557ffe0,0x00000000f5580000)
 Metaspace       used 60455K, committed 61568K, reserved 1105920K
  class space    used 5515K, committed 6016K, reserved 1048576K
}
Event: 1799.717 GC heap before
{Heap before GC invocations=989 (full 893):
 PSYoungGen      total 57856K, used 29183K [0x00000000f5580000, 0x00000000fc900000, 0x0000000100000000)
  eden space 29184K, 99% used [0x00000000f5580000,0x00000000f71ffff8,0x00000000f7200000)
  from space 28672K, 0% used [0x00000000f9d00000,0x00000000f9d00000,0x00000000fb900000)
  to   space 44032K, 0% used [0x00000000f7200000,0x00000000f7200000,0x00000000f9d00000)
 ParOldGen       total 349696K, used 349695K [0x00000000e0000000, 0x00000000f5580000, 0x00000000f5580000)
  object space 349696K, 99% used [0x00000000e0000000,0x00000000f557fff8,0x00000000f5580000)
 Metaspace       used 60455K, committed 61568K, reserved 1105920K
  class space    used 5515K, committed 6016K, reserved 1048576K
}
Event: 1801.596 GC heap after
{Heap after GC invocations=989 (full 893):
 PSYoungGen      total 73216K, used 29183K [0x00000000f5580000, 0x00000000fc900000, 0x0000000100000000)
  eden space 29184K, 99% used [0x00000000f5580000,0x00000000f71ffef8,0x00000000f7200000)
  from space 44032K, 0% used [0x00000000f7200000,0x00000000f7200000,0x00000000f9d00000)
  to   space 28672K, 0% used [0x00000000f9d00000,0x00000000f9d00000,0x00000000fb900000)
 ParOldGen       total 349696K, used 349695K [0x00000000e0000000, 0x00000000f5580000, 0x00000000f5580000)
  object space 349696K, 99% used [0x00000000e0000000,0x00000000f557fcf0,0x00000000f5580000)
 Metaspace       used 60455K, committed 61568K, reserved 1105920K
  class space    used 5515K, committed 6016K, reserved 1048576K
}
Event: 1801.596 GC heap before
{Heap before GC invocations=990 (full 894):
 PSYoungGen      total 73216K, used 29183K [0x00000000f5580000, 0x00000000fc900000, 0x0000000100000000)
  eden space 29184K, 99% used [0x00000000f5580000,0x00000000f71ffff8,0x00000000f7200000)
  from space 44032K, 0% used [0x00000000f7200000,0x00000000f7200000,0x00000000f9d00000)
  to   space 28672K, 0% used [0x00000000f9d00000,0x00000000f9d00000,0x00000000fb900000)
 ParOldGen       total 349696K, used 349695K [0x00000000e0000000, 0x00000000f5580000, 0x00000000f5580000)
  object space 349696K, 99% used [0x00000000e0000000,0x00000000f557fcf0,0x00000000f5580000)
 Metaspace       used 60455K, committed 61568K, reserved 1105920K
  class space    used 5515K, committed 6016K, reserved 1048576K
}
Event: 1803.296 GC heap after
{Heap after GC invocations=990 (full 894):
 PSYoungGen      total 57856K, used 29183K [0x00000000f5580000, 0x00000000fc900000, 0x0000000100000000)
  eden space 29184K, 99% used [0x00000000f5580000,0x00000000f71fff58,0x00000000f7200000)
  from space 28672K, 0% used [0x00000000f9d00000,0x00000000f9d00000,0x00000000fb900000)
  to   space 44032K, 0% used [0x00000000f7200000,0x00000000f7200000,0x00000000f9d00000)
 ParOldGen       total 349696K, used 349695K [0x00000000e0000000, 0x00000000f5580000, 0x00000000f5580000)
  object space 349696K, 99% used [0x00000000e0000000,0x00000000f557fcf0,0x00000000f5580000)
 Metaspace       used 60455K, committed 61568K, reserved 1105920K
  class space    used 5515K, committed 6016K, reserved 1048576K
}
Event: 1803.296 GC heap before
{Heap before GC invocations=991 (full 895):
 PSYoungGen      total 57856K, used 29183K [0x00000000f5580000, 0x00000000fc900000, 0x0000000100000000)
  eden space 29184K, 99% used [0x00000000f5580000,0x00000000f71ffff8,0x00000000f7200000)
  from space 28672K, 0% used [0x00000000f9d00000,0x00000000f9d00000,0x00000000fb900000)
  to   space 44032K, 0% used [0x00000000f7200000,0x00000000f7200000,0x00000000f9d00000)
 ParOldGen       total 349696K, used 349695K [0x00000000e0000000, 0x00000000f5580000, 0x00000000f5580000)
  object space 349696K, 99% used [0x00000000e0000000,0x00000000f557fcf0,0x00000000f5580000)
 Metaspace       used 60455K, committed 61568K, reserved 1105920K
  class space    used 5515K, committed 6016K, reserved 1048576K
}
Event: 1805.017 GC heap after
{Heap after GC invocations=991 (full 895):
 PSYoungGen      total 73216K, used 29183K [0x00000000f5580000, 0x00000000fc900000, 0x0000000100000000)
  eden space 29184K, 99% used [0x00000000f5580000,0x00000000f71fff58,0x00000000f7200000)
  from space 44032K, 0% used [0x00000000f7200000,0x00000000f7200000,0x00000000f9d00000)
  to   space 28672K, 0% used [0x00000000f9d00000,0x00000000f9d00000,0x00000000fb900000)
 ParOldGen       total 349696K, used 349695K [0x00000000e0000000, 0x00000000f5580000, 0x00000000f5580000)
  object space 349696K, 99% used [0x00000000e0000000,0x00000000f557fcf0,0x00000000f5580000)
 Metaspace       used 60455K, committed 61568K, reserved 1105920K
  class space    used 5515K, committed 6016K, reserved 1048576K
}
Event: 1805.017 GC heap before
{Heap before GC invocations=992 (full 896):
 PSYoungGen      total 73216K, used 29183K [0x00000000f5580000, 0x00000000fc900000, 0x0000000100000000)
  eden space 29184K, 99% used [0x00000000f5580000,0x00000000f71ffff8,0x00000000f7200000)
  from space 44032K, 0% used [0x00000000f7200000,0x00000000f7200000,0x00000000f9d00000)
  to   space 28672K, 0% used [0x00000000f9d00000,0x00000000f9d00000,0x00000000fb900000)
 ParOldGen       total 349696K, used 349695K [0x00000000e0000000, 0x00000000f5580000, 0x00000000f5580000)
  object space 349696K, 99% used [0x00000000e0000000,0x00000000f557fcf0,0x00000000f5580000)
 Metaspace       used 60455K, committed 61568K, reserved 1105920K
  class space    used 5515K, committed 6016K, reserved 1048576K
}
Event: 1806.963 GC heap after
{Heap after GC invocations=992 (full 896):
 PSYoungGen      total 57856K, used 29183K [0x00000000f5580000, 0x00000000fc900000, 0x0000000100000000)
  eden space 29184K, 99% used [0x00000000f5580000,0x00000000f71fff58,0x00000000f7200000)
  from space 28672K, 0% used [0x00000000f9d00000,0x00000000f9d00000,0x00000000fb900000)
  to   space 44032K, 0% used [0x00000000f7200000,0x00000000f7200000,0x00000000f9d00000)
 ParOldGen       total 349696K, used 349695K [0x00000000e0000000, 0x00000000f5580000, 0x00000000f5580000)
  object space 349696K, 99% used [0x00000000e0000000,0x00000000f557fcf0,0x00000000f5580000)
 Metaspace       used 60455K, committed 61568K, reserved 1105920K
  class space    used 5515K, committed 6016K, reserved 1048576K
}
Event: 1806.963 GC heap before
{Heap before GC invocations=993 (full 897):
 PSYoungGen      total 57856K, used 29183K [0x00000000f5580000, 0x00000000fc900000, 0x0000000100000000)
  eden space 29184K, 99% used [0x00000000f5580000,0x00000000f71ffff8,0x00000000f7200000)
  from space 28672K, 0% used [0x00000000f9d00000,0x00000000f9d00000,0x00000000fb900000)
  to   space 44032K, 0% used [0x00000000f7200000,0x00000000f7200000,0x00000000f9d00000)
 ParOldGen       total 349696K, used 349695K [0x00000000e0000000, 0x00000000f5580000, 0x00000000f5580000)
  object space 349696K, 99% used [0x00000000e0000000,0x00000000f557fcf0,0x00000000f5580000)
 Metaspace       used 60455K, committed 61568K, reserved 1105920K
  class space    used 5515K, committed 6016K, reserved 1048576K
}
Event: 1808.918 GC heap after
{Heap after GC invocations=993 (full 897):
 PSYoungGen      total 73216K, used 29183K [0x00000000f5580000, 0x00000000fc900000, 0x0000000100000000)
  eden space 29184K, 99% used [0x00000000f5580000,0x00000000f71fff58,0x00000000f7200000)
  from space 44032K, 0% used [0x00000000f7200000,0x00000000f7200000,0x00000000f9d00000)
  to   space 28672K, 0% used [0x00000000f9d00000,0x00000000f9d00000,0x00000000fb900000)
 ParOldGen       total 349696K, used 349695K [0x00000000e0000000, 0x00000000f5580000, 0x00000000f5580000)
  object space 349696K, 99% used [0x00000000e0000000,0x00000000f557fcf0,0x00000000f5580000)
 Metaspace       used 60455K, committed 61568K, reserved 1105920K
  class space    used 5515K, committed 6016K, reserved 1048576K
}
Event: 1808.918 GC heap before
{Heap before GC invocations=994 (full 898):
 PSYoungGen      total 73216K, used 29183K [0x00000000f5580000, 0x00000000fc900000, 0x0000000100000000)
  eden space 29184K, 99% used [0x00000000f5580000,0x00000000f71ffff8,0x00000000f7200000)
  from space 44032K, 0% used [0x00000000f7200000,0x00000000f7200000,0x00000000f9d00000)
  to   space 28672K, 0% used [0x00000000f9d00000,0x00000000f9d00000,0x00000000fb900000)
 ParOldGen       total 349696K, used 349695K [0x00000000e0000000, 0x00000000f5580000, 0x00000000f5580000)
  object space 349696K, 99% used [0x00000000e0000000,0x00000000f557fcf0,0x00000000f5580000)
 Metaspace       used 60455K, committed 61568K, reserved 1105920K
  class space    used 5515K, committed 6016K, reserved 1048576K
}
Event: 1811.022 GC heap after
{Heap after GC invocations=994 (full 898):
 PSYoungGen      total 57856K, used 29183K [0x00000000f5580000, 0x00000000fc900000, 0x0000000100000000)
  eden space 29184K, 99% used [0x00000000f5580000,0x00000000f71fff58,0x00000000f7200000)
  from space 28672K, 0% used [0x00000000f9d00000,0x00000000f9d00000,0x00000000fb900000)
  to   space 44032K, 0% used [0x00000000f7200000,0x00000000f7200000,0x00000000f9d00000)
 ParOldGen       total 349696K, used 349695K [0x00000000e0000000, 0x00000000f5580000, 0x00000000f5580000)
  object space 349696K, 99% used [0x00000000e0000000,0x00000000f557fcf0,0x00000000f5580000)
 Metaspace       used 60455K, committed 61568K, reserved 1105920K
  class space    used 5515K, committed 6016K, reserved 1048576K
}
Event: 1811.022 GC heap before
{Heap before GC invocations=995 (full 899):
 PSYoungGen      total 57856K, used 29183K [0x00000000f5580000, 0x00000000fc900000, 0x0000000100000000)
  eden space 29184K, 99% used [0x00000000f5580000,0x00000000f71fffb0,0x00000000f7200000)
  from space 28672K, 0% used [0x00000000f9d00000,0x00000000f9d00000,0x00000000fb900000)
  to   space 44032K, 0% used [0x00000000f7200000,0x00000000f7200000,0x00000000f9d00000)
 ParOldGen       total 349696K, used 349695K [0x00000000e0000000, 0x00000000f5580000, 0x00000000f5580000)
  object space 349696K, 99% used [0x00000000e0000000,0x00000000f557fcf0,0x00000000f5580000)
 Metaspace       used 60455K, committed 61568K, reserved 1105920K
  class space    used 5515K, committed 6016K, reserved 1048576K
}
Event: 1812.933 GC heap after
{Heap after GC invocations=995 (full 899):
 PSYoungGen      total 73216K, used 29183K [0x00000000f5580000, 0x00000000fc900000, 0x0000000100000000)
  eden space 29184K, 99% used [0x00000000f5580000,0x00000000f71fff70,0x00000000f7200000)
  from space 44032K, 0% used [0x00000000f7200000,0x00000000f7200000,0x00000000f9d00000)
  to   space 28672K, 0% used [0x00000000f9d00000,0x00000000f9d00000,0x00000000fb900000)
 ParOldGen       total 349696K, used 349695K [0x00000000e0000000, 0x00000000f5580000, 0x00000000f5580000)
  object space 349696K, 99% used [0x00000000e0000000,0x00000000f557fcf0,0x00000000f5580000)
 Metaspace       used 60455K, committed 61568K, reserved 1105920K
  class space    used 5515K, committed 6016K, reserved 1048576K
}
Event: 1812.933 GC heap before
{Heap before GC invocations=996 (full 900):
 PSYoungGen      total 73216K, used 29183K [0x00000000f5580000, 0x00000000fc900000, 0x0000000100000000)
  eden space 29184K, 99% used [0x00000000f5580000,0x00000000f71fff70,0x00000000f7200000)
  from space 44032K, 0% used [0x00000000f7200000,0x00000000f7200000,0x00000000f9d00000)
  to   space 28672K, 0% used [0x00000000f9d00000,0x00000000f9d00000,0x00000000fb900000)
 ParOldGen       total 349696K, used 349695K [0x00000000e0000000, 0x00000000f5580000, 0x00000000f5580000)
  object space 349696K, 99% used [0x00000000e0000000,0x00000000f557fcf0,0x00000000f5580000)
 Metaspace       used 60455K, committed 61568K, reserved 1105920K
  class space    used 5515K, committed 6016K, reserved 1048576K
}
Event: 1814.824 GC heap after
{Heap after GC invocations=996 (full 900):
 PSYoungGen      total 57856K, used 29183K [0x00000000f5580000, 0x00000000fc900000, 0x0000000100000000)
  eden space 29184K, 99% used [0x00000000f5580000,0x00000000f71fff70,0x00000000f7200000)
  from space 28672K, 0% used [0x00000000f9d00000,0x00000000f9d00000,0x00000000fb900000)
  to   space 44032K, 0% used [0x00000000f7200000,0x00000000f7200000,0x00000000f9d00000)
 ParOldGen       total 349696K, used 349695K [0x00000000e0000000, 0x00000000f5580000, 0x00000000f5580000)
  object space 349696K, 99% used [0x00000000e0000000,0x00000000f557fcf0,0x00000000f5580000)
 Metaspace       used 60455K, committed 61568K, reserved 1105920K
  class space    used 5515K, committed 6016K, reserved 1048576K
}

Dll operation events (10 events):
Event: 0.003 Loaded shared library /nix/store/gpxl5qgg8kicmcvivwmybwjlpf7wh20l-graalvm17-ce-22.3.0/lib/libjava.so
Event: 0.015 Loaded shared library /nix/store/gpxl5qgg8kicmcvivwmybwjlpf7wh20l-graalvm17-ce-22.3.0/lib/libjsvml.so
Event: 0.290 Loaded shared library /nix/store/gpxl5qgg8kicmcvivwmybwjlpf7wh20l-graalvm17-ce-22.3.0/lib/libnio.so
Event: 0.302 Loaded shared library /nix/store/gpxl5qgg8kicmcvivwmybwjlpf7wh20l-graalvm17-ce-22.3.0/lib/libzip.so
Event: 0.307 Loaded shared library /nix/store/gpxl5qgg8kicmcvivwmybwjlpf7wh20l-graalvm17-ce-22.3.0/lib/libjvmcicompiler.so
Event: 0.798 Loaded shared library /nix/store/gpxl5qgg8kicmcvivwmybwjlpf7wh20l-graalvm17-ce-22.3.0/lib/libjimage.so
Event: 2.988 Loaded shared library /nix/store/gpxl5qgg8kicmcvivwmybwjlpf7wh20l-graalvm17-ce-22.3.0/lib/libnet.so
Event: 4.696 Loaded shared library /home/runner/JavaCourseTHS-CS/.cache/jdt-language-server/config/org.eclipse.equinox.launcher/org.eclipse.equinox.launcher.gtk.linux.x86_64_1.2.400.v20211117-0650/eclipse_11600.so
Event: 19.797 Loaded shared library /nix/store/gpxl5qgg8kicmcvivwmybwjlpf7wh20l-graalvm17-ce-22.3.0/lib/libmanagement.so
Event: 19.813 Loaded shared library /nix/store/gpxl5qgg8kicmcvivwmybwjlpf7wh20l-graalvm17-ce-22.3.0/lib/libmanagement_ext.so

Deoptimization events (20 events):
Event: 183.944 Thread 0x0000796b903e0200 DEOPT PACKING pc=0x0000796b77b5a170 sp=0x0000796b3c8fd5a0
Event: 183.944 Thread 0x0000796b903e0200 DEOPT UNPACKING pc=0x0000796b77505325 sp=0x0000796b3c8fcab8 mode 0
Event: 1761.602 Thread 0x0000796b2468ab30 Uncommon trap: trap_request=0xffffff8f fr.pc=0x0000796b7f265c11 relative=0x00000000000011d1
Event: 1761.603 Thread 0x0000796b2468ab30 Uncommon trap: reason=constraint action=none pc=0x0000796b7f265c11 method=org.eclipse.jdt.internal.core.index.DiskIndex.copyQueryResults(Lorg/eclipse/jdt/internal/compiler/util/HashtableOfObject;I)V @ 123 jvmci
Event: 1761.603 Thread 0x0000796b2468ab30 DEOPT PACKING pc=0x0000796b7f265c11 sp=0x0000796b3cbfe530
Event: 1761.603 Thread 0x0000796b2468ab30 DEOPT UNPACKING pc=0x0000796b77505325 sp=0x0000796b3cbfda28 mode 3
Event: 1785.528 Thread 0x0000796b143dfb40 Uncommon trap: trap_request=0xffffff8f fr.pc=0x0000796b7f04eb77 relative=0x00000000000000d7
Event: 1785.528 Thread 0x0000796b143dfb40 Uncommon trap: reason=constraint action=none pc=0x0000796b7f04eb77 method=java.util.ArrayList.iterator()Ljava/util/Iterator; @ 0 jvmci
Event: 1789.222 Thread 0x0000796b143dfb40 DEOPT PACKING pc=0x0000796b7f04eb77 sp=0x0000796b3c7fde10
Event: 1789.222 Thread 0x0000796b143dfb40 DEOPT UNPACKING pc=0x0000796b77505325 sp=0x0000796b3c7fd2b0 mode 3
Event: 1789.223 Thread 0x0000796b140ce3d0 Uncommon trap: trap_request=0xffffff8f fr.pc=0x0000796b7f1a2358 relative=0x0000000000000538
Event: 1789.223 Thread 0x0000796b140ce3d0 Uncommon trap: reason=constraint action=none pc=0x0000796b7f1a2358 method=org.eclipse.jdt.core.compiler.CharOperation.concatWith([[CC)[C @ 59 jvmci
Event: 1789.223 Thread 0x0000796b140ce3d0 DEOPT PACKING pc=0x0000796b7f1a2358 sp=0x0000796b3c1fd360
Event: 1789.223 Thread 0x0000796b140ce3d0 DEOPT UNPACKING pc=0x0000796b77505325 sp=0x0000796b3c1fc808 mode 3
Event: 1794.705 Thread 0x0000796b2468ab30 Uncommon trap: trap_request=0xffffff8f fr.pc=0x0000796b7f25ff94 relative=0x0000000000000274
Event: 1794.705 Thread 0x0000796b2468ab30 Uncommon trap: reason=constraint action=none pc=0x0000796b7f25ff94 method=org.eclipse.jdt.internal.core.index.DiskIndex$IntList.add(I)V @ 0 jvmci
Event: 1798.201 Thread 0x0000796b2468ab30 DEOPT PACKING pc=0x0000796b7f25ff94 sp=0x0000796b3cbfe500
Event: 1798.201 Thread 0x0000796b2468ab30 DEOPT UNPACKING pc=0x0000796b77505325 sp=0x0000796b3cbfd9b0 mode 3
Event: 1799.717 Thread 0x0000796b143dfb40 DEOPT PACKING pc=0x0000796b7f069f74 sp=0x0000796b3c7fde30
Event: 1799.717 Thread 0x0000796b143dfb40 DEOPT UNPACKING pc=0x0000796b77505325 sp=0x0000796b3c7fd258 mode 1

Classes unloaded (20 events):
Event: 162.807 Thread 0x0000796b900a13c0 Unloading class 0x0000000800fc3000 'jdk/internal/reflect/GeneratedSerializationConstructorAccessor30'
Event: 176.392 Thread 0x0000796b900a13c0 Unloading class 0x0000000801125400 'jdk/internal/reflect/GeneratedMethodAccessor13'
Event: 176.392 Thread 0x0000796b900a13c0 Unloading class 0x0000000801125000 'jdk/internal/reflect/GeneratedMethodAccessor12'
Event: 176.392 Thread 0x0000796b900a13c0 Unloading class 0x0000000801118000 'jdk/internal/reflect/GeneratedMethodAccessor10'
Event: 189.895 Thread 0x0000796b900a13c0 Unloading class 0x0000000800e27000 'jdk/internal/reflect/GeneratedMethodAccessor8'
Event: 189.895 Thread 0x0000796b900a13c0 Unloading class 0x0000000800e26c00 'jdk/internal/reflect/GeneratedMethodAccessor7'
Event: 196.615 Thread 0x0000796b900a13c0 Unloading class 0x0000000800db0800 'java/lang/invoke/LambdaForm$MH+0x0000000800db0800'
Event: 196.615 Thread 0x0000796b900a13c0 Unloading class 0x0000000800d94800 'java/lang/invoke/LambdaForm$MH+0x0000000800d94800'
Event: 196.615 Thread 0x0000796b900a13c0 Unloading class 0x0000000800d94400 'java/lang/invoke/LambdaForm$MH+0x0000000800d94400'
Event: 196.615 Thread 0x0000796b900a13c0 Unloading class 0x0000000800d94000 'java/lang/invoke/LambdaForm$MH+0x0000000800d94000'
Event: 196.615 Thread 0x0000796b900a13c0 Unloading class 0x0000000800d8cc00 'java/lang/invoke/LambdaForm$MH+0x0000000800d8cc00'
Event: 196.615 Thread 0x0000796b900a13c0 Unloading class 0x0000000800d8c800 'java/lang/invoke/LambdaForm$MH+0x0000000800d8c800'
Event: 196.615 Thread 0x0000796b900a13c0 Unloading class 0x0000000800d8c400 'java/lang/invoke/LambdaForm$MH+0x0000000800d8c400'
Event: 251.128 Thread 0x0000796b900a13c0 Unloading class 0x00000008011d9400 'jdk/internal/reflect/GeneratedMethodAccessor21'
Event: 251.128 Thread 0x0000796b900a13c0 Unloading class 0x00000008011d9000 'jdk/internal/reflect/GeneratedMethodAccessor20'
Event: 251.128 Thread 0x0000796b900a13c0 Unloading class 0x00000008011d8c00 'jdk/internal/reflect/GeneratedMethodAccessor19'
Event: 251.128 Thread 0x0000796b900a13c0 Unloading class 0x00000008011d8800 'jdk/internal/reflect/GeneratedMethodAccessor18'
Event: 251.128 Thread 0x0000796b900a13c0 Unloading class 0x00000008011d1000 'jdk/internal/reflect/GeneratedMethodAccessor16'
Event: 251.128 Thread 0x0000796b900a13c0 Unloading class 0x0000000801118400 'jdk/internal/reflect/GeneratedMethodAccessor11'
Event: 335.412 Thread 0x0000796b900a13c0 Unloading class 0x0000000800d8c000 'jdk/internal/reflect/GeneratedConstructorAccessor3'

Classes redefined (0 events):
No events

Internal exceptions (20 events):
Event: 95.198 Thread 0x0000796b081a8ce0 Exception <a 'java/lang/ArrayIndexOutOfBoundsException'{0x00000000f5ccdfb0}> (0x00000000f5ccdfb0) 
thrown [src/hotspot/share/runtime/sharedRuntime.cpp, line 628]
Event: 101.304 Thread 0x0000796b0819d5b0 Exception <a 'java/lang/ArrayIndexOutOfBoundsException'{0x00000000f58dce58}> (0x00000000f58dce58) 
thrown [src/hotspot/share/runtime/sharedRuntime.cpp, line 628]
Event: 101.497 Thread 0x0000796b081a73f0 Exception <a 'java/lang/ArrayIndexOutOfBoundsException'{0x00000000f5e4d0f0}> (0x00000000f5e4d0f0) 
thrown [src/hotspot/share/runtime/sharedRuntime.cpp, line 628]
Event: 110.801 Thread 0x0000796b0819d5b0 Exception <a 'java/lang/ArrayIndexOutOfBoundsException'{0x00000000f696bfe0}> (0x00000000f696bfe0) 
thrown [src/hotspot/share/runtime/sharedRuntime.cpp, line 628]
Event: 111.008 Thread 0x0000796b0819d5b0 Exception <a 'java/lang/ArrayIndexOutOfBoundsException'{0x00000000f6c277d0}> (0x00000000f6c277d0) 
thrown [src/hotspot/share/runtime/sharedRuntime.cpp, line 628]
Event: 111.009 Thread 0x0000796b0819d5b0 Exception <a 'java/lang/ArrayIndexOutOfBoundsException'{0x00000000f6c29fd0}> (0x00000000f6c29fd0) 
thrown [src/hotspot/share/runtime/sharedRuntime.cpp, line 628]
Event: 111.009 Thread 0x0000796b0819d5b0 Exception <a 'java/lang/ArrayIndexOutOfBoundsException'{0x00000000f6c2a2f8}> (0x00000000f6c2a2f8) 
thrown [src/hotspot/share/runtime/sharedRuntime.cpp, line 628]
Event: 111.298 Thread 0x0000796b0819d5b0 Implicit null exception at 0x0000796b7f176eb5 to 0x0000796b7f176f26
Event: 193.102 Thread 0x0000796b08128860 Exception <a 'java/lang/ArrayIndexOutOfBoundsException'{0x00000000f71eb970}> (0x00000000f71eb970) 
thrown [src/hotspot/share/runtime/sharedRuntime.cpp, line 628]
Event: 1761.602 Thread 0x0000796b2468ab30 Exception <a 'java/lang/OutOfMemoryError'{0x00000000e00bd4d0}> (0x00000000e00bd4d0) 
thrown [src/hotspot/share/gc/shared/memAllocator.cpp, line 138]
Event: 1761.602 Thread 0x0000796b2468ab30 Implicit null exception at 0x0000796b7f265664 to 0x0000796b7f265bf6
Event: 1774.491 Thread 0x0000796b143dfb40 Exception <a 'java/lang/OutOfMemoryError'{0x00000000e00bc990}> (0x00000000e00bc990) 
thrown [src/hotspot/share/gc/shared/memAllocator.cpp, line 136]
Event: 1785.528 Thread 0x0000796b143dfb40 Exception <a 'java/lang/OutOfMemoryError'{0x00000000e00bcc60}> (0x00000000e00bcc60) 
thrown [src/hotspot/share/gc/shared/memAllocator.cpp, line 138]
Event: 1785.528 Thread 0x0000796b143dfb40 Implicit null exception at 0x0000796b7f04eb58 to 0x0000796b7f04eb5c
Event: 1789.223 Thread 0x0000796b140ce3d0 Exception <a 'java/lang/OutOfMemoryError'{0x00000000e00bcc60}> (0x00000000e00bcc60) 
thrown [src/hotspot/share/gc/shared/memAllocator.cpp, line 138]
Event: 1789.223 Thread 0x0000796b140ce3d0 Implicit null exception at 0x0000796b7f1a2136 to 0x0000796b7f1a233d
Event: 1794.705 Thread 0x0000796b2468ab30 Exception <a 'java/lang/OutOfMemoryError'{0x00000000e00bcc60}> (0x00000000e00bcc60) 
thrown [src/hotspot/share/gc/shared/memAllocator.cpp, line 138]
Event: 1794.705 Thread 0x0000796b2468ab30 Implicit null exception at 0x0000796b7f25feed to 0x0000796b7f25ff79
Event: 1798.201 Thread 0x0000796b143dfb40 Exception <a 'java/lang/OutOfMemoryError'{0x00000000e00bcf80}> (0x00000000e00bcf80) 
thrown [src/hotspot/share/gc/shared/memAllocator.cpp, line 136]
Event: 1814.824 Thread 0x0000796b900b1990 Exception <a 'java/lang/OutOfMemoryError'{0x00000000e00bccb0}> (0x00000000e00bccb0) 
thrown [src/hotspot/share/gc/shared/memAllocator.cpp, line 136]

VM Operations (20 events):
Event: 1791.029 Executing VM operation: ParallelGCFailedAllocation
Event: 1794.705 Executing VM operation: ParallelGCFailedAllocation done
Event: 1794.705 Executing VM operation: ParallelGCFailedAllocation
Event: 1798.201 Executing VM operation: ParallelGCFailedAllocation done
Event: 1798.201 Executing VM operation: ParallelGCFailedAllocation
Event: 1799.716 Executing VM operation: ParallelGCFailedAllocation done
Event: 1799.717 Executing VM operation: ParallelGCFailedAllocation
Event: 1801.596 Executing VM operation: ParallelGCFailedAllocation done
Event: 1801.596 Executing VM operation: ParallelGCFailedAllocation
Event: 1803.296 Executing VM operation: ParallelGCFailedAllocation done
Event: 1803.296 Executing VM operation: ParallelGCFailedAllocation
Event: 1805.017 Executing VM operation: ParallelGCFailedAllocation done
Event: 1805.017 Executing VM operation: ParallelGCFailedAllocation
Event: 1806.963 Executing VM operation: ParallelGCFailedAllocation done
Event: 1806.963 Executing VM operation: ParallelGCFailedAllocation
Event: 1808.918 Executing VM operation: ParallelGCFailedAllocation done
Event: 1808.918 Executing VM operation: ParallelGCFailedAllocation
Event: 1811.022 Executing VM operation: ParallelGCFailedAllocation done
Event: 1811.022 Executing VM operation: ParallelGCFailedAllocation
Event: 1814.824 Executing VM operation: ParallelGCFailedAllocation done

Events (20 events):
Event: 135.085 Thread 0x0000796b081248e0 Thread added: 0x0000796b081248e0
Event: 135.091 Protecting memory [0x0000796b3d000000,0x0000796b3d004000] with protection modes 0
Event: 137.512 Thread 0x0000796b08125980 Thread added: 0x0000796b08125980
Event: 137.593 Protecting memory [0x0000796b3ce00000,0x0000796b3ce04000] with protection modes 0
Event: 139.644 Thread 0x0000796b08125980 Thread exited: 0x0000796b08125980
Event: 139.703 Thread 0x0000796b08125980 Thread added: 0x0000796b08125980
Event: 139.706 Protecting memory [0x0000796b3ce00000,0x0000796b3ce04000] with protection modes 0
Event: 149.309 Thread 0x0000796b08126b10 Thread added: 0x0000796b08126b10
Event: 149.314 Protecting memory [0x0000796b3cc00000,0x0000796b3cc04000] with protection modes 0
Event: 156.600 Thread 0x0000796b08127a50 Thread added: 0x0000796b08127a50
Event: 156.609 Protecting memory [0x0000796b3ca00000,0x0000796b3ca04000] with protection modes 0
Event: 168.399 Thread 0x0000796b08128860 Thread added: 0x0000796b08128860
Event: 168.400 Protecting memory [0x0000796b3c600000,0x0000796b3c604000] with protection modes 0
Event: 172.932 Thread 0x0000796b08129bd0 Thread added: 0x0000796b08129bd0
Event: 172.933 Protecting memory [0x0000796b3c400000,0x0000796b3c404000] with protection modes 0
Event: 175.091 Thread 0x0000796b08128860 Thread exited: 0x0000796b08128860
Event: 188.452 Thread 0x0000796b08128860 Thread added: 0x0000796b08128860
Event: 188.454 Protecting memory [0x0000796b3c600000,0x0000796b3c604000] with protection modes 0
Event: 261.330 Thread 0x0000796b18000ff0 Thread exited: 0x0000796b18000ff0
Event: 944.620 Thread 0x0000796b08128860 Thread exited: 0x0000796b08128860


Dynamic libraries:
e0000000-f4e00000 rw-p 00000000 00:00 0 
f4e00000-fc900000 rw-p 00000000 00:00 0 
fc900000-100000000 ---p 00000000 00:00 0 
800000000-800449000 rw-p 00001000 08:10 707969865                        /nix/store/gpxl5qgg8kicmcvivwmybwjlpf7wh20l-graalvm17-ce-22.3.0/lib/server/classes.jsa
800449000-800bc8000 r--p 0044a000 08:10 707969865                        /nix/store/gpxl5qgg8kicmcvivwmybwjlpf7wh20l-graalvm17-ce-22.3.0/lib/server/classes.jsa
800bc8000-800c00000 ---p 00000000 00:00 0 
800c00000-800c10000 rw-p 00000000 00:00 0 
800c10000-800c30000 rw-p 00000000 00:00 0 
800c30000-800cb0000 rw-p 00000000 00:00 0 
800cb0000-800cf0000 rw-p 00000000 00:00 0 
800cf0000-800db0000 rw-p 00000000 00:00 0 
800db0000-800df0000 rw-p 00000000 00:00 0 
800df0000-801030000 rw-p 00000000 00:00 0 
801030000-801060000 rw-p 00000000 00:00 0 
801060000-801080000 ---p 00000000 00:00 0 
801080000-801200000 rw-p 00000000 00:00 0 
801200000-840c00000 ---p 00000000 00:00 0 
565bb8b28000-565bb8b29000 r-xp 00000000 08:10 672029940                  /nix/store/gpxl5qgg8kicmcvivwmybwjlpf7wh20l-graalvm17-ce-22.3.0/bin/.java-wrapped
565bb8b2a000-565bb8b2b000 r--p 00001000 08:10 672029940                  /nix/store/gpxl5qgg8kicmcvivwmybwjlpf7wh20l-graalvm17-ce-22.3.0/bin/.java-wrapped
565bb8b2b000-565bb8b2c000 rw-p 00002000 08:10 672029940                  /nix/store/gpxl5qgg8kicmcvivwmybwjlpf7wh20l-graalvm17-ce-22.3.0/bin/.java-wrapped
565bb8b2c000-565bb8b2d000 rw-p 00004000 08:10 672029940                  /nix/store/gpxl5qgg8kicmcvivwmybwjlpf7wh20l-graalvm17-ce-22.3.0/bin/.java-wrapped
565bb8b2d000-565bb8b2e000 rw-p 00005000 08:10 672029940                  /nix/store/gpxl5qgg8kicmcvivwmybwjlpf7wh20l-graalvm17-ce-22.3.0/bin/.java-wrapped
565bba172000-565bba1ba000 rw-p 00000000 00:00 0                          [heap]
796ab4000000-796ab4021000 rw-p 00000000 00:00 0 
796ab4021000-796ab8000000 ---p 00000000 00:00 0 
796abc000000-796abc021000 rw-p 00000000 00:00 0 
796abc021000-796ac0000000 ---p 00000000 00:00 0 
796ac0000000-796ac0021000 rw-p 00000000 00:00 0 
796ac0021000-796ac4000000 ---p 00000000 00:00 0 
796ac4000000-796ac4021000 rw-p 00000000 00:00 0 
796ac4021000-796ac8000000 ---p 00000000 00:00 0 
796ac8000000-796ac8021000 rw-p 00000000 00:00 0 
796ac8021000-796acc000000 ---p 00000000 00:00 0 
796acc000000-796acc021000 rw-p 00000000 00:00 0 
796acc021000-796ad0000000 ---p 00000000 00:00 0 
796ad0000000-796ad0021000 rw-p 00000000 00:00 0 
796ad0021000-796ad4000000 ---p 00000000 00:00 0 
796ad4000000-796ad4021000 rw-p 00000000 00:00 0 
796ad4021000-796ad8000000 ---p 00000000 00:00 0 
796ad8000000-796ad8021000 rw-p 00000000 00:00 0 
796ad8021000-796adc000000 ---p 00000000 00:00 0 
796adc000000-796adc046000 rw-p 00000000 00:00 0 
796adc046000-796ae0000000 ---p 00000000 00:00 0 
796ae0000000-796ae0021000 rw-p 00000000 00:00 0 
796ae0021000-796ae4000000 ---p 00000000 00:00 0 
796ae4000000-796ae4021000 rw-p 00000000 00:00 0 
796ae4021000-796ae8000000 ---p 00000000 00:00 0 
796ae8000000-796ae8041000 rw-p 00000000 00:00 0 
796ae8041000-796aec000000 ---p 00000000 00:00 0 
796aec000000-796aec0ca000 rw-p 00000000 00:00 0 
796aec0ca000-796af0000000 ---p 00000000 00:00 0 
796af24b3000-796afc000000 r--s 00000000 08:10 707804677                  /nix/store/gpxl5qgg8kicmcvivwmybwjlpf7wh20l-graalvm17-ce-22.3.0/lib/modules
796afc000000-796afc02d000 rw-p 00000000 00:00 0 
796afc02d000-796b00000000 ---p 00000000 00:00 0 
796b01800000-796b01d70000 rw-p 00000000 00:00 0 
796b01d70000-796b01db0000 rw-p 00000000 00:00 0 
796b01db0000-796b01e00000 ---p 00000000 00:00 0 
796b01e00000-796b01e90000 rw-p 00000000 00:00 0 
796b01e90000-796b02000000 ---p 00000000 00:00 0 
796b02800000-796b02ff0000 rw-p 00000000 00:00 0 
796b02ff0000-796b032f0000 rw-p 00000000 00:00 0 
796b032f0000-796b033f0000 rw-p 00000000 00:00 0 
796b033f0000-796b03530000 rw-p 00000000 00:00 0 
796b03530000-796b037f0000 rw-p 00000000 00:00 0 
796b037f0000-796b038f0000 rw-p 00000000 00:00 0 
796b038f0000-796b039f0000 rw-p 00000000 00:00 0 
796b039f0000-796b04000000 rw-p 00000000 00:00 0 
796b04000000-796b04021000 rw-p 00000000 00:00 0 
796b04021000-796b08000000 ---p 00000000 00:00 0 
796b08000000-796b08257000 rw-p 00000000 00:00 0 
796b08257000-796b0c000000 ---p 00000000 00:00 0 
796b0c000000-796b0c327000 rw-p 00000000 00:00 0 
796b0c327000-796b10000000 ---p 00000000 00:00 0 
796b10000000-796b10021000 rw-p 00000000 00:00 0 
796b10021000-796b14000000 ---p 00000000 00:00 0 
796b14000000-796b14539000 rw-p 00000000 00:00 0 
796b14539000-796b18000000 ---p 00000000 00:00 0 
796b18000000-796b181a1000 rw-p 00000000 00:00 0 
796b181a1000-796b1c000000 ---p 00000000 00:00 0 
796b1c000000-796b1c021000 rw-p 00000000 00:00 0 
796b1c021000-796b20000000 ---p 00000000 00:00 0 
796b20000000-796b20021000 rw-p 00000000 00:00 0 
796b20021000-796b24000000 ---p 00000000 00:00 0 
796b24000000-796b248e9000 rw-p 00000000 00:00 0 
796b248e9000-796b28000000 ---p 00000000 00:00 0 
796b28000000-796b28021000 rw-p 00000000 00:00 0 
796b28021000-796b2c000000 ---p 00000000 00:00 0 
796b2c000000-796b2c021000 rw-p 00000000 00:00 0 
796b2c021000-796b30000000 ---p 00000000 00:00 0 
796b30000000-796b30021000 rw-p 00000000 00:00 0 
796b30021000-796b34000000 ---p 00000000 00:00 0 
796b34000000-796b34021000 rw-p 00000000 00:00 0 
796b34021000-796b38000000 ---p 00000000 00:00 0 
796b39000000-796b39170000 rw-p 00000000 00:00 0 
796b39170000-796b391f0000 rw-p 00000000 00:00 0 
796b391f0000-796b39370000 rw-p 00000000 00:00 0 
796b39370000-796b393f0000 rw-p 00000000 00:00 0 
796b393f0000-796b397f0000 rw-p 00000000 00:00 0 
796b397f0000-796b39800000 rw-p 00000000 00:00 0 
796b39c00000-796b39cf0000 rw-p 00000000 00:00 0 
796b39cf0000-796b39df0000 rw-p 00000000 00:00 0 
796b39df0000-796b3a400000 rw-p 00000000 00:00 0 
796b3a400000-796b3a410000 r-xp 00000000 00:d0c 310                       /home/runner/JavaCourseTHS-CS/.cache/jdt-language-server/config/org.eclipse.equinox.launcher/org.eclipse.equinox.launcher.gtk.linux.x86_64_1.2.400.v20211117-0650/eclipse_11600.so
796b3a410000-796b3a60f000 ---p 00010000 00:d0c 310                       /home/runner/JavaCourseTHS-CS/.cache/jdt-language-server/config/org.eclipse.equinox.launcher/org.eclipse.equinox.launcher.gtk.linux.x86_64_1.2.400.v20211117-0650/eclipse_11600.so
796b3a60f000-796b3a610000 r--p 0000f000 00:d0c 310                       /home/runner/JavaCourseTHS-CS/.cache/jdt-language-server/config/org.eclipse.equinox.launcher/org.eclipse.equinox.launcher.gtk.linux.x86_64_1.2.400.v20211117-0650/eclipse_11600.so
796b3a610000-796b3a611000 rw-p 00010000 00:d0c 310                       /home/runner/JavaCourseTHS-CS/.cache/jdt-language-server/config/org.eclipse.equinox.launcher/org.eclipse.equinox.launcher.gtk.linux.x86_64_1.2.400.v20211117-0650/eclipse_11600.so
796b3ab00000-796b3ac00000 ---p 00000000 00:00 0 
796b3ac00000-796b3b1af000 r--p 01122000 08:10 707802136                  /nix/store/gpxl5qgg8kicmcvivwmybwjlpf7wh20l-graalvm17-ce-22.3.0/lib/libjvmcicompiler.so
796b3b1af000-796b3b300000 r--p 00000000 00:00 0 
796b3b300000-796b3b33d000 rw-p 00000000 00:00 0 
796b3b33d000-796b3b85d000 rw-p 0185f000 08:10 707802136                  /nix/store/gpxl5qgg8kicmcvivwmybwjlpf7wh20l-graalvm17-ce-22.3.0/lib/libjvmcicompiler.so
796b3b85d000-796b3bc44000 r--p 01d7f000 08:10 707802136                  /nix/store/gpxl5qgg8kicmcvivwmybwjlpf7wh20l-graalvm17-ce-22.3.0/lib/libjvmcicompiler.so
796b3bd00000-796b3bd04000 ---p 00000000 00:00 0 
796b3bd04000-796b3be00000 rw-p 00000000 00:00 0 
796b3bf00000-796b3bf04000 ---p 00000000 00:00 0 
796b3bf04000-796b3c000000 rw-p 00000000 00:00 0 
796b3c100000-796b3c104000 ---p 00000000 00:00 0 
796b3c104000-796b3c200000 rw-p 00000000 00:00 0 
796b3c300000-796b3c304000 ---p 00000000 00:00 0 
796b3c304000-796b3c400000 rw-p 00000000 00:00 0 
796b3c400000-796b3c404000 ---p 00000000 00:00 0 
796b3c404000-796b3c500000 rw-p 00000000 00:00 0 
796b3c500000-796b3c504000 ---p 00000000 00:00 0 
796b3c504000-796b3c600000 rw-p 00000000 00:00 0 
796b3c600000-796b3c604000 ---p 00000000 00:00 0 
796b3c604000-796b3c700000 rw-p 00000000 00:00 0 
796b3c700000-796b3c704000 ---p 00000000 00:00 0 
796b3c704000-796b3c800000 rw-p 00000000 00:00 0 
796b3c800000-796b3c804000 ---p 00000000 00:00 0 
796b3c804000-796b3c900000 rw-p 00000000 00:00 0 
796b3c900000-796b3c904000 ---p 00000000 00:00 0 
796b3c904000-796b3ca00000 rw-p 00000000 00:00 0 
796b3ca00000-796b3ca04000 ---p 00000000 00:00 0 
796b3ca04000-796b3cb00000 rw-p 00000000 00:00 0 
796b3cb00000-796b3cb04000 ---p 00000000 00:00 0 
796b3cb04000-796b3cc00000 rw-p 00000000 00:00 0 
796b3cc00000-796b3cc04000 ---p 00000000 00:00 0 
796b3cc04000-796b3cd00000 rw-p 00000000 00:00 0 
796b3cd00000-796b3cd04000 ---p 00000000 00:00 0 
796b3cd04000-796b3ce00000 rw-p 00000000 00:00 0 
796b3ce00000-796b3ce04000 ---p 00000000 00:00 0 
796b3ce04000-796b3cf00000 rw-p 00000000 00:00 0 
796b3cf00000-796b3cf04000 ---p 00000000 00:00 0 
796b3cf04000-796b3d000000 rw-p 00000000 00:00 0 
796b3d000000-796b3d004000 ---p 00000000 00:00 0 
796b3d004000-796b3d100000 rw-p 00000000 00:00 0 
796b3d100000-796b3d104000 ---p 00000000 00:00 0 
796b3d104000-796b3d200000 rw-p 00000000 00:00 0 
796b3d300000-796b3d304000 ---p 00000000 00:00 0 
796b3d304000-796b3d400000 rw-p 00000000 00:00 0 
796b3d400000-796b3d404000 ---p 00000000 00:00 0 
796b3d404000-796b3d500000 rw-p 00000000 00:00 0 
796b3d500000-796b3d504000 ---p 00000000 00:00 0 
796b3d504000-796b3d600000 rw-p 00000000 00:00 0 
796b3d700000-796b3d704000 ---p 00000000 00:00 0 
796b3d704000-796b3d800000 rw-p 00000000 00:00 0 
796b3d800000-796b3d804000 ---p 00000000 00:00 0 
796b3d804000-796b3d900000 rw-p 00000000 00:00 0 
796b3d900000-796b3d904000 ---p 00000000 00:00 0 
796b3d904000-796b3da00000 rw-p 00000000 00:00 0 
796b3da00000-796b3da04000 ---p 00000000 00:00 0 
796b3da04000-796b3db00000 rw-p 00000000 00:00 0 
796b3db00000-796b3db04000 ---p 00000000 00:00 0 
796b3db04000-796b3dc00000 rw-p 00000000 00:00 0 
796b3dc00000-796b3fd6a000 r-xp 00000000 08:10 707802136                  /nix/store/gpxl5qgg8kicmcvivwmybwjlpf7wh20l-graalvm17-ce-22.3.0/lib/libjvmcicompiler.so
796b3fd6a000-796b3ff69000 ---p 0216a000 08:10 707802136                  /nix/store/gpxl5qgg8kicmcvivwmybwjlpf7wh20l-graalvm17-ce-22.3.0/lib/libjvmcicompiler.so
796b3ff69000-796b3ff6a000 r--p 02169000 08:10 707802136                  /nix/store/gpxl5qgg8kicmcvivwmybwjlpf7wh20l-graalvm17-ce-22.3.0/lib/libjvmcicompiler.so
796b3ff6a000-796b3ff6c000 rw-p 0216a000 08:10 707802136                  /nix/store/gpxl5qgg8kicmcvivwmybwjlpf7wh20l-graalvm17-ce-22.3.0/lib/libjvmcicompiler.so
796b3ff6c000-796b3ff6d000 rw-p 00000000 00:00 0 
796b3ff6d000-796b3ff72000 rw-p 023c3000 08:10 707802136                  /nix/store/gpxl5qgg8kicmcvivwmybwjlpf7wh20l-graalvm17-ce-22.3.0/lib/libjvmcicompiler.so
796b40000000-796b40021000 rw-p 00000000 00:00 0 
796b40021000-796b44000000 ---p 00000000 00:00 0 
796b44000000-796b44021000 rw-p 00000000 00:00 0 
796b44021000-796b48000000 ---p 00000000 00:00 0 
796b48000000-796b48021000 rw-p 00000000 00:00 0 
796b48021000-796b4c000000 ---p 00000000 00:00 0 
796b4c000000-796b4c021000 rw-p 00000000 00:00 0 
796b4c021000-796b50000000 ---p 00000000 00:00 0 
796b50000000-796b500f6000 rw-p 00000000 00:00 0 
796b500f6000-796b54000000 ---p 00000000 00:00 0 
796b54000000-796b54b65000 rw-p 00000000 00:00 0 
796b54b65000-796b58000000 ---p 00000000 00:00 0 
796b58000000-796b58021000 rw-p 00000000 00:00 0 
796b58021000-796b5c000000 ---p 00000000 00:00 0 
796b5c000000-796b5c021000 rw-p 00000000 00:00 0 
796b5c021000-796b60000000 ---p 00000000 00:00 0 
796b60000000-796b60021000 rw-p 00000000 00:00 0 
796b60021000-796b64000000 ---p 00000000 00:00 0 
796b64000000-796b64021000 rw-p 00000000 00:00 0 
796b64021000-796b68000000 ---p 00000000 00:00 0 
796b68000000-796b68021000 rw-p 00000000 00:00 0 
796b68021000-796b6c000000 ---p 00000000 00:00 0 
796b6c000000-796b6c021000 rw-p 00000000 00:00 0 
796b6c021000-796b70000000 ---p 00000000 00:00 0 
796b70000000-796b70050000 rw-p 00000000 00:00 0 
796b70050000-796b74000000 ---p 00000000 00:00 0 
796b74000000-796b74004000 ---p 00000000 00:00 0 
796b74004000-796b74100000 rw-p 00000000 00:00 0 
796b74100000-796b74104000 ---p 00000000 00:00 0 
796b74104000-796b74200000 rw-p 00000000 00:00 0 
796b74e68000-796b75300000 rw-p 00000000 00:00 0 
796b753f6000-796b753fa000 ---p 00000000 00:00 0 
796b753fa000-796b75418000 rw-p 00000000 00:00 0 
796b75418000-796b75419000 ---p 00000000 00:00 0 
796b75419000-796b7551a000 rw-p 00000000 00:00 0 
796b7551a000-796b7551e000 ---p 00000000 00:00 0 
796b7551e000-796b7561a000 rw-p 00000000 00:00 0 
796b7561a000-796b7561e000 ---p 00000000 00:00 0 
796b7561e000-796b7571a000 rw-p 00000000 00:00 0 
796b7571a000-796b7571e000 ---p 00000000 00:00 0 
796b7571e000-796b7581a000 rw-p 00000000 00:00 0 
796b7581a000-796b7581e000 ---p 00000000 00:00 0 
796b7581e000-796b75a1a000 rw-p 00000000 00:00 0 
796b75a1a000-796b75a1e000 ---p 00000000 00:00 0 
796b75a1e000-796b75c1a000 rw-p 00000000 00:00 0 
796b75c1a000-796b75c1e000 ---p 00000000 00:00 0 
796b75c1e000-796b75d1a000 rw-p 00000000 00:00 0 
796b75d1a000-796b75d1e000 ---p 00000000 00:00 0 
796b75d1e000-796b75e1a000 rw-p 00000000 00:00 0 
796b75e1a000-796b75e1e000 ---p 00000000 00:00 0 
796b75e1e000-796b75f1a000 rw-p 00000000 00:00 0 
796b75f1a000-796b76200000 r--p 00000000 08:01 1295502                    /usr/lib/locale/locale-archive
796b76200000-796b76204000 ---p 00000000 00:00 0 
796b76204000-796b76300000 rw-p 00000000 00:00 0 
796b76300000-796b76304000 ---p 00000000 00:00 0 
796b76304000-796b767f0000 rw-p 00000000 00:00 0 
796b767f0000-796b76af0000 rw-p 00000000 00:00 0 
796b76af0000-796b76c00000 rw-p 00000000 00:00 0 
796b76c07000-796b76c0d000 r-xp 00000000 08:10 707804414                  /nix/store/gpxl5qgg8kicmcvivwmybwjlpf7wh20l-graalvm17-ce-22.3.0/lib/libmanagement_ext.so
796b76c0d000-796b76c0e000 r--p 00005000 08:10 707804414                  /nix/store/gpxl5qgg8kicmcvivwmybwjlpf7wh20l-graalvm17-ce-22.3.0/lib/libmanagement_ext.so
796b76c0e000-796b76c0f000 rw-p 00006000 08:10 707804414                  /nix/store/gpxl5qgg8kicmcvivwmybwjlpf7wh20l-graalvm17-ce-22.3.0/lib/libmanagement_ext.so
796b76c0f000-796b76c11000 rw-p 00009000 08:10 707804414                  /nix/store/gpxl5qgg8kicmcvivwmybwjlpf7wh20l-graalvm17-ce-22.3.0/lib/libmanagement_ext.so
796b76c11000-796b76c15000 r-xp 00000000 08:10 707804412                  /nix/store/gpxl5qgg8kicmcvivwmybwjlpf7wh20l-graalvm17-ce-22.3.0/lib/libmanagement.so
796b76c15000-796b76c16000 r--p 00003000 08:10 707804412                  /nix/store/gpxl5qgg8kicmcvivwmybwjlpf7wh20l-graalvm17-ce-22.3.0/lib/libmanagement.so
796b76c16000-796b76c17000 rw-p 00004000 08:10 707804412                  /nix/store/gpxl5qgg8kicmcvivwmybwjlpf7wh20l-graalvm17-ce-22.3.0/lib/libmanagement.so
796b76c17000-796b76c19000 rw-p 00007000 08:10 707804412                  /nix/store/gpxl5qgg8kicmcvivwmybwjlpf7wh20l-graalvm17-ce-22.3.0/lib/libmanagement.so
796b76c19000-796b76c20000 r-xp 00000000 08:10 707804676                  /nix/store/gpxl5qgg8kicmcvivwmybwjlpf7wh20l-graalvm17-ce-22.3.0/lib/libzip.so
796b76c20000-796b76c21000 ---p 00007000 08:10 707804676                  /nix/store/gpxl5qgg8kicmcvivwmybwjlpf7wh20l-graalvm17-ce-22.3.0/lib/libzip.so
796b76c21000-796b76c22000 r--p 00007000 08:10 707804676                  /nix/store/gpxl5qgg8kicmcvivwmybwjlpf7wh20l-graalvm17-ce-22.3.0/lib/libzip.so
796b76c22000-796b76c23000 rw-p 00008000 08:10 707804676                  /nix/store/gpxl5qgg8kicmcvivwmybwjlpf7wh20l-graalvm17-ce-22.3.0/lib/libzip.so
796b76c23000-796b76c25000 rw-p 0000b000 08:10 707804676                  /nix/store/gpxl5qgg8kicmcvivwmybwjlpf7wh20l-graalvm17-ce-22.3.0/lib/libzip.so
796b76c25000-796b76c3a000 r-xp 00000000 08:10 707804666                  /nix/store/gpxl5qgg8kicmcvivwmybwjlpf7wh20l-graalvm17-ce-22.3.0/lib/libnet.so
796b76c3a000-796b76c3b000 ---p 00015000 08:10 707804666                  /nix/store/gpxl5qgg8kicmcvivwmybwjlpf7wh20l-graalvm17-ce-22.3.0/lib/libnet.so
796b76c3b000-796b76c3c000 r--p 00015000 08:10 707804666                  /nix/store/gpxl5qgg8kicmcvivwmybwjlpf7wh20l-graalvm17-ce-22.3.0/lib/libnet.so
796b76c3c000-796b76c3d000 rw-p 00016000 08:10 707804666                  /nix/store/gpxl5qgg8kicmcvivwmybwjlpf7wh20l-graalvm17-ce-22.3.0/lib/libnet.so
796b76c3d000-796b76c40000 rw-p 0001b000 08:10 707804666                  /nix/store/gpxl5qgg8kicmcvivwmybwjlpf7wh20l-graalvm17-ce-22.3.0/lib/libnet.so
796b76c40000-796b76c53000 r-xp 00000000 08:10 707804667                  /nix/store/gpxl5qgg8kicmcvivwmybwjlpf7wh20l-graalvm17-ce-22.3.0/lib/libnio.so
796b76c53000-796b76c54000 r--p 00012000 08:10 707804667                  /nix/store/gpxl5qgg8kicmcvivwmybwjlpf7wh20l-graalvm17-ce-22.3.0/lib/libnio.so
796b76c54000-796b76c55000 rw-p 00013000 08:10 707804667                  /nix/store/gpxl5qgg8kicmcvivwmybwjlpf7wh20l-graalvm17-ce-22.3.0/lib/libnio.so
796b76c55000-796b76c5a000 rw-p 00019000 08:10 707804667                  /nix/store/gpxl5qgg8kicmcvivwmybwjlpf7wh20l-graalvm17-ce-22.3.0/lib/libnio.so
796b76c5a000-796b76c5b000 ---p 00000000 00:00 0 
796b76c5b000-796b76d5c000 rw-p 00000000 00:00 0 
796b76d5c000-796b76e2a000 r-xp 00000000 08:10 707802132                  /nix/store/gpxl5qgg8kicmcvivwmybwjlpf7wh20l-graalvm17-ce-22.3.0/lib/libjsvml.so
796b76e2a000-796b76e2b000 r--p 000cd000 08:10 707802132                  /nix/store/gpxl5qgg8kicmcvivwmybwjlpf7wh20l-graalvm17-ce-22.3.0/lib/libjsvml.so
796b76e2b000-796b76e2c000 rw-p 000ce000 08:10 707802132                  /nix/store/gpxl5qgg8kicmcvivwmybwjlpf7wh20l-graalvm17-ce-22.3.0/lib/libjsvml.so
796b76e2c000-796b774b3000 rw-p 00000000 00:00 0 
796b774b3000-796b77723000 rwxp 00000000 00:00 0 
796b77723000-796b77a42000 ---p 00000000 00:00 0 
796b77a42000-796b79192000 rwxp 00000000 00:00 0 
796b79192000-796b7ef7a000 ---p 00000000 00:00 0 
796b7ef7a000-796b7f28a000 rwxp 00000000 00:00 0 
796b7f28a000-796b864b3000 ---p 00000000 00:00 0 
796b864b3000-796b90000000 r--s 00000000 08:10 707804677                  /nix/store/gpxl5qgg8kicmcvivwmybwjlpf7wh20l-graalvm17-ce-22.3.0/lib/modules
796b90000000-796b903e6000 rw-p 00000000 00:00 0 
796b903e6000-796b94000000 ---p 00000000 00:00 0 
796b94005000-796b95256000 rw-p 00000000 00:00 0 
796b95256000-796b95257000 ---p 00000000 00:00 0 
796b95257000-796b953ff000 rw-p 00000000 00:00 0 
796b953ff000-796b9543d000 rw-p 00000000 00:00 0 
796b9543d000-796b95458000 ---p 00000000 00:00 0 
796b95458000-796b95460000 rw-p 00000000 00:00 0 
796b95460000-796b95544000 ---p 00000000 00:00 0 
796b95544000-796b95573000 rw-p 00000000 00:00 0 
796b95573000-796b9562f000 ---p 00000000 00:00 0 
796b9562f000-796b95634000 rw-p 00000000 00:00 0 
796b95634000-796b9563b000 ---p 00000000 00:00 0 
796b9563b000-796b9565f000 r-xp 00000000 08:10 707802124                  /nix/store/gpxl5qgg8kicmcvivwmybwjlpf7wh20l-graalvm17-ce-22.3.0/lib/libjava.so
796b9565f000-796b95660000 ---p 00024000 08:10 707802124                  /nix/store/gpxl5qgg8kicmcvivwmybwjlpf7wh20l-graalvm17-ce-22.3.0/lib/libjava.so
796b95660000-796b95661000 r--p 00024000 08:10 707802124                  /nix/store/gpxl5qgg8kicmcvivwmybwjlpf7wh20l-graalvm17-ce-22.3.0/lib/libjava.so
796b95661000-796b95662000 rw-p 00025000 08:10 707802124                  /nix/store/gpxl5qgg8kicmcvivwmybwjlpf7wh20l-graalvm17-ce-22.3.0/lib/libjava.so
796b95662000-796b95663000 rw-p 00000000 00:00 0 
796b95663000-796b9566a000 rw-p 0002f000 08:10 707802124                  /nix/store/gpxl5qgg8kicmcvivwmybwjlpf7wh20l-graalvm17-ce-22.3.0/lib/libjava.so
796b9566a000-796b95672000 rw-s 00000000 00:144b 538                      /tmp/hsperfdata_runner/7375
796b95672000-796b95673000 ---p 00000000 00:00 0 
796b95673000-796b95674000 r--p 00000000 00:00 0 
796b95674000-796b95675000 rwxp 00000000 00:00 0 
796b95675000-796b95690000 r-xp 00000000 08:10 707802128                  /nix/store/gpxl5qgg8kicmcvivwmybwjlpf7wh20l-graalvm17-ce-22.3.0/lib/libjimage.so
796b95690000-796b95691000 ---p 0001b000 08:10 707802128                  /nix/store/gpxl5qgg8kicmcvivwmybwjlpf7wh20l-graalvm17-ce-22.3.0/lib/libjimage.so
796b95691000-796b95693000 r--p 0001b000 08:10 707802128                  /nix/store/gpxl5qgg8kicmcvivwmybwjlpf7wh20l-graalvm17-ce-22.3.0/lib/libjimage.so
796b95693000-796b95694000 rw-p 0001d000 08:10 707802128                  /nix/store/gpxl5qgg8kicmcvivwmybwjlpf7wh20l-graalvm17-ce-22.3.0/lib/libjimage.so
796b95694000-796b95695000 rw-p 00024000 08:10 707802128                  /nix/store/gpxl5qgg8kicmcvivwmybwjlpf7wh20l-graalvm17-ce-22.3.0/lib/libjimage.so
796b95695000-796b95699000 ---p 00000000 00:00 0 
796b95699000-796b95795000 rw-p 00000000 00:00 0 
796b95795000-796b957a3000 r--p 00000000 08:10 600592023                  /nix/store/4nlgxhb09sdr51nc9hdm8az5b08vzkgx-glibc-2.35-163/lib/libm.so.6
796b957a3000-796b95816000 r-xp 0000e000 08:10 600592023                  /nix/store/4nlgxhb09sdr51nc9hdm8az5b08vzkgx-glibc-2.35-163/lib/libm.so.6
796b95816000-796b95873000 r--p 00081000 08:10 600592023                  /nix/store/4nlgxhb09sdr51nc9hdm8az5b08vzkgx-glibc-2.35-163/lib/libm.so.6
796b95873000-796b95874000 r--p 000dd000 08:10 600592023                  /nix/store/4nlgxhb09sdr51nc9hdm8az5b08vzkgx-glibc-2.35-163/lib/libm.so.6
796b95874000-796b95875000 rw-p 000de000 08:10 600592023                  /nix/store/4nlgxhb09sdr51nc9hdm8az5b08vzkgx-glibc-2.35-163/lib/libm.so.6
796b95875000-796b95876000 r--p 00000000 08:10 600592042                  /nix/store/4nlgxhb09sdr51nc9hdm8az5b08vzkgx-glibc-2.35-163/lib/librt.so.1
796b95876000-796b95877000 r-xp 00001000 08:10 600592042                  /nix/store/4nlgxhb09sdr51nc9hdm8az5b08vzkgx-glibc-2.35-163/lib/librt.so.1
796b95877000-796b95878000 r--p 00002000 08:10 600592042                  /nix/store/4nlgxhb09sdr51nc9hdm8az5b08vzkgx-glibc-2.35-163/lib/librt.so.1
796b95878000-796b95879000 r--p 00002000 08:10 600592042                  /nix/store/4nlgxhb09sdr51nc9hdm8az5b08vzkgx-glibc-2.35-163/lib/librt.so.1
796b95879000-796b9587a000 rw-p 00003000 08:10 600592042                  /nix/store/4nlgxhb09sdr51nc9hdm8az5b08vzkgx-glibc-2.35-163/lib/librt.so.1
796b9587a000-796b9698d000 r-xp 00000000 08:10 707972962                  /nix/store/gpxl5qgg8kicmcvivwmybwjlpf7wh20l-graalvm17-ce-22.3.0/lib/server/libjvm.so
796b9698d000-796b9698e000 ---p 01113000 08:10 707972962                  /nix/store/gpxl5qgg8kicmcvivwmybwjlpf7wh20l-graalvm17-ce-22.3.0/lib/server/libjvm.so
796b9698e000-796b96a43000 r--p 01113000 08:10 707972962                  /nix/store/gpxl5qgg8kicmcvivwmybwjlpf7wh20l-graalvm17-ce-22.3.0/lib/server/libjvm.so
796b96a43000-796b96a77000 rw-p 011c8000 08:10 707972962                  /nix/store/gpxl5qgg8kicmcvivwmybwjlpf7wh20l-graalvm17-ce-22.3.0/lib/server/libjvm.so
796b96a77000-796b96ad3000 rw-p 00000000 00:00 0 
796b96ad3000-796b96afb000 r--p 00000000 08:10 600592014                  /nix/store/4nlgxhb09sdr51nc9hdm8az5b08vzkgx-glibc-2.35-163/lib/libc.so.6
796b96afb000-796b96c71000 r-xp 00028000 08:10 600592014                  /nix/store/4nlgxhb09sdr51nc9hdm8az5b08vzkgx-glibc-2.35-163/lib/libc.so.6
796b96c71000-796b96cc9000 r--p 0019e000 08:10 600592014                  /nix/store/4nlgxhb09sdr51nc9hdm8az5b08vzkgx-glibc-2.35-163/lib/libc.so.6
796b96cc9000-796b96ccd000 r--p 001f6000 08:10 600592014                  /nix/store/4nlgxhb09sdr51nc9hdm8az5b08vzkgx-glibc-2.35-163/lib/libc.so.6
796b96ccd000-796b96ccf000 rw-p 001fa000 08:10 600592014                  /nix/store/4nlgxhb09sdr51nc9hdm8az5b08vzkgx-glibc-2.35-163/lib/libc.so.6
796b96ccf000-796b96cde000 rw-p 00000000 00:00 0 
796b96cde000-796b96cdf000 r--p 00000000 08:10 600592019                  /nix/store/4nlgxhb09sdr51nc9hdm8az5b08vzkgx-glibc-2.35-163/lib/libdl.so.2
796b96cdf000-796b96ce0000 r-xp 00001000 08:10 600592019                  /nix/store/4nlgxhb09sdr51nc9hdm8az5b08vzkgx-glibc-2.35-163/lib/libdl.so.2
796b96ce0000-796b96ce1000 r--p 00002000 08:10 600592019                  /nix/store/4nlgxhb09sdr51nc9hdm8az5b08vzkgx-glibc-2.35-163/lib/libdl.so.2
796b96ce1000-796b96ce2000 r--p 00002000 08:10 600592019                  /nix/store/4nlgxhb09sdr51nc9hdm8az5b08vzkgx-glibc-2.35-163/lib/libdl.so.2
796b96ce2000-796b96ce3000 rw-p 00003000 08:10 600592019                  /nix/store/4nlgxhb09sdr51nc9hdm8az5b08vzkgx-glibc-2.35-163/lib/libdl.so.2
796b96ce3000-796b96ce4000 r--p 00000000 08:10 600592038                  /nix/store/4nlgxhb09sdr51nc9hdm8az5b08vzkgx-glibc-2.35-163/lib/libpthread.so.0
796b96ce4000-796b96ce5000 r-xp 00001000 08:10 600592038                  /nix/store/4nlgxhb09sdr51nc9hdm8az5b08vzkgx-glibc-2.35-163/lib/libpthread.so.0
796b96ce5000-796b96ce6000 r--p 00002000 08:10 600592038                  /nix/store/4nlgxhb09sdr51nc9hdm8az5b08vzkgx-glibc-2.35-163/lib/libpthread.so.0
796b96ce6000-796b96ce7000 r--p 00002000 08:10 600592038                  /nix/store/4nlgxhb09sdr51nc9hdm8az5b08vzkgx-glibc-2.35-163/lib/libpthread.so.0
796b96ce7000-796b96ce8000 rw-p 00003000 08:10 600592038                  /nix/store/4nlgxhb09sdr51nc9hdm8az5b08vzkgx-glibc-2.35-163/lib/libpthread.so.0
796b96ce8000-796b96cf6000 r-xp 00000000 08:10 707802129                  /nix/store/gpxl5qgg8kicmcvivwmybwjlpf7wh20l-graalvm17-ce-22.3.0/lib/libjli.so
796b96cf6000-796b96cf7000 ---p 0000e000 08:10 707802129                  /nix/store/gpxl5qgg8kicmcvivwmybwjlpf7wh20l-graalvm17-ce-22.3.0/lib/libjli.so
796b96cf7000-796b96cf8000 r--p 0000e000 08:10 707802129                  /nix/store/gpxl5qgg8kicmcvivwmybwjlpf7wh20l-graalvm17-ce-22.3.0/lib/libjli.so
796b96cf8000-796b96cf9000 rw-p 0000f000 08:10 707802129                  /nix/store/gpxl5qgg8kicmcvivwmybwjlpf7wh20l-graalvm17-ce-22.3.0/lib/libjli.so
796b96cf9000-796b96cfa000 rw-p 00012000 08:10 707802129                  /nix/store/gpxl5qgg8kicmcvivwmybwjlpf7wh20l-graalvm17-ce-22.3.0/lib/libjli.so
796b96cfa000-796b96cfd000 r--p 00000000 08:10 678822167                  /nix/store/026hln0aq1hyshaxsdvhg0kmcm6yf45r-zlib-1.2.13/lib/libz.so.1.2.13
796b96cfd000-796b96d0f000 r-xp 00003000 08:10 678822167                  /nix/store/026hln0aq1hyshaxsdvhg0kmcm6yf45r-zlib-1.2.13/lib/libz.so.1.2.13
796b96d0f000-796b96d16000 r--p 00015000 08:10 678822167                  /nix/store/026hln0aq1hyshaxsdvhg0kmcm6yf45r-zlib-1.2.13/lib/libz.so.1.2.13
796b96d16000-796b96d17000 r--p 0001b000 08:10 678822167                  /nix/store/026hln0aq1hyshaxsdvhg0kmcm6yf45r-zlib-1.2.13/lib/libz.so.1.2.13
796b96d17000-796b96d18000 rw-p 0001c000 08:10 678822167                  /nix/store/026hln0aq1hyshaxsdvhg0kmcm6yf45r-zlib-1.2.13/lib/libz.so.1.2.13
796b96d18000-796b96d1a000 rw-p 00000000 00:00 0 
796b96d1a000-796b96d1c000 r--p 00000000 08:10 600592008                  /nix/store/4nlgxhb09sdr51nc9hdm8az5b08vzkgx-glibc-2.35-163/lib/ld-linux-x86-64.so.2
796b96d1c000-796b96d43000 r-xp 00002000 08:10 600592008                  /nix/store/4nlgxhb09sdr51nc9hdm8az5b08vzkgx-glibc-2.35-163/lib/ld-linux-x86-64.so.2
796b96d43000-796b96d4f000 r--p 00029000 08:10 600592008                  /nix/store/4nlgxhb09sdr51nc9hdm8az5b08vzkgx-glibc-2.35-163/lib/ld-linux-x86-64.so.2
796b96d4f000-796b96d51000 r--p 00034000 08:10 600592008                  /nix/store/4nlgxhb09sdr51nc9hdm8az5b08vzkgx-glibc-2.35-163/lib/ld-linux-x86-64.so.2
796b96d51000-796b96d53000 rw-p 00036000 08:10 600592008                  /nix/store/4nlgxhb09sdr51nc9hdm8az5b08vzkgx-glibc-2.35-163/lib/ld-linux-x86-64.so.2
7fffd8539000-7fffd855d000 rw-p 00000000 00:00 0                          [stack]
7fffd85e1000-7fffd85e5000 r--p 00000000 00:00 0                          [vvar]
7fffd85e5000-7fffd85e7000 r-xp 00000000 00:00 0                          [vdso]
ffffffffff600000-ffffffffff601000 --xp 00000000 00:00 0                  [vsyscall]


VM Arguments:
jvm_args: -XX:ThreadPriorityPolicy=1 -XX:+UnlockExperimentalVMOptions -XX:+EnableJVMCIProduct -XX:JVMCIThreadsPerNativeLibraryRuntime=1 -XX:-UnlockExperimentalVMOptions -Declipse.application=org.eclipse.jdt.ls.core.id1 -Dosgi.bundles.defaultStartLevel=4 -Declipse.product=org.eclipse.jdt.ls.core.product -Dlog.level=ALL -Xverify:none -XX:+UseParallelGC -XX:GCTimeRatio=4 -XX:AdaptiveSizePolicyWeight=90 -Dsun.zip.disableMemoryMapping=true -Xmx512m -Xms100m 
java_command: /nix/store/q9712qvwdh22a4krw4jz2sjrz07mvjbl-jdt-language-server-1.9.0/share/java/plugins/org.eclipse.equinox.launcher_1.6.400.v20210924-0641.jar --add-modules=ALL-SYSTEM --add-opens java.base/java.util=ALL-UNNAMED --add-opens java.base/java.lang=ALL-UNNAMED -configuration /home/runner/JavaCourseTHS-CS/.cache/jdt-language-server/config -data /home/runner/.cache/jdt-language-server/data/home/runner/JavaCourseTHS-CS
java_class_path (initial): /nix/store/q9712qvwdh22a4krw4jz2sjrz07mvjbl-jdt-language-server-1.9.0/share/java/plugins/org.eclipse.equinox.launcher_1.6.400.v20210924-0641.jar
Launcher Type: SUN_STANDARD

[Global flags]
    uintx AdaptiveSizePolicyWeight                 = 90                                        {product} {command line}
     intx CICompilerCount                          = 2                                         {product} {ergonomic}
     bool EnableJVMCIProduct                       = true                                {JVMCI product} {jimage}
    uintx GCTimeRatio                              = 4                                         {product} {command line}
   size_t InitialHeapSize                          = 104857600                                 {product} {command line}
     uint JVMCIThreadsPerNativeLibraryRuntime      = 1                                   {JVMCI product} {jimage}
   size_t MaxHeapSize                              = 536870912                                 {product} {command line}
   size_t MaxNewSize                               = 178782208                                 {product} {ergonomic}
   size_t MinHeapDeltaBytes                        = 524288                                    {product} {ergonomic}
   size_t MinHeapSize                              = 104857600                                 {product} {command line}
   size_t NewSize                                  = 34603008                                  {product} {ergonomic}
    uintx NonNMethodCodeHeapSize                   = 5826188                                {pd product} {ergonomic}
    uintx NonProfiledCodeHeapSize                  = 122916026                              {pd product} {ergonomic}
   size_t OldSize                                  = 70254592                                  {product} {ergonomic}
    uintx ProfiledCodeHeapSize                     = 122916026                              {pd product} {ergonomic}
    uintx ReservedCodeCacheSize                    = 251658240                              {pd product} {ergonomic}
     bool SegmentedCodeCache                       = true                                      {product} {ergonomic}
   size_t SoftMaxHeapSize                          = 536870912                              {manageable} {ergonomic}
     intx ThreadPriorityPolicy                     = 1                                         {product} {jimage}
     bool UseCompressedClassPointers               = true                           {product lp64_product} {ergonomic}
     bool UseCompressedOops                        = true                           {product lp64_product} {ergonomic}
     bool UseParallelGC                            = true                                      {product} {command line}

Logging:
Log output configuration:
 #0: stdout all=warning uptime,level,tags
 #1: stderr all=off uptime,level,tags

Environment Variables:
JAVA_HOME=/nix/store/gpxl5qgg8kicmcvivwmybwjlpf7wh20l-graalvm17-ce-22.3.0
PATH=/nix/store/1d6ian3r8kdzspw8hacjhl3xkp40g1lj-binutils-wrapper-2.39/bin:/nix/store/dq0xwmsk1g0i2ayg6pb7y87na2knzylh-gcc-wrapper-11.3.0/bin:/nix/store/bap4d0lpcrhpwmpb8ayjcgkmvfj62lnq-bash-interactive-5.1-p16/bin:/nix/store/pr5n59mb4jzmfx6kanwxly0l07p861fg-patchelf-0.15.0/bin:/nix/store/1gf2flfqnpqbr1b4p4qz2f72y42bs56r-gcc-11.3.0/bin:/nix/store/57xv61c5zi8pphjbcwxxjlgc34p61ic9-glibc-2.35-163-bin/bin:/nix/store/a7gvj343m05j2s32xcnwr35v31ynlypr-coreutils-9.1/bin:/nix/store/039g378vc3pc3dvi9dzdlrd0i4q93qwf-binutils-2.39/bin:/nix/store/gpxl5qgg8kicmcvivwmybwjlpf7wh20l-graalvm17-ce-22.3.0/bin:/nix/store/6z9ag3ihc8mq2hzsw48lhbznvzny65nz-apache-maven-3.8.6/bin:/nix/store/q9712qvwdh22a4krw4jz2sjrz07mvjbl-jdt-language-server-1.9.0/bin:/nix/store/9zdrgm97n766nc0kj11x4xvvp00qlfk9-java-debug/bin:/nix/store/mydc6f4k2z73xlcz7ilif3v2lcaiqvza-findutils-4.9.0/bin:/nix/store/j9p3g8472iijd50vhdprx0nmk2fqn5gv-diffutils-3.8/bin:/nix/store/89zs7rms6x00xfq4dq6m7mjnhkr8a6r4-gnused-4.8/bin:/nix/store/86bp03jkmsl6f92w0yzg4s59g5mhxwmy-gnugrep-3.7/bin:/nix/store/hwcdqw4jrjnd37wxqgsd47hd0j8bnj09-gawk-5.1.1/bin:/nix/store/cfbhw8r8ags41vwqaz47r583d0p4h4a1-gnutar-1.34/bin:/nix/store/p3m1ndl1lapwrlh698bnb5lvvxh67378-gzip-1.12/bin:/nix/store/a8mhcagrsly7c7mpjrpsnaahk4aax056-bzip2-1.0.8-bin/bin:/nix/store/mblgz65m3zv9x548a3d5m96fj2pbwr09-gnumake-4.3/bin:/nix/store/dsd5gz46hdbdk2rfdimqddhq6m8m8fqs-bash-5.1-p16/bin:/nix/store/v7ljksji50mg3w61dykaa3n3y79n6nil-patch-2.7.6/bin:/nix/store/zlcnmqq14jz5x9439jf937mvayyl63da-xz-5.2.7-bin/bin:/nix/store/y6aj732zm9m87c82fpvf103a1xb22blp-file-5.43/bin:/nix/store/rfljz7mhyzbq8sq2qz9l37c3am9gnx98-pid1/bin:/nix/store/xpxkipb5mhlyh9xmdj2dc5dksj6b4c6b-replit-runtime-path/bin:/home/runner/.nix-profile/bin:/home/runner/.local/bin:/usr/local/sbin:/usr/local/bin:/usr/sbin:/usr/bin:/sbin:/bin
LD_LIBRARY_PATH=/nix/store/a4pff549sk2idnkpzk5nsfps3mdkdnvm-cups-2.4.2-lib/lib:/nix/store/72mqxxhh3cy5yifh92wh2yb8cl2hikyy-cairo-1.16.0/lib:/nix/store/2k366jrbsra97gjfxwvrhvixjfxdach5-glib-2.74.1/lib:/nix/store/2j2znigd8ak37rlwh9khz0ry3clqlw1l-gtk+3-3.24.34/lib
DISPLAY=:0
LANG=en_US.UTF-8

Signal Handlers:
   SIGSEGV: crash_handler in libjvm.so, mask=11100100010111111101111111111110, flags=SA_RESTART|SA_SIGINFO
    SIGBUS: crash_handler in libjvm.so, mask=11100100010111111101111111111110, flags=SA_RESTART|SA_SIGINFO
    SIGFPE: crash_handler in libjvm.so, mask=11100100010111111101111111111110, flags=SA_RESTART|SA_SIGINFO
   SIGPIPE: IsolateEnterStub_IgnoreSIGPIPEStartupHook_noopSignalHandler_8f19bff2f35b5f630d83b364d6b2339320d4ec70_216e8361c6bc87a8f89f58cc10d3b2fd4415bf87 in libjvmcicompiler.so, mask=00000000000000000000000000000000, flags=SA_RESTART
  *** Handler was modified!
  *** Expected: javaSignalHandler in libjvm.so, mask=11100100110111111111111111111110, flags=SA_RESTART|SA_SIGINFO
   SIGXFSZ: javaSignalHandler in libjvm.so, mask=11100100010111111101111111111110, flags=SA_RESTART|SA_SIGINFO
    SIGILL: crash_handler in libjvm.so, mask=11100100010111111101111111111110, flags=SA_RESTART|SA_SIGINFO
   SIGUSR2: SR_handler in libjvm.so, mask=00000000000000000000000000000000, flags=SA_RESTART|SA_SIGINFO
    SIGHUP: UserHandler in libjvm.so, mask=11100100010111111101111111111110, flags=SA_RESTART|SA_SIGINFO
    SIGINT: UserHandler in libjvm.so, mask=11100100010111111101111111111110, flags=SA_RESTART|SA_SIGINFO
   SIGTERM: UserHandler in libjvm.so, mask=11100100010111111101111111111110, flags=SA_RESTART|SA_SIGINFO
   SIGQUIT: UserHandler in libjvm.so, mask=11100100010111111101111111111110, flags=SA_RESTART|SA_SIGINFO
  *** Handler was modified!
  *** Expected: javaSignalHandler in libjvm.so, mask=11100100110111111111111111111110, flags=SA_RESTART|SA_SIGINFO
   SIGTRAP: crash_handler in libjvm.so, mask=11100100010111111101111111111110, flags=SA_RESTART|SA_SIGINFO


---------------  S Y S T E M  ---------------

OS:
DISTRIB_ID=Ubuntu
DISTRIB_RELEASE=20.04
DISTRIB_CODENAME=focal
DISTRIB_DESCRIPTION="Ubuntu 20.04.2 LTS"
uname: Linux 6.5.0-1017-gcp #17~22.04.1-Ubuntu SMP Thu Mar 14 20:30:38 UTC 2024 x86_64
OS uptime: 0 days 8:01 hours
libc: glibc 2.35 NPTL 2.35 
rlimit (soft/hard): STACK 8192k/infinity , CORE infinity/infinity , NPROC infinity/infinity , NOFILE 5242/5242 , AS infinity/infinity , CPU infinity/infinity , DATA infinity/infinity , FSIZE infinity/infinity , MEMLOCK 8192k/8192k
load average: 8.72 9.46 11.13

/proc/meminfo:
MemTotal:       65835408 kB
MemFree:        36049472 kB
MemAvailable:   46915672 kB
Buffers:          390140 kB
Cached:         10289696 kB
SwapCached:            0 kB
Active:         20219804 kB
Inactive:        7239620 kB
Active(anon):   16612384 kB
Inactive(anon):   238864 kB
Active(file):    3607420 kB
Inactive(file):  7000756 kB
Unevictable:       27832 kB
Mlocked:           27832 kB
SwapTotal:             0 kB
SwapFree:              0 kB
Zswap:                 0 kB
Zswapped:              0 kB
Dirty:              7156 kB
Writeback:             0 kB
AnonPages:      16688772 kB
Mapped:          2289600 kB
Shmem:            167280 kB
KReclaimable:     984476 kB
Slab:            1547224 kB
SReclaimable:     984476 kB
SUnreclaim:       562748 kB
KernelStack:      152896 kB
PageTables:       241676 kB
SecPageTables:         0 kB
NFS_Unstable:          0 kB
Bounce:                0 kB
WritebackTmp:          0 kB
CommitLimit:    32917704 kB
Committed_AS:   55463292 kB
VmallocTotal:   34359738367 kB
VmallocUsed:      179688 kB
VmallocChunk:          0 kB
Percpu:            42144 kB
HardwareCorrupted:     0 kB
AnonHugePages:    419840 kB
ShmemHugePages:        0 kB
ShmemPmdMapped:        0 kB
FileHugePages:         0 kB
FilePmdMapped:         0 kB
Unaccepted:            0 kB
HugePages_Total:       0
HugePages_Free:        0
HugePages_Rsvd:        0
HugePages_Surp:        0
Hugepagesize:       2048 kB
Hugetlb:               0 kB
DirectMap4k:      138040 kB
DirectMap2M:     7198720 kB
DirectMap1G:    61865984 kB

/sys/kernel/mm/transparent_hugepage/enabled: always [madvise] never
/sys/kernel/mm/transparent_hugepage/defrag (defrag/compaction efforts parameter): always defer defer+madvise [madvise] never

Process Memory:
Virtual Size: 5122736K (peak: 5216112K)
Resident Set Size: 810024K (peak: 848760K) (anon: 613396K, file: 196628K, shmem: 0K)
Swapped out: 0K
C-Heap outstanding allocations: 41723K, retained: 14660K
glibc malloc tunables: (default)

/proc/sys/kernel/threads-max (system-wide limit on the number of threads): 514277
/proc/sys/vm/max_map_count (maximum number of memory map areas a process may have): 65530
/proc/sys/kernel/pid_max (system-wide limit on number of process identifiers): 4194304

container (cgroup) information:
container_type: cgroupv2
cpu_cpuset_cpus: not supported
cpu_memory_nodes: not supported
active_processor_count: 1
cpu_quota: 50000
cpu_period: 100000
cpu_shares: no shares
memory_limit_in_bytes: 1048576 k
memory_and_swap_limit_in_bytes: unlimited
memory_soft_limit_in_bytes: 524288 k
memory_usage_in_bytes: 743888 k
memory_max_usage_in_bytes: not supported
maximum number of tasks: not supported
current number of tasks: not supported

KVM virtualization detected
Steal ticks since vm start: 2494
Steal ticks percentage since vm start:  0.002

CPU: total 8 (initial active 1) (4 cores per cpu, 2 threads per core) family 6 model 79 stepping 0 microcode 0xffffffff, cx8, cmov, fxsr, ht, mmx, 3dnowpref, sse, sse2, sse3, ssse3, sse4.1, sse4.2, popcnt, lzcnt, tsc, tscinvbit, avx, avx2, aes, erms, clmul, bmi1, bmi2, rtm, adx, fma, vzeroupper, clflush, hv
CPU Model and flags from /proc/cpuinfo:
model name	: Intel(R) Xeon(R) CPU @ 2.20GHz
flags		: fpu vme de pse tsc msr pae mce cx8 apic sep mtrr pge mca cmov pat pse36 clflush mmx fxsr sse sse2 ss ht syscall nx pdpe1gb rdtscp lm constant_tsc rep_good nopl xtopology nonstop_tsc cpuid tsc_known_freq pni pclmulqdq ssse3 fma cx16 pcid sse4_1 sse4_2 x2apic movbe popcnt aes xsave avx f16c rdrand hypervisor lahf_lm abm 3dnowprefetch invpcid_single pti ssbd ibrs ibpb stibp fsgsbase tsc_adjust bmi1 hle avx2 smep bmi2 erms invpcid rtm rdseed adx smap xsaveopt arat md_clear arch_capabilities

Online cpus: 0-7
Offline cpus: 
BIOS frequency limitation: <Not Available>
Frequency switch latency (ns): <Not Available>
Available cpu frequencies: <Not Available>
Current governor: <Not Available>
Core performance/turbo boost: <Not Available>

Memory: 4k page, physical 1048576k(304672k free), swap 0k(0k free)
Page Sizes: 4k

vm_info: OpenJDK 64-Bit Server VM (17.0.5+8-jvmci-22.3-b08) for linux-amd64 JRE (17.0.5+8-jvmci-22.3-b08), built on Oct 19 2022 09:01:27 by "buildslave" with gcc 10.3.0

END.
