#
# A fatal error has been detected by the Java Runtime Environment:
#
#  Internal Error (jvmciRuntime.cpp:1609), pid=9536, tid=9555
#  fatal error: Fatal exception in JVMCI: Error calling jdk.vm.ci.services.Services.serializeSavedProperties
#
# JRE version: OpenJDK Runtime Environment GraalVM CE 22.3.0 (17.0.5+8) (build 17.0.5+8-jvmci-22.3-b08)
# Java VM: OpenJDK 64-Bit Server VM GraalVM CE 22.3.0 (17.0.5+8-jvmci-22.3-b08, mixed mode, sharing, tiered, jvmci, jvmci compiler, compressed oops, compressed class ptrs, parallel gc, linux-amd64)
# Problematic frame:
# V  [libjvm.so+0x972714]  JVMCIRuntime::fatal_exception(JVMCIEnv*, char const*)+0x74
#
# Core dump will be written. Default location: Core dumps may be processed with "/usr/share/apport/apport -p%p -s%s -c%c -d%d -P%P -u%u -g%g -- %E" (or dumping to /home/runner/JavaCourseTHS-CS/core.9536)
#
# If you would like to submit a bug report, please visit:
#   https://github.com/oracle/graal/issues
#

---------------  S U M M A R Y ------------

Command Line: -XX:ThreadPriorityPolicy=1 -XX:+UnlockExperimentalVMOptions -XX:+EnableJVMCIProduct -XX:JVMCIThreadsPerNativeLibraryRuntime=1 -XX:-UnlockExperimentalVMOptions -Declipse.application=org.eclipse.jdt.ls.core.id1 -Dosgi.bundles.defaultStartLevel=4 -Declipse.product=org.eclipse.jdt.ls.core.product -Dlog.level=ALL -Xverify:none -XX:+UseParallelGC -XX:GCTimeRatio=4 -XX:AdaptiveSizePolicyWeight=90 -Dsun.zip.disableMemoryMapping=true -Xmx512m -Xms100m /nix/store/q9712qvwdh22a4krw4jz2sjrz07mvjbl-jdt-language-server-1.9.0/share/java/plugins/org.eclipse.equinox.launcher_1.6.400.v20210924-0641.jar --add-modules=ALL-SYSTEM --add-opens java.base/java.util=ALL-UNNAMED --add-opens java.base/java.lang=ALL-UNNAMED -configuration /home/runner/JavaCourseTHS-CS/.cache/jdt-language-server/config -data /home/runner/.cache/jdt-language-server/data/home/runner/JavaCourseTHS-CS

Host: Intel(R) Xeon(R) CPU @ 2.20GHz, 8 cores, 1G, Ubuntu 20.04.2 LTS
Time: Mon Apr 15 03:17:43 2024 UTC elapsed time: 1302.766144 seconds (0d 0h 21m 42s)

---------------  T H R E A D  ---------------

Current thread (0x00007f4d080b19c0):  JavaThread "JVMCI-native CompilerThread0" daemon [_thread_in_vm, id=9555, stack(0x00007f4ced41a000,0x00007f4ced61a000)]


Current CompileTask:
JVMCI-native:1302767 13136       4       org.eclipse.jdt.internal.compiler.lookup.SignatureWrapper::computeEnd (288 bytes)

Stack: [0x00007f4ced41a000,0x00007f4ced61a000],  sp=0x00007f4ced618380,  free space=2040k
Native frames: (J=compiled Java code, j=interpreted, Vv=VM code, C=native code)
V  [libjvm.so+0x972714]  JVMCIRuntime::fatal_exception(JVMCIEnv*, char const*)+0x74
V  [libjvm.so+0x93e2fe]  JVMCIEnv::copy_saved_properties()+0x14e
V  [libjvm.so+0x9732a9]  JVMCIRuntime::initialize(JVMCIEnv*)+0xb19
V  [libjvm.so+0x9738a2]  JVMCIRuntime::get_HotSpotJVMCIRuntime(JVMCIEnv*)+0x12
V  [libjvm.so+0x9749f2]  JVMCIRuntime::compile_method(JVMCIEnv*, JVMCICompiler*, methodHandle const&, int)+0xd2
V  [libjvm.so+0x5b0d20]  CompileBroker::invoke_compiler_on_method(CompileTask*)+0x1470
V  [libjvm.so+0x5b12e8]  CompileBroker::compiler_thread_loop()+0x528
V  [libjvm.so+0xd82460]  JavaThread::thread_main_inner()+0xd0
V  [libjvm.so+0xd85a40]  Thread::call_run()+0xc0
V  [libjvm.so+0xbdb1e1]  thread_native_entry(Thread*)+0xe1

Register to memory mapping:

RAX=0x00007f4d0d1b8000 points into unknown readable memory: 0x0000000000000058 | 58 00 00 00 00 00 00 00
RBX=0x00007f4d0e2b3398: <offset 0x0000000000ef5398> in /nix/store/gpxl5qgg8kicmcvivwmybwjlpf7wh20l-graalvm17-ce-22.3.0/lib/server/libjvm.so at 0x00007f4d0d3be000
RCX=0x00007f4d0e26b1e8: <offset 0x0000000000ead1e8> in /nix/store/gpxl5qgg8kicmcvivwmybwjlpf7wh20l-graalvm17-ce-22.3.0/lib/server/libjvm.so at 0x00007f4d0d3be000
RDX=0x0000000000000649 is an unknown value
RSP=0x00007f4ced618380 is pointing into the stack for thread: 0x00007f4d080b19c0
RBP=0x00007f4ced6183a0 is pointing into the stack for thread: 0x00007f4d080b19c0
RSI=0x00007f4d0e2b3c48: <offset 0x0000000000ef5c48> in /nix/store/gpxl5qgg8kicmcvivwmybwjlpf7wh20l-graalvm17-ce-22.3.0/lib/server/libjvm.so at 0x00007f4d0d3be000
RDI=0x00000000e0000000 is an oop: java.lang.String 
{0x00000000e0000000} - klass: 'java/lang/String'
 - string: "bGnFLdPCnca8rIUKxCUI/oml/RwHPWbiiyhjvmU7tyw="
R8 =0x00007f4d0e2b3398: <offset 0x0000000000ef5398> in /nix/store/gpxl5qgg8kicmcvivwmybwjlpf7wh20l-graalvm17-ce-22.3.0/lib/server/libjvm.so at 0x00007f4d0d3be000
R9 =0x0000000000000003 is an unknown value
R10=0x00007f4d0e604da0: <offset 0x0000000001246da0> in /nix/store/gpxl5qgg8kicmcvivwmybwjlpf7wh20l-graalvm17-ce-22.3.0/lib/server/libjvm.so at 0x00007f4d0d3be000
R11=0x000000080044f048 is pointing into metadata
R12=0x0 is NULL
R13=0x00007f4d080b19c0 is a thread
R14=0x00007f4d08000b80 points into unknown readable memory: 0x00007f4d0e4e4a38 | 38 4a 4e 0e 4d 7f 00 00
R15=0x00007f4d0e5f2e40: <offset 0x0000000001234e40> in /nix/store/gpxl5qgg8kicmcvivwmybwjlpf7wh20l-graalvm17-ce-22.3.0/lib/server/libjvm.so at 0x00007f4d0d3be000


Registers:
RAX=0x00007f4d0d1b8000, RBX=0x00007f4d0e2b3398, RCX=0x00007f4d0e26b1e8, RDX=0x0000000000000649
RSP=0x00007f4ced618380, RBP=0x00007f4ced6183a0, RSI=0x00007f4d0e2b3c48, RDI=0x00000000e0000000
R8 =0x00007f4d0e2b3398, R9 =0x0000000000000003, R10=0x00007f4d0e604da0, R11=0x000000080044f048
R12=0x0000000000000000, R13=0x00007f4d080b19c0, R14=0x00007f4d08000b80, R15=0x00007f4d0e5f2e40
RIP=0x00007f4d0dd30714, EFLAGS=0x0000000000010206, CSGSFS=0x002b000000000033, ERR=0x0000000000000006
  TRAPNO=0x000000000000000e

Top of Stack: (sp=0x00007f4ced618380)
0x00007f4ced618380:   00007f4ced618940 00007f4d080b19c0
0x00007f4ced618390:   00007f4d0cb498c8 0000000800c417a0
0x00007f4ced6183a0:   00007f4ced618500 00007f4d0dcfc2fe
0x00007f4ced6183b0:   00007f4ced6183e0 00007f4ced618440 

Instructions: (pc=0x00007f4d0dd30714)
0x00007f4d0dd30614:   30 e8 f6 cf e8 ff 4c 89 e7 e8 2e 48 d1 ff 84 db
0x00007f4d0dd30624:   75 2a 4d 85 ed 74 04 4d 8b 6d 00 48 83 c4 08 44
0x00007f4d0dd30634:   89 f9 4c 89 f2 4c 89 ee 5b 4c 89 e7 41 5c 41 5d
0x00007f4d0dd30644:   41 5e 41 5f 5d e9 e2 47 d1 ff 66 90 48 83 c4 08
0x00007f4d0dd30654:   5b 41 5c 41 5d 41 5e 41 5f 5d c3 90 31 d2 be 08
0x00007f4d0dd30664:   00 00 00 4c 89 ff e8 b1 78 a3 ff 49 89 c5 e9 37
0x00007f4d0dd30674:   ff ff ff 66 0f 1f 84 00 00 00 00 00 48 8b 7a 08
0x00007f4d0dd30684:   e9 6d ff ff ff 0f 1f 80 00 00 00 00 e8 5b 48 0a
0x00007f4d0dd30694:   00 84 c0 75 89 e9 6a ff ff ff 66 90 55 48 89 e5
0x00007f4d0dd306a4:   41 56 41 55 41 54 49 89 fc 53 48 89 f3 66 48 8d
0x00007f4d0dd306b4:   3d 27 5e 85 00 66 66 48 e8 df 43 8d ff 4c 8b 28
0x00007f4d0dd306c4:   8b 05 be 72 8a 00 85 c0 75 14 ba 01 00 00 00 48
0x00007f4d0dd306d4:   8d 0d ae 72 8a 00 f0 0f b1 11 85 c0 74 4e be c8
0x00007f4d0dd306e4:   00 00 00 4c 89 ef e8 01 0b 41 00 48 8d 05 12 ac
0x00007f4d0dd306f4:   85 00 49 89 d8 48 8d 0d e8 aa 53 00 ba 49 06 00
0x00007f4d0dd30704:   00 48 8d 35 3c 35 58 00 bf 00 00 00 e0 48 8b 00
0x00007f4d0dd30714:   c6 00 58 31 c0 e8 e2 91 c6 ff 5b 41 5c 41 5d 41
0x00007f4d0dd30724:   5e 5d e9 55 34 26 00 0f 1f 44 00 00 48 8d 05 81
0x00007f4d0dd30734:   a3 8b 00 48 89 df 4c 8b 30 e8 9e 43 8d ff 48 89
0x00007f4d0dd30744:   de 48 89 c2 49 8b 06 4c 89 f7 ff 50 08 4c 89 f7
0x00007f4d0dd30754:   e8 a7 5c 27 00 4d 85 e4 74 12 be 01 00 00 00 4c
0x00007f4d0dd30764:   89 e7 e8 35 43 fc ff eb 82 0f 1f 00 be 01 00 00
0x00007f4d0dd30774:   00 4c 89 ef e8 d3 fd ff ff e9 6d ff ff ff 66 66
0x00007f4d0dd30784:   2e 0f 1f 84 00 00 00 00 00 0f 1f 00 55 48 89 e5
0x00007f4d0dd30794:   41 57 41 56 41 55 41 54 53 48 81 ec 08 02 00 00
0x00007f4d0dd307a4:   64 48 8b 04 25 28 00 00 00 48 89 45 c8 8b 07 83
0x00007f4d0dd307b4:   f8 02 0f 84 11 04 00 00 4c 8b 6f 18 49 89 ff 49
0x00007f4d0dd307c4:   89 f4 4d 85 ed 74 14 4c 89 ef e8 5d 57 22 00 41
0x00007f4d0dd307d4:   8b 07 83 f8 02 0f 84 19 04 00 00 48 8d 1d 9a 06
0x00007f4d0dd307e4:   8a 00 4c 8d 35 0b 3c 58 00 eb 38 90 48 85 d2 7f
0x00007f4d0dd307f4:   0d 48 8d 05 b4 c0 85 00 48 83 38 00 7e 0e 41 8b
0x00007f4d0dd30804:   77 2c 4c 89 f7 31 c0 e8 a0 b2 f7 ff 49 8b 7f 18 


Stack slot to memory mapping:
stack at sp + 0 slots: 0x00007f4ced618940 is pointing into the stack for thread: 0x00007f4d080b19c0
stack at sp + 1 slots: 0x00007f4d080b19c0 is a thread
stack at sp + 2 slots: 0x00007f4d0cb498c8 points into unknown readable memory: 0x65730018052dffff | ff ff 2d 05 18 00 73 65
stack at sp + 3 slots: 0x0000000800c417a0 is a pointer to class: 
jdk.vm.ci.services.Services {0x0000000800c417a0}
 - instance size:     2
 - klass size:        65
 - access:            public final synchronized 
 - state:             fully_initialized
 - name:              'jdk/vm/ci/services/Services'
 - super:             'java/lang/Object'
 - sub:               
 - arrays:            NULL
 - methods:           Array<T>(0x00007f4cedc45368)
 - method ordering:   Array<T>(0x0000000800928960)
 - default_methods:   Array<T>(0x0000000000000000)
 - local interfaces:  Array<T>(0x00000008005ce810)
 - trans. interfaces: Array<T>(0x00000008005ce810)
 - constants:         constant pool [427] {0x00007f4cedc44448} for 'jdk/vm/ci/services/Services' cache=0x00007f4cedc46638
 - class loader data:  loader data: 0x00007f4d08027b90 of 'bootstrap'
 - source file:       'Services.java'
 - class annotations:       Array<T>(0x0000000000000000)
 - class type annotations:  Array<T>(0x0000000000000000)
 - field annotations:       Array<T>(0x0000000000000000)
 - field type annotations:  Array<T>(0x0000000000000000)
 - inner classes:     Array<T>(0x00007f4cedc46608)
 - nest members:     Array<T>(0x00007f4cedc46628)
 - permitted subclasses:     Array<T>(0x00000008005ce7a0)
 - java mirror:       a 'java/lang/Class'{0x00000000e02b3858} = 'jdk/vm/ci/services/Services'
 - vtable length      5  (start addr: 0x0000000800c41970)
 - itable length      2 (start addr: 0x0000000800c41998)
 - ---- static fields (3 words):
 - public static final 'IS_BUILDING_NATIVE_IMAGE' 'Z' @128 
 - public static final 'IS_IN_NATIVE_IMAGE' 'Z' @129 
 - private static volatile 'savedProperties' 'Ljava/util/Map;' @112 
 - static final 'JVMCI_ENABLED' 'Z' @130 
 - private static final 'servicesCache' 'Ljava/util/Map;' @116 
 - private static final 'MAX_UNICODE_IN_UTF8_LENGTH' 'I' @120 
 - private static final 'MAX_UTF8_PROPERTY_STRING_LENGTH' 'I' @124 
 - ---- non-static fields (0 words):
 - non-static oop maps: 
stack at sp + 4 slots: 0x00007f4ced618500 is pointing into the stack for thread: 0x00007f4d080b19c0
stack at sp + 5 slots: 0x00007f4d0dcfc2fe: <offset 0x000000000093e2fe> in /nix/store/gpxl5qgg8kicmcvivwmybwjlpf7wh20l-graalvm17-ce-22.3.0/lib/server/libjvm.so at 0x00007f4d0d3be000
stack at sp + 6 slots: 0x00007f4ced6183e0 is pointing into the stack for thread: 0x00007f4d080b19c0
stack at sp + 7 slots: 0x00007f4ced618440 is pointing into the stack for thread: 0x00007f4d080b19c0


---------------  P R O C E S S  ---------------

Threads class SMR info:
_java_thread_list=0x00007f4c500030d0, length=28, elements={
0x00007f4d08025e30, 0x00007f4d080a5c80, 0x00007f4d080a70c0, 0x00007f4d080ad830,
0x00007f4d080aebe0, 0x00007f4d080affd0, 0x00007f4d080b19c0, 0x00007f4d080b2ed0,
0x00007f4d080b3f30, 0x00007f4d080d7050, 0x00007f4d0811f8b0, 0x00007f4d082f49b0,
0x00007f4d0833c830, 0x00007f4d0833f800, 0x00007f4c9c02f470, 0x00007f4c9c4343d0,
0x00007f4c8c0010d0, 0x00007f4c9c65c870, 0x00007f4c9c76efa0, 0x00007f4d08368590,
0x00007f4d083f5b90, 0x00007f4c8c015aa0, 0x00007f4c7402bbb0, 0x00007f4c841795c0,
0x00007f4c58001ba0, 0x00007f4c80093280, 0x00007f4c801657e0, 0x00007f4c801b8160
}

Java Threads: ( => current thread )
  0x00007f4d08025e30 JavaThread "main" [_thread_blocked, id=9546, stack(0x00007f4d0d1d9000,0x00007f4d0d2d9000)]
  0x00007f4d080a5c80 JavaThread "Reference Handler" daemon [_thread_blocked, id=9550, stack(0x00007f4d0c1f0000,0x00007f4d0c2f0000)]
  0x00007f4d080a70c0 JavaThread "Finalizer" daemon [_thread_blocked, id=9551, stack(0x00007f4d0c0f0000,0x00007f4d0c1f0000)]
  0x00007f4d080ad830 JavaThread "Signal Dispatcher" daemon [_thread_blocked, id=9552, stack(0x00007f4ced81a000,0x00007f4ced91a000)]
  0x00007f4d080aebe0 JavaThread "Service Thread" daemon [_thread_blocked, id=9553, stack(0x00007f4ced71a000,0x00007f4ced81a000)]
  0x00007f4d080affd0 JavaThread "Monitor Deflation Thread" daemon [_thread_blocked, id=9554, stack(0x00007f4ced61a000,0x00007f4ced71a000)]
=>0x00007f4d080b19c0 JavaThread "JVMCI-native CompilerThread0" daemon [_thread_in_vm, id=9555, stack(0x00007f4ced41a000,0x00007f4ced61a000)]
  0x00007f4d080b2ed0 JavaThread "C1 CompilerThread0" daemon [_thread_blocked, id=9556, stack(0x00007f4ced21a000,0x00007f4ced41a000)]
  0x00007f4d080b3f30 JavaThread "Sweeper thread" daemon [_thread_blocked, id=9557, stack(0x00007f4ced11a000,0x00007f4ced21a000)]
  0x00007f4d080d7050 JavaThread "Common-Cleaner" daemon [_thread_blocked, id=9558, stack(0x00007f4ced01a000,0x00007f4ced11a000)]
  0x00007f4d0811f8b0 JavaThread "Notification Thread" daemon [_thread_blocked, id=9559, stack(0x00007f4cecf1a000,0x00007f4ced01a000)]
  0x00007f4d082f49b0 JavaThread "Active Thread: Equinox Container: 652c038d-19d8-495a-b5bc-62e456754194" [_thread_blocked, id=9566, stack(0x00007f4cecc00000,0x00007f4cecd00000)]
  0x00007f4d0833c830 JavaThread "Framework Event Dispatcher: Equinox Container: 652c038d-19d8-495a-b5bc-62e456754194" daemon [_thread_blocked, id=9567, stack(0x00007f4ceca00000,0x00007f4cecb00000)]
  0x00007f4d0833f800 JavaThread "Start Level: Equinox Container: 652c038d-19d8-495a-b5bc-62e456754194" daemon [_thread_blocked, id=9568, stack(0x00007f4cec800000,0x00007f4cec900000)]
  0x00007f4c9c02f470 JavaThread "SCR Component Actor" daemon [_thread_blocked, id=9569, stack(0x00007f4cec600000,0x00007f4cec700000)]
  0x00007f4c9c4343d0 JavaThread "Worker-JM" [_thread_blocked, id=9589, stack(0x00007f4cec200000,0x00007f4cec300000)]
  0x00007f4c8c0010d0 JavaThread "Worker-1: Java indexing... " [_thread_blocked, id=9591, stack(0x00007f4cb4900000,0x00007f4cb4a00000)]
  0x00007f4c9c65c870 JavaThread "Java indexing" daemon [_thread_blocked, id=9596, stack(0x00007f4cb4500000,0x00007f4cb4600000)]
  0x00007f4c9c76efa0 JavaThread "Bundle File Closer" daemon [_thread_blocked, id=9597, stack(0x00007f4cb4300000,0x00007f4cb4400000)]
  0x00007f4d08368590 JavaThread "pool-3-thread-1" [_thread_blocked, id=9601, stack(0x00007f4cec400000,0x00007f4cec500000)]
  0x00007f4d083f5b90 JavaThread "pool-2-thread-1" [_thread_blocked, id=9602, stack(0x00007f4cb4100000,0x00007f4cb4200000)]
  0x00007f4c8c015aa0 JavaThread "Worker-3: Publish Diagnostics" [_thread_blocked, id=9603, stack(0x00007f4cb3f00000,0x00007f4cb4000000)]
  0x00007f4c7402bbb0 JavaThread "Worker-4" [_thread_blocked, id=9751, stack(0x00007f4cb4700000,0x00007f4cb4800000)]
  0x00007f4c841795c0 JavaThread "Worker-6" [_thread_blocked, id=9778, stack(0x00007f4cecd18000,0x00007f4cece18000)]
  0x00007f4c58001ba0 JavaThread "Worker-8: Compacting resource model" [_thread_blocked, id=9862, stack(0x00007f4cecb00000,0x00007f4cecc00000)]
  0x00007f4c80093280 JavaThread "Thread-174" [_thread_blocked, id=10088, stack(0x00007f4cec500000,0x00007f4cec600000)]
  0x00007f4c801657e0 JavaThread "Thread-178" [_thread_blocked, id=10146, stack(0x00007f4cec000000,0x00007f4cec100000)]
  0x00007f4c801b8160 JavaThread "Thread-180" [_thread_blocked, id=10187, stack(0x00007f4cec700000,0x00007f4cec800000)]

Other Threads:
  0x00007f4d080a13c0 VMThread "VM Thread" [stack: 0x00007f4d0c2f2000,0x00007f4d0c3f2000] [id=9549] _threads_hazard_ptr=0x00007f4c500030d0
  0x00007f4d08121250 WatcherThread [stack: 0x00007f4cece1a000,0x00007f4cecf1a000] [id=9560]
  0x00007f4d0803d730 GCTaskThread "GC Thread#0" [stack: 0x00007f4d0cd9c000,0x00007f4d0ce9c000] [id=9547]

Threads with active compile tasks:
JVMCI-native CompilerThread0  1302864 13136       4       org.eclipse.jdt.internal.compiler.lookup.SignatureWrapper::computeEnd (288 bytes)

VM state: synchronizing (normal execution)

VM Mutex/Monitor currently owned by a thread:  ([mutex/lock_event])
[0x00007f4d08022f80] Threads_lock - owner thread: 0x00007f4d080a13c0
[0x00007f4d08023730] Heap_lock - owner thread: 0x00007f4c8c015aa0

OutOfMemory and StackOverflow Exception counts:
OutOfMemoryError java_heap_errors=1
LinkageErrors=53

Heap address: 0x00000000e0000000, size: 512 MB, Compressed Oops mode: 32-bit

CDS archive(s) mapped at: [0x0000000800000000-0x0000000800bc8000-0x0000000800bc8000), size 12353536, SharedBaseAddress: 0x0000000800000000, ArchiveRelocationMode: 0.
Compressed class space mapped at: 0x0000000800c00000-0x0000000840c00000, reserved size: 1073741824
Narrow klass base: 0x0000000800000000, Narrow klass shift: 0, Narrow klass range: 0x100000000

GC Precious Log:
 CPUs: 8 total, 1 available
 Memory: 1024M
 Large Page Support: Disabled
 NUMA Support: Disabled
 Compressed Oops: Enabled (32-bit)
 Alignments: Space 512K, Generation 512K, Heap 2M
 Heap Min Capacity: 100M
 Heap Initial Capacity: 100M
 Heap Max Capacity: 512M
 Pre-touch: Disabled
 Parallel Workers: 1

Heap:
 PSYoungGen      total 45056K, used 29183K [0x00000000f5580000, 0x00000000f9200000, 0x0000000100000000)
  eden space 29184K, 99% used [0x00000000f5580000,0x00000000f71ffff8,0x00000000f7200000)
  from space 15872K, 0% used [0x00000000f7200000,0x00000000f7200000,0x00000000f8180000)
  to   space 15360K, 0% used [0x00000000f8200000,0x00000000f8200000,0x00000000f9100000)
 ParOldGen       total 349696K, used 349695K [0x00000000e0000000, 0x00000000f5580000, 0x00000000f5580000)
  object space 349696K, 99% used [0x00000000e0000000,0x00000000f557fdb0,0x00000000f5580000)
 Metaspace       used 58718K, committed 59648K, reserved 1105920K
  class space    used 5225K, committed 5632K, reserved 1048576K

Card table byte_map: [0x00007f4d0ce9c000,0x00007f4d0cf9d000] _byte_map_base: 0x00007f4d0c79c000

Marking Bits: (ParMarkBitMap*) 0x00007f4d0e5ec4c0
 Begin Bits: [0x00007f4cee4b3000, 0x00007f4ceecb3000)
 End Bits:   [0x00007f4ceecb3000, 0x00007f4cef4b3000)

Polling page: 0x00007f4d0d1b6000

Metaspace:

Usage:
  Non-class:     52.24 MB used.
      Class:      5.10 MB used.
       Both:     57.34 MB used.

Virtual space:
  Non-class space:       56.00 MB reserved,      52.75 MB ( 94%) committed,  7 nodes.
      Class space:        1.00 GB reserved,       5.50 MB ( <1%) committed,  1 nodes.
             Both:        1.05 GB reserved,      58.25 MB (  5%) committed. 

Chunk freelists:
   Non-Class:  2.71 MB
       Class:  2.52 MB
        Both:  5.23 MB

MaxMetaspaceSize: unlimited
CompressedClassSpaceSize: 1.00 GB
Initial GC threshold: 21.00 MB
Current GC threshold: 96.88 MB
CDS: on
MetaspaceReclaimPolicy: balanced
 - commit_granule_bytes: 65536.
 - commit_granule_words: 8192.
 - virtual_space_node_default_size: 1048576.
 - enlarge_chunks_in_place: 1.
 - new_chunks_are_fully_committed: 0.
 - uncommit_free_chunks: 1.
 - use_allocation_guard: 0.
 - handle_deallocations: 1.


Internal statistics:

num_allocs_failed_limit: 6.
num_arena_births: 488.
num_arena_deaths: 142.
num_vsnodes_births: 8.
num_vsnodes_deaths: 0.
num_space_committed: 930.
num_space_uncommitted: 0.
num_chunks_returned_to_freelist: 198.
num_chunks_taken_from_freelist: 2946.
num_chunk_merges: 82.
num_chunk_splits: 1911.
num_chunks_enlarged: 1187.
num_purges: 12.
num_inconsistent_stats: 0.

CodeHeap 'non-profiled nmethods': size=120036Kb used=3066Kb max_used=3066Kb free=116969Kb
 bounds [0x00007f4cf6f7a000, 0x00007f4cf727a000, 0x00007f4cfe4b3000]
CodeHeap 'profiled nmethods': size=120032Kb used=25097Kb max_used=25097Kb free=94934Kb
 bounds [0x00007f4cefa42000, 0x00007f4cf12d2000, 0x00007f4cf6f7a000]
CodeHeap 'non-nmethods': size=5692Kb used=1358Kb max_used=1367Kb free=4333Kb
 bounds [0x00007f4cef4b3000, 0x00007f4cef723000, 0x00007f4cefa42000]
 total_blobs=10052 nmethods=9361 adapters=583
 compilation: enabled
              stopped_count=0, restarted_count=0
 full_count=0

JVMCI Events (20 events):
Event: 1148.771 Thread 0x00007f4d080b19c0 created JavaVM[6]@0x00007f4cb399e340 for JVMCI runtime 0
Event: 1150.566 Thread 0x00007f4d080b19c0 initializing JVMCI runtime 0
Event: 1150.566 Thread 0x00007f4d080b19c0 done waiting for JavaVM references initialization in JVMCI runtime 0
Event: 1205.084 Thread 0x00007f4d080b19c0 initialized JVMCI runtime 0
Event: 1235.751 Thread 0x00007f4d080b19c0 compacted oop handles in JVMCI runtime 0 from 61 to 58
Event: 1238.204 Thread 0x00007f4d080b19c0 compacted oop handles in JVMCI runtime 0 from 71 to 68
Event: 1279.472 Thread 0x00007f4d080b19c0 compacted oop handles in JVMCI runtime 0 from 91 to 83
Event: 1279.472 Thread 0x00007f4d080b19c0 compacted oop handles in JVMCI runtime 0 from 84 to 67
Event: 1279.475 Thread 0x00007f4d080b19c0 compacted oop handles in JVMCI runtime 0 from 75 to 72
Event: 1281.474 Thread 0x00007f4d080b19c0 detaching from JVMCI runtime 0: releasing idle compiler thread (0 other threads still attached)
Event: 1281.474 Thread 0x00007f4d080b19c0 shutting down HotSpotJVMCIRuntime for JVMCI runtime 0
Event: 1281.474 Thread 0x00007f4d080b19c0 shut down JVMCI runtime 0
Event: 1283.280 Thread 0x00007f4d080b19c0 destroyed JavaVM[6]@0x00007f4cb399e340 for JVMCI runtime 0
Event: 1283.280 Thread 0x00007f4d080b19c0 compacted oop handles in JVMCI runtime 0 from 72 to 72
Event: 1283.280 Thread 0x00007f4d080b19c0 releasing handles for JVMCI runtime 0: oop handles=72, metadata handles={total=192, live=166, blocks=33}
Event: 1283.280 Thread 0x00007f4d080b19c0 detached from JVMCI runtime 0
Event: 1290.491 Thread 0x00007f4d080b19c0 attached to JVMCI runtime 0
Event: 1290.494 Thread 0x00007f4d080b19c0 created JavaVM[7]@0x00007f4cb399e340 for JVMCI runtime 0
Event: 1292.282 Thread 0x00007f4d080b19c0 initializing JVMCI runtime 0
Event: 1292.282 Thread 0x00007f4d080b19c0 done waiting for JavaVM references initialization in JVMCI runtime 0

Compilation events (20 events):
Event: 982.581 Thread 0x00007f4d080b19c0 nmethod 13126 0x00007f4cf7272c10 code [0x00007f4cf7272e00, 0x00007f4cf7273610]
Event: 982.582 Thread 0x00007f4d080b19c0 13125       4       org.eclipse.jdt.internal.compiler.lookup.UnresolvedReferenceBinding::addWrapper (75 bytes)
Event: 999.171 Thread 0x00007f4d080b19c0 nmethod 13125 0x00007f4cf7273990 code [0x00007f4cf7273b20, 0x00007f4cf7273e00]
Event: 1044.560 Thread 0x00007f4d080b19c0 13127       4       org.eclipse.core.runtime.SubMonitor::isCanceled (20 bytes)
Event: 1085.177 Thread 0x00007f4d080b19c0 nmethod 13127 0x00007f4cf7273f90 code [0x00007f4cf7274180, 0x00007f4cf72745a0]
Event: 1148.769 Thread 0x00007f4d080b19c0 13128       4       org.eclipse.jdt.internal.compiler.lookup.ReferenceBinding::isViewedAsDeprecated (47 bytes)
Event: 1197.775 Thread 0x00007f4d080b2ed0 13131       3       java.util.concurrent.ThreadPoolExecutor::workerCountOf (5 bytes)
Event: 1201.552 Thread 0x00007f4d080b2ed0 nmethod 13131 0x00007f4cf12c3a10 code [0x00007f4cf12c3ba0, 0x00007f4cf12c3c90]
Event: 1235.749 Thread 0x00007f4d080b2ed0 13133       1       java.util.concurrent.ThreadPoolExecutor::getQueue (5 bytes)
Event: 1235.749 Thread 0x00007f4d080b2ed0 nmethod 13133 0x00007f4cf7274910 code [0x00007f4cf7274aa0, 0x00007f4cf7274b70]
Event: 1235.751 Thread 0x00007f4d080b19c0 nmethod 13128 0x00007f4cf7274c10 code [0x00007f4cf7274de0, 0x00007f4cf7274fc0]
Event: 1235.756 Thread 0x00007f4d080b19c0 13130       4       org.eclipse.jdt.internal.compiler.lookup.BinaryTypeBinding::resolveType (207 bytes)
Event: 1238.192 Thread 0x00007f4d080b2ed0 13134       3       java.util.concurrent.ScheduledThreadPoolExecutor$DelayedWorkQueue::setIndex (16 bytes)
Event: 1238.192 Thread 0x00007f4d080b2ed0 nmethod 13134 0x00007f4cf12c3d10 code [0x00007f4cf12c3ec0, 0x00007f4cf12c4490]
Event: 1238.204 Thread 0x00007f4d080b19c0 nmethod 13130 0x00007f4cf7275190 code [0x00007f4cf72753e0, 0x00007f4cf72759b0]
Event: 1238.204 Thread 0x00007f4d080b19c0 13132       4       org.eclipse.jdt.internal.compiler.lookup.Scope$Substitutor::substitute (850 bytes)
Event: 1279.472 Thread 0x00007f4d080b19c0 nmethod 13132 0x00007f4cf7275f90 code [0x00007f4cf72762c0, 0x00007f4cf7277630]
Event: 1279.472 Thread 0x00007f4d080b19c0 13129       4       org.eclipse.jdt.internal.compiler.lookup.PackageBinding::isViewedAsDeprecated (89 bytes)
Event: 1279.475 Thread 0x00007f4d080b19c0 nmethod 13129 0x00007f4cf7278690 code [0x00007f4cf7278820, 0x00007f4cf7278930]
Event: 1290.491 Thread 0x00007f4d080b19c0 13136       4       org.eclipse.jdt.internal.compiler.lookup.SignatureWrapper::computeEnd (288 bytes)

GC Heap History (20 events):
Event: 1281.475 GC heap before
{Heap before GC invocations=659 (full 522):
 PSYoungGen      total 45056K, used 29183K [0x00000000f5580000, 0x00000000f9200000, 0x0000000100000000)
  eden space 29184K, 99% used [0x00000000f5580000,0x00000000f71fffe8,0x00000000f7200000)
  from space 15872K, 0% used [0x00000000f7200000,0x00000000f7200000,0x00000000f8180000)
  to   space 15360K, 0% used [0x00000000f8200000,0x00000000f8200000,0x00000000f9100000)
 ParOldGen       total 349696K, used 349688K [0x00000000e0000000, 0x00000000f5580000, 0x00000000f5580000)
  object space 349696K, 99% used [0x00000000e0000000,0x00000000f557e368,0x00000000f5580000)
 Metaspace       used 58718K, committed 59648K, reserved 1105920K
  class space    used 5225K, committed 5632K, reserved 1048576K
}
Event: 1283.280 GC heap after
{Heap after GC invocations=659 (full 522):
 PSYoungGen      total 44544K, used 29183K [0x00000000f5580000, 0x00000000f9200000, 0x0000000100000000)
  eden space 29184K, 99% used [0x00000000f5580000,0x00000000f71fffe8,0x00000000f7200000)
  from space 15360K, 0% used [0x00000000f8200000,0x00000000f8200000,0x00000000f9100000)
  to   space 15872K, 0% used [0x00000000f7200000,0x00000000f7200000,0x00000000f8180000)
 ParOldGen       total 349696K, used 349688K [0x00000000e0000000, 0x00000000f5580000, 0x00000000f5580000)
  object space 349696K, 99% used [0x00000000e0000000,0x00000000f557e368,0x00000000f5580000)
 Metaspace       used 58718K, committed 59648K, reserved 1105920K
  class space    used 5225K, committed 5632K, reserved 1048576K
}
Event: 1283.280 GC heap before
{Heap before GC invocations=660 (full 523):
 PSYoungGen      total 44544K, used 29183K [0x00000000f5580000, 0x00000000f9200000, 0x0000000100000000)
  eden space 29184K, 99% used [0x00000000f5580000,0x00000000f71ffff8,0x00000000f7200000)
  from space 15360K, 0% used [0x00000000f8200000,0x00000000f8200000,0x00000000f9100000)
  to   space 15872K, 0% used [0x00000000f7200000,0x00000000f7200000,0x00000000f8180000)
 ParOldGen       total 349696K, used 349691K [0x00000000e0000000, 0x00000000f5580000, 0x00000000f5580000)
  object space 349696K, 99% used [0x00000000e0000000,0x00000000f557ee20,0x00000000f5580000)
 Metaspace       used 58718K, committed 59648K, reserved 1105920K
  class space    used 5225K, committed 5632K, reserved 1048576K
}
Event: 1285.084 GC heap after
{Heap after GC invocations=660 (full 523):
 PSYoungGen      total 45056K, used 29183K [0x00000000f5580000, 0x00000000f9200000, 0x0000000100000000)
  eden space 29184K, 99% used [0x00000000f5580000,0x00000000f71fff60,0x00000000f7200000)
  from space 15872K, 0% used [0x00000000f7200000,0x00000000f7200000,0x00000000f8180000)
  to   space 15360K, 0% used [0x00000000f8200000,0x00000000f8200000,0x00000000f9100000)
 ParOldGen       total 349696K, used 349688K [0x00000000e0000000, 0x00000000f5580000, 0x00000000f5580000)
  object space 349696K, 99% used [0x00000000e0000000,0x00000000f557e3f8,0x00000000f5580000)
 Metaspace       used 58718K, committed 59648K, reserved 1105920K
  class space    used 5225K, committed 5632K, reserved 1048576K
}
Event: 1285.085 GC heap before
{Heap before GC invocations=661 (full 524):
 PSYoungGen      total 45056K, used 29183K [0x00000000f5580000, 0x00000000f9200000, 0x0000000100000000)
  eden space 29184K, 99% used [0x00000000f5580000,0x00000000f71ffff0,0x00000000f7200000)
  from space 15872K, 0% used [0x00000000f7200000,0x00000000f7200000,0x00000000f8180000)
  to   space 15360K, 0% used [0x00000000f8200000,0x00000000f8200000,0x00000000f9100000)
 ParOldGen       total 349696K, used 349688K [0x00000000e0000000, 0x00000000f5580000, 0x00000000f5580000)
  object space 349696K, 99% used [0x00000000e0000000,0x00000000f557e3f8,0x00000000f5580000)
 Metaspace       used 58718K, committed 59648K, reserved 1105920K
  class space    used 5225K, committed 5632K, reserved 1048576K
}
Event: 1286.878 GC heap after
{Heap after GC invocations=661 (full 524):
 PSYoungGen      total 44544K, used 29183K [0x00000000f5580000, 0x00000000f9200000, 0x0000000100000000)
  eden space 29184K, 99% used [0x00000000f5580000,0x00000000f71fffd0,0x00000000f7200000)
  from space 15360K, 0% used [0x00000000f8200000,0x00000000f8200000,0x00000000f9100000)
  to   space 15872K, 0% used [0x00000000f7200000,0x00000000f7200000,0x00000000f8180000)
 ParOldGen       total 349696K, used 349688K [0x00000000e0000000, 0x00000000f5580000, 0x00000000f5580000)
  object space 349696K, 99% used [0x00000000e0000000,0x00000000f557e320,0x00000000f5580000)
 Metaspace       used 58718K, committed 59648K, reserved 1105920K
  class space    used 5225K, committed 5632K, reserved 1048576K
}
Event: 1286.879 GC heap before
{Heap before GC invocations=662 (full 525):
 PSYoungGen      total 44544K, used 29183K [0x00000000f5580000, 0x00000000f9200000, 0x0000000100000000)
  eden space 29184K, 99% used [0x00000000f5580000,0x00000000f71ffff8,0x00000000f7200000)
  from space 15360K, 0% used [0x00000000f8200000,0x00000000f8200000,0x00000000f9100000)
  to   space 15872K, 0% used [0x00000000f7200000,0x00000000f7200000,0x00000000f8180000)
 ParOldGen       total 349696K, used 349688K [0x00000000e0000000, 0x00000000f5580000, 0x00000000f5580000)
  object space 349696K, 99% used [0x00000000e0000000,0x00000000f557e320,0x00000000f5580000)
 Metaspace       used 58718K, committed 59648K, reserved 1105920K
  class space    used 5225K, committed 5632K, reserved 1048576K
}
Event: 1288.659 GC heap after
{Heap after GC invocations=662 (full 525):
 PSYoungGen      total 45056K, used 29183K [0x00000000f5580000, 0x00000000f9200000, 0x0000000100000000)
  eden space 29184K, 99% used [0x00000000f5580000,0x00000000f71fffc8,0x00000000f7200000)
  from space 15872K, 0% used [0x00000000f7200000,0x00000000f7200000,0x00000000f8180000)
  to   space 15360K, 0% used [0x00000000f8200000,0x00000000f8200000,0x00000000f9100000)
 ParOldGen       total 349696K, used 349688K [0x00000000e0000000, 0x00000000f5580000, 0x00000000f5580000)
  object space 349696K, 99% used [0x00000000e0000000,0x00000000f557e320,0x00000000f5580000)
 Metaspace       used 58718K, committed 59648K, reserved 1105920K
  class space    used 5225K, committed 5632K, reserved 1048576K
}
Event: 1288.659 GC heap before
{Heap before GC invocations=663 (full 526):
 PSYoungGen      total 45056K, used 29184K [0x00000000f5580000, 0x00000000f9200000, 0x0000000100000000)
  eden space 29184K, 100% used [0x00000000f5580000,0x00000000f7200000,0x00000000f7200000)
  from space 15872K, 0% used [0x00000000f7200000,0x00000000f7200000,0x00000000f8180000)
  to   space 15360K, 0% used [0x00000000f8200000,0x00000000f8200000,0x00000000f9100000)
 ParOldGen       total 349696K, used 349691K [0x00000000e0000000, 0x00000000f5580000, 0x00000000f5580000)
  object space 349696K, 99% used [0x00000000e0000000,0x00000000f557ecc0,0x00000000f5580000)
 Metaspace       used 58718K, committed 59648K, reserved 1105920K
  class space    used 5225K, committed 5632K, reserved 1048576K
}
Event: 1290.491 GC heap after
{Heap after GC invocations=663 (full 526):
 PSYoungGen      total 44544K, used 29184K [0x00000000f5580000, 0x00000000f9200000, 0x0000000100000000)
  eden space 29184K, 100% used [0x00000000f5580000,0x00000000f7200000,0x00000000f7200000)
  from space 15360K, 0% used [0x00000000f8200000,0x00000000f8200000,0x00000000f9100000)
  to   space 15872K, 0% used [0x00000000f7200000,0x00000000f7200000,0x00000000f8180000)
 ParOldGen       total 349696K, used 349690K [0x00000000e0000000, 0x00000000f5580000, 0x00000000f5580000)
  object space 349696K, 99% used [0x00000000e0000000,0x00000000f557ea78,0x00000000f5580000)
 Metaspace       used 58718K, committed 59648K, reserved 1105920K
  class space    used 5225K, committed 5632K, reserved 1048576K
}
Event: 1290.494 GC heap before
{Heap before GC invocations=664 (full 527):
 PSYoungGen      total 44544K, used 29184K [0x00000000f5580000, 0x00000000f9200000, 0x0000000100000000)
  eden space 29184K, 100% used [0x00000000f5580000,0x00000000f7200000,0x00000000f7200000)
  from space 15360K, 0% used [0x00000000f8200000,0x00000000f8200000,0x00000000f9100000)
  to   space 15872K, 0% used [0x00000000f7200000,0x00000000f7200000,0x00000000f8180000)
 ParOldGen       total 349696K, used 349692K [0x00000000e0000000, 0x00000000f5580000, 0x00000000f5580000)
  object space 349696K, 99% used [0x00000000e0000000,0x00000000f557f3c8,0x00000000f5580000)
 Metaspace       used 58718K, committed 59648K, reserved 1105920K
  class space    used 5225K, committed 5632K, reserved 1048576K
}
Event: 1292.282 GC heap after
{Heap after GC invocations=664 (full 527):
 PSYoungGen      total 45056K, used 29184K [0x00000000f5580000, 0x00000000f9200000, 0x0000000100000000)
  eden space 29184K, 100% used [0x00000000f5580000,0x00000000f7200000,0x00000000f7200000)
  from space 15872K, 0% used [0x00000000f7200000,0x00000000f7200000,0x00000000f8180000)
  to   space 15360K, 0% used [0x00000000f8200000,0x00000000f8200000,0x00000000f9100000)
 ParOldGen       total 349696K, used 349691K [0x00000000e0000000, 0x00000000f5580000, 0x00000000f5580000)
  object space 349696K, 99% used [0x00000000e0000000,0x00000000f557efe0,0x00000000f5580000)
 Metaspace       used 58718K, committed 59648K, reserved 1105920K
  class space    used 5225K, committed 5632K, reserved 1048576K
}
Event: 1292.283 GC heap before
{Heap before GC invocations=665 (full 528):
 PSYoungGen      total 45056K, used 29184K [0x00000000f5580000, 0x00000000f9200000, 0x0000000100000000)
  eden space 29184K, 100% used [0x00000000f5580000,0x00000000f7200000,0x00000000f7200000)
  from space 15872K, 0% used [0x00000000f7200000,0x00000000f7200000,0x00000000f8180000)
  to   space 15360K, 0% used [0x00000000f8200000,0x00000000f8200000,0x00000000f9100000)
 ParOldGen       total 349696K, used 349694K [0x00000000e0000000, 0x00000000f5580000, 0x00000000f5580000)
  object space 349696K, 99% used [0x00000000e0000000,0x00000000f557f988,0x00000000f5580000)
 Metaspace       used 58718K, committed 59648K, reserved 1105920K
  class space    used 5225K, committed 5632K, reserved 1048576K
}
Event: 1294.102 GC heap after
{Heap after GC invocations=665 (full 528):
 PSYoungGen      total 44544K, used 29184K [0x00000000f5580000, 0x00000000f9200000, 0x0000000100000000)
  eden space 29184K, 100% used [0x00000000f5580000,0x00000000f7200000,0x00000000f7200000)
  from space 15360K, 0% used [0x00000000f8200000,0x00000000f8200000,0x00000000f9100000)
  to   space 15872K, 0% used [0x00000000f7200000,0x00000000f7200000,0x00000000f8180000)
 ParOldGen       total 349696K, used 349693K [0x00000000e0000000, 0x00000000f5580000, 0x00000000f5580000)
  object space 349696K, 99% used [0x00000000e0000000,0x00000000f557f4f8,0x00000000f5580000)
 Metaspace       used 58718K, committed 59648K, reserved 1105920K
  class space    used 5225K, committed 5632K, reserved 1048576K
}
Event: 1294.103 GC heap before
{Heap before GC invocations=666 (full 529):
 PSYoungGen      total 44544K, used 29184K [0x00000000f5580000, 0x00000000f9200000, 0x0000000100000000)
  eden space 29184K, 100% used [0x00000000f5580000,0x00000000f7200000,0x00000000f7200000)
  from space 15360K, 0% used [0x00000000f8200000,0x00000000f8200000,0x00000000f9100000)
  to   space 15872K, 0% used [0x00000000f7200000,0x00000000f7200000,0x00000000f8180000)
 ParOldGen       total 349696K, used 349694K [0x00000000e0000000, 0x00000000f5580000, 0x00000000f5580000)
  object space 349696K, 99% used [0x00000000e0000000,0x00000000f557fb80,0x00000000f5580000)
 Metaspace       used 58718K, committed 59648K, reserved 1105920K
  class space    used 5225K, committed 5632K, reserved 1048576K
}
Event: 1295.969 GC heap after
{Heap after GC invocations=666 (full 529):
 PSYoungGen      total 45056K, used 29184K [0x00000000f5580000, 0x00000000f9200000, 0x0000000100000000)
  eden space 29184K, 100% used [0x00000000f5580000,0x00000000f7200000,0x00000000f7200000)
  from space 15872K, 0% used [0x00000000f7200000,0x00000000f7200000,0x00000000f8180000)
  to   space 15360K, 0% used [0x00000000f8200000,0x00000000f8200000,0x00000000f9100000)
 ParOldGen       total 349696K, used 349693K [0x00000000e0000000, 0x00000000f5580000, 0x00000000f5580000)
  object space 349696K, 99% used [0x00000000e0000000,0x00000000f557f7b8,0x00000000f5580000)
 Metaspace       used 58718K, committed 59648K, reserved 1105920K
  class space    used 5225K, committed 5632K, reserved 1048576K
}
Event: 1295.969 GC heap before
{Heap before GC invocations=667 (full 530):
 PSYoungGen      total 45056K, used 29184K [0x00000000f5580000, 0x00000000f9200000, 0x0000000100000000)
  eden space 29184K, 100% used [0x00000000f5580000,0x00000000f7200000,0x00000000f7200000)
  from space 15872K, 0% used [0x00000000f7200000,0x00000000f7200000,0x00000000f8180000)
  to   space 15360K, 0% used [0x00000000f8200000,0x00000000f8200000,0x00000000f9100000)
 ParOldGen       total 349696K, used 349694K [0x00000000e0000000, 0x00000000f5580000, 0x00000000f5580000)
  object space 349696K, 99% used [0x00000000e0000000,0x00000000f557fa70,0x00000000f5580000)
 Metaspace       used 58718K, committed 59648K, reserved 1105920K
  class space    used 5225K, committed 5632K, reserved 1048576K
}
Event: 1297.954 GC heap after
{Heap after GC invocations=667 (full 530):
 PSYoungGen      total 44544K, used 29183K [0x00000000f5580000, 0x00000000f9200000, 0x0000000100000000)
  eden space 29184K, 99% used [0x00000000f5580000,0x00000000f71fffc0,0x00000000f7200000)
  from space 15360K, 0% used [0x00000000f8200000,0x00000000f8200000,0x00000000f9100000)
  to   space 15872K, 0% used [0x00000000f7200000,0x00000000f7200000,0x00000000f8180000)
 ParOldGen       total 349696K, used 349694K [0x00000000e0000000, 0x00000000f5580000, 0x00000000f5580000)
  object space 349696K, 99% used [0x00000000e0000000,0x00000000f557f8a8,0x00000000f5580000)
 Metaspace       used 58718K, committed 59648K, reserved 1105920K
  class space    used 5225K, committed 5632K, reserved 1048576K
}
Event: 1297.954 GC heap before
{Heap before GC invocations=668 (full 531):
 PSYoungGen      total 44544K, used 29183K [0x00000000f5580000, 0x00000000f9200000, 0x0000000100000000)
  eden space 29184K, 99% used [0x00000000f5580000,0x00000000f71fffc0,0x00000000f7200000)
  from space 15360K, 0% used [0x00000000f8200000,0x00000000f8200000,0x00000000f9100000)
  to   space 15872K, 0% used [0x00000000f7200000,0x00000000f7200000,0x00000000f8180000)
 ParOldGen       total 349696K, used 349694K [0x00000000e0000000, 0x00000000f5580000, 0x00000000f5580000)
  object space 349696K, 99% used [0x00000000e0000000,0x00000000f557f8a8,0x00000000f5580000)
 Metaspace       used 58718K, committed 59648K, reserved 1105920K
  class space    used 5225K, committed 5632K, reserved 1048576K
}
Event: 1302.697 GC heap after
{Heap after GC invocations=668 (full 531):
 PSYoungGen      total 45056K, used 29183K [0x00000000f5580000, 0x00000000f9200000, 0x0000000100000000)
  eden space 29184K, 99% used [0x00000000f5580000,0x00000000f71fffc0,0x00000000f7200000)
  from space 15872K, 0% used [0x00000000f7200000,0x00000000f7200000,0x00000000f8180000)
  to   space 15360K, 0% used [0x00000000f8200000,0x00000000f8200000,0x00000000f9100000)
 ParOldGen       total 349696K, used 349694K [0x00000000e0000000, 0x00000000f5580000, 0x00000000f5580000)
  object space 349696K, 99% used [0x00000000e0000000,0x00000000f557f8a8,0x00000000f5580000)
 Metaspace       used 58718K, committed 59648K, reserved 1105920K
  class space    used 5225K, committed 5632K, reserved 1048576K
}

Dll operation events (8 events):
Event: 0.015 Loaded shared library /nix/store/gpxl5qgg8kicmcvivwmybwjlpf7wh20l-graalvm17-ce-22.3.0/lib/libjava.so
Event: 0.070 Loaded shared library /nix/store/gpxl5qgg8kicmcvivwmybwjlpf7wh20l-graalvm17-ce-22.3.0/lib/libjsvml.so
Event: 0.365 Loaded shared library /nix/store/gpxl5qgg8kicmcvivwmybwjlpf7wh20l-graalvm17-ce-22.3.0/lib/libnio.so
Event: 0.370 Loaded shared library /nix/store/gpxl5qgg8kicmcvivwmybwjlpf7wh20l-graalvm17-ce-22.3.0/lib/libzip.so
Event: 0.393 Loaded shared library /nix/store/gpxl5qgg8kicmcvivwmybwjlpf7wh20l-graalvm17-ce-22.3.0/lib/libjvmcicompiler.so
Event: 0.864 Loaded shared library /nix/store/gpxl5qgg8kicmcvivwmybwjlpf7wh20l-graalvm17-ce-22.3.0/lib/libjimage.so
Event: 2.975 Loaded shared library /nix/store/gpxl5qgg8kicmcvivwmybwjlpf7wh20l-graalvm17-ce-22.3.0/lib/libnet.so
Event: 4.468 Loaded shared library /home/runner/JavaCourseTHS-CS/.cache/jdt-language-server/config/org.eclipse.equinox.launcher/org.eclipse.equinox.launcher.gtk.linux.x86_64_1.2.400.v20211117-0650/eclipse_11600.so

Deoptimization events (20 events):
Event: 257.771 Thread 0x00007f4c9c65c870 DEOPT PACKING pc=0x00007f4cf11e4b5d sp=0x00007f4cb45fe530
Event: 257.771 Thread 0x00007f4c9c65c870 DEOPT UNPACKING pc=0x00007f4cef505325 sp=0x00007f4cb45fda20 mode 0
Event: 259.950 Thread 0x00007f4c9c65c870 DEOPT PACKING pc=0x00007f4cf11e4b5d sp=0x00007f4cb45fe530
Event: 259.950 Thread 0x00007f4c9c65c870 DEOPT UNPACKING pc=0x00007f4cef505325 sp=0x00007f4cb45fda20 mode 0
Event: 259.958 Thread 0x00007f4c9c65c870 DEOPT PACKING pc=0x00007f4cf11e4b5d sp=0x00007f4cb45fe530
Event: 259.958 Thread 0x00007f4c9c65c870 DEOPT UNPACKING pc=0x00007f4cef505325 sp=0x00007f4cb45fda20 mode 0
Event: 259.962 Thread 0x00007f4c9c65c870 DEOPT PACKING pc=0x00007f4cf11e4b5d sp=0x00007f4cb45fe530
Event: 259.962 Thread 0x00007f4c9c65c870 DEOPT UNPACKING pc=0x00007f4cef505325 sp=0x00007f4cb45fda20 mode 0
Event: 261.865 Thread 0x00007f4c9c65c870 DEOPT PACKING pc=0x00007f4cf11e4b5d sp=0x00007f4cb45fe530
Event: 261.865 Thread 0x00007f4c9c65c870 DEOPT UNPACKING pc=0x00007f4cef505325 sp=0x00007f4cb45fda20 mode 0
Event: 261.867 Thread 0x00007f4c9c65c870 DEOPT PACKING pc=0x00007f4cf11e4b5d sp=0x00007f4cb45fe530
Event: 261.867 Thread 0x00007f4c9c65c870 DEOPT UNPACKING pc=0x00007f4cef505325 sp=0x00007f4cb45fda20 mode 0
Event: 261.870 Thread 0x00007f4c9c65c870 DEOPT PACKING pc=0x00007f4cf11e4b5d sp=0x00007f4cb45fe530
Event: 261.870 Thread 0x00007f4c9c65c870 DEOPT UNPACKING pc=0x00007f4cef505325 sp=0x00007f4cb45fda20 mode 0
Event: 261.872 Thread 0x00007f4c9c65c870 DEOPT PACKING pc=0x00007f4cf11e4b5d sp=0x00007f4cb45fe530
Event: 261.872 Thread 0x00007f4c9c65c870 DEOPT UNPACKING pc=0x00007f4cef505325 sp=0x00007f4cb45fda20 mode 0
Event: 261.875 Thread 0x00007f4c9c65c870 DEOPT PACKING pc=0x00007f4cf11e4b5d sp=0x00007f4cb45fe530
Event: 261.875 Thread 0x00007f4c9c65c870 DEOPT UNPACKING pc=0x00007f4cef505325 sp=0x00007f4cb45fda20 mode 0
Event: 269.552 Thread 0x00007f4c58001ba0 DEOPT PACKING pc=0x00007f4cf01d869e sp=0x00007f4cecbfca70
Event: 269.552 Thread 0x00007f4c58001ba0 DEOPT UNPACKING pc=0x00007f4cef505325 sp=0x00007f4cecbfbf38 mode 0

Classes unloaded (20 events):
Event: 224.989 Thread 0x00007f4d080a13c0 Unloading class 0x0000000800ff1c00 'jdk/internal/reflect/GeneratedSerializationConstructorAccessor33'
Event: 224.989 Thread 0x00007f4d080a13c0 Unloading class 0x0000000800ff1800 'jdk/internal/reflect/GeneratedSerializationConstructorAccessor32'
Event: 224.989 Thread 0x00007f4d080a13c0 Unloading class 0x0000000800ff1400 'jdk/internal/reflect/GeneratedSerializationConstructorAccessor31'
Event: 224.989 Thread 0x00007f4d080a13c0 Unloading class 0x0000000800ff1000 'jdk/internal/reflect/GeneratedSerializationConstructorAccessor30'
Event: 296.879 Thread 0x00007f4d080a13c0 Unloading class 0x0000000800e0d000 'jdk/internal/reflect/GeneratedMethodAccessor8'
Event: 296.879 Thread 0x00007f4d080a13c0 Unloading class 0x0000000800e0cc00 'jdk/internal/reflect/GeneratedMethodAccessor7'
Event: 316.581 Thread 0x00007f4d080a13c0 Unloading class 0x0000000800da4400 'java/lang/invoke/LambdaForm$MH+0x0000000800da4400'
Event: 316.581 Thread 0x00007f4d080a13c0 Unloading class 0x0000000800d91400 'java/lang/invoke/LambdaForm$MH+0x0000000800d91400'
Event: 316.581 Thread 0x00007f4d080a13c0 Unloading class 0x0000000800d91000 'java/lang/invoke/LambdaForm$MH+0x0000000800d91000'
Event: 316.581 Thread 0x00007f4d080a13c0 Unloading class 0x0000000800d90c00 'java/lang/invoke/LambdaForm$MH+0x0000000800d90c00'
Event: 316.581 Thread 0x00007f4d080a13c0 Unloading class 0x0000000800d90800 'java/lang/invoke/LambdaForm$MH+0x0000000800d90800'
Event: 316.581 Thread 0x00007f4d080a13c0 Unloading class 0x0000000800d90400 'java/lang/invoke/LambdaForm$MH+0x0000000800d90400'
Event: 316.581 Thread 0x00007f4d080a13c0 Unloading class 0x0000000800d90000 'java/lang/invoke/LambdaForm$MH+0x0000000800d90000'
Event: 390.865 Thread 0x00007f4d080a13c0 Unloading class 0x0000000801155000 'jdk/internal/reflect/GeneratedMethodAccessor21'
Event: 390.865 Thread 0x00007f4d080a13c0 Unloading class 0x0000000801154c00 'jdk/internal/reflect/GeneratedMethodAccessor20'
Event: 390.865 Thread 0x00007f4d080a13c0 Unloading class 0x0000000801154800 'jdk/internal/reflect/GeneratedMethodAccessor19'
Event: 390.865 Thread 0x00007f4d080a13c0 Unloading class 0x0000000801154400 'jdk/internal/reflect/GeneratedMethodAccessor18'
Event: 390.865 Thread 0x00007f4d080a13c0 Unloading class 0x000000080114d800 'jdk/internal/reflect/GeneratedMethodAccessor15'
Event: 390.865 Thread 0x00007f4d080a13c0 Unloading class 0x0000000801080400 'jdk/internal/reflect/GeneratedMethodAccessor11'
Event: 464.131 Thread 0x00007f4d080a13c0 Unloading class 0x0000000800d7c000 'jdk/internal/reflect/GeneratedConstructorAccessor3'

Classes redefined (0 events):
No events

Internal exceptions (20 events):
Event: 191.661 Thread 0x00007f4c80094770 Exception <a 'java/lang/ArrayIndexOutOfBoundsException'{0x00000000f58244f8}> (0x00000000f58244f8) 
thrown [src/hotspot/share/runtime/sharedRuntime.cpp, line 628]
Event: 196.567 Thread 0x00007f4c80094770 Exception <a 'java/lang/ArrayIndexOutOfBoundsException'{0x00000000f5b1d710}> (0x00000000f5b1d710) 
thrown [src/hotspot/share/runtime/sharedRuntime.cpp, line 628]
Event: 197.692 Thread 0x00007f4c80164850 Exception <a 'java/lang/ArrayIndexOutOfBoundsException'{0x00000000f55f7140}> (0x00000000f55f7140) 
thrown [src/hotspot/share/runtime/sharedRuntime.cpp, line 628]
Event: 197.777 Thread 0x00007f4c80164850 Exception <a 'java/lang/ArrayIndexOutOfBoundsException'{0x00000000f578ba10}> (0x00000000f578ba10) 
thrown [src/hotspot/share/runtime/sharedRuntime.cpp, line 628]
Event: 200.857 Thread 0x00007f4c80164850 Exception <a 'java/lang/ArrayIndexOutOfBoundsException'{0x00000000f69f1120}> (0x00000000f69f1120) 
thrown [src/hotspot/share/runtime/sharedRuntime.cpp, line 628]
Event: 200.862 Thread 0x00007f4c80164850 Exception <a 'java/lang/ArrayIndexOutOfBoundsException'{0x00000000f6b05290}> (0x00000000f6b05290) 
thrown [src/hotspot/share/runtime/sharedRuntime.cpp, line 628]
Event: 201.288 Thread 0x00007f4c80164850 Exception <a 'java/lang/ArrayIndexOutOfBoundsException'{0x00000000f5746a40}> (0x00000000f5746a40) 
thrown [src/hotspot/share/runtime/sharedRuntime.cpp, line 628]
Event: 201.364 Thread 0x00007f4c80164850 Exception <a 'java/lang/ArrayIndexOutOfBoundsException'{0x00000000f58dada8}> (0x00000000f58dada8) 
thrown [src/hotspot/share/runtime/sharedRuntime.cpp, line 628]
Event: 201.768 Thread 0x00007f4c80094770 Exception <a 'java/lang/ArrayIndexOutOfBoundsException'{0x00000000f6c45f20}> (0x00000000f6c45f20) 
thrown [src/hotspot/share/runtime/sharedRuntime.cpp, line 628]
Event: 201.776 Thread 0x00007f4c80094770 Exception <a 'java/lang/ArrayIndexOutOfBoundsException'{0x00000000f6ddbde8}> (0x00000000f6ddbde8) 
thrown [src/hotspot/share/runtime/sharedRuntime.cpp, line 628]
Event: 206.868 Thread 0x00007f4c80093280 Exception <a 'java/lang/ArrayIndexOutOfBoundsException'{0x00000000f73c3460}> (0x00000000f73c3460) 
thrown [src/hotspot/share/runtime/sharedRuntime.cpp, line 628]
Event: 210.165 Thread 0x00007f4c80164850 Exception <a 'java/lang/ArrayIndexOutOfBoundsException'{0x00000000f71ebe48}> (0x00000000f71ebe48) 
thrown [src/hotspot/share/runtime/sharedRuntime.cpp, line 628]
Event: 210.557 Thread 0x00007f4c80164850 Exception <a 'java/lang/ArrayIndexOutOfBoundsException'{0x00000000f5800ec8}> (0x00000000f5800ec8) 
thrown [src/hotspot/share/runtime/sharedRuntime.cpp, line 628]
Event: 226.261 Thread 0x00007f4c80093a70 Exception <a 'java/lang/ArrayIndexOutOfBoundsException'{0x00000000f6b7fc40}> (0x00000000f6b7fc40) 
thrown [src/hotspot/share/runtime/sharedRuntime.cpp, line 628]
Event: 228.877 Thread 0x00007f4c801657e0 Exception <a 'java/lang/ArrayIndexOutOfBoundsException'{0x00000000f654ec50}> (0x00000000f654ec50) 
thrown [src/hotspot/share/runtime/sharedRuntime.cpp, line 628]
Event: 229.068 Thread 0x00007f4c801657e0 Exception <a 'java/lang/ArrayIndexOutOfBoundsException'{0x00000000f6877b80}> (0x00000000f6877b80) 
thrown [src/hotspot/share/runtime/sharedRuntime.cpp, line 628]
Event: 229.269 Thread 0x00007f4c801657e0 Exception <a 'java/lang/ArrayIndexOutOfBoundsException'{0x00000000f6c68a18}> (0x00000000f6c68a18) 
thrown [src/hotspot/share/runtime/sharedRuntime.cpp, line 628]
Event: 234.456 Thread 0x00007f4c80093a70 Exception <a 'java/lang/ArrayIndexOutOfBoundsException'{0x00000000f664fbf8}> (0x00000000f664fbf8) 
thrown [src/hotspot/share/runtime/sharedRuntime.cpp, line 628]
Event: 245.958 Thread 0x00007f4c80094770 Exception <a 'java/lang/ArrayIndexOutOfBoundsException'{0x00000000f6dde360}> (0x00000000f6dde360) 
thrown [src/hotspot/share/runtime/sharedRuntime.cpp, line 628]
Event: 1302.697 Thread 0x00007f4d080b19c0 Exception <a 'java/lang/OutOfMemoryError'{0x00000000e00cf720}> (0x00000000e00cf720) 
thrown [src/hotspot/share/gc/shared/memAllocator.cpp, line 136]

VM Operations (20 events):
Event: 1279.475 Executing VM operation: ParallelGCFailedAllocation
Event: 1281.475 Executing VM operation: ParallelGCFailedAllocation done
Event: 1281.475 Executing VM operation: ParallelGCFailedAllocation
Event: 1283.280 Executing VM operation: ParallelGCFailedAllocation done
Event: 1283.280 Executing VM operation: ParallelGCFailedAllocation
Event: 1285.085 Executing VM operation: ParallelGCFailedAllocation done
Event: 1285.085 Executing VM operation: ParallelGCFailedAllocation
Event: 1286.878 Executing VM operation: ParallelGCFailedAllocation done
Event: 1286.879 Executing VM operation: ParallelGCFailedAllocation
Event: 1288.659 Executing VM operation: ParallelGCFailedAllocation done
Event: 1288.659 Executing VM operation: ParallelGCFailedAllocation
Event: 1290.491 Executing VM operation: ParallelGCFailedAllocation done
Event: 1290.491 Executing VM operation: ParallelGCFailedAllocation
Event: 1292.282 Executing VM operation: ParallelGCFailedAllocation done
Event: 1292.283 Executing VM operation: ParallelGCFailedAllocation
Event: 1294.102 Executing VM operation: ParallelGCFailedAllocation done
Event: 1294.103 Executing VM operation: ParallelGCFailedAllocation
Event: 1295.969 Executing VM operation: ParallelGCFailedAllocation done
Event: 1295.969 Executing VM operation: ParallelGCFailedAllocation
Event: 1302.697 Executing VM operation: ParallelGCFailedAllocation done

Events (20 events):
Event: 250.060 Protecting memory [0x00007f4cb5900000,0x00007f4cb5904000] with protection modes 0
Event: 253.766 Thread 0x00007f4c801657e0 Thread exited: 0x00007f4c801657e0
Event: 253.770 Thread 0x00007f4c8016c230 Thread exited: 0x00007f4c8016c230
Event: 253.771 Thread 0x00007f4c80164850 Thread exited: 0x00007f4c80164850
Event: 275.550 Thread 0x00007f4c80093a70 Thread added: 0x00007f4c80093a70
Event: 275.551 Protecting memory [0x00007f4cb5900000,0x00007f4cb5904000] with protection modes 0
Event: 275.557 Thread 0x00007f4c80164850 Thread added: 0x00007f4c80164850
Event: 275.557 Protecting memory [0x00007f4cb5700000,0x00007f4cb5704000] with protection modes 0
Event: 277.481 Thread 0x00007f4c801657e0 Thread added: 0x00007f4c801657e0
Event: 277.481 Protecting memory [0x00007f4cec000000,0x00007f4cec004000] with protection modes 0
Event: 288.380 Thread 0x00007f4c8016c100 Thread added: 0x00007f4c8016c100
Event: 288.380 Protecting memory [0x00007f4cec100000,0x00007f4cec104000] with protection modes 0
Event: 305.649 Thread 0x00007f4c801b8160 Thread added: 0x00007f4c801b8160
Event: 305.649 Protecting memory [0x00007f4cec700000,0x00007f4cec704000] with protection modes 0
Event: 307.360 Thread 0x00007f4c80094770 Thread exited: 0x00007f4c80094770
Event: 309.557 Thread 0x00007f4c84178da0 Thread exited: 0x00007f4c84178da0
Event: 309.557 Thread 0x00007f4c7403c560 Thread exited: 0x00007f4c7403c560
Event: 374.580 Thread 0x00007f4c80164850 Thread exited: 0x00007f4c80164850
Event: 417.553 Thread 0x00007f4c80093a70 Thread exited: 0x00007f4c80093a70
Event: 422.075 Thread 0x00007f4c8016c100 Thread exited: 0x00007f4c8016c100


Dynamic libraries:
e0000000-f3780000 rw-p 00000000 00:00 0 
f3780000-f9200000 rw-p 00000000 00:00 0 
f9200000-100000000 ---p 00000000 00:00 0 
800000000-800449000 rw-p 00001000 08:10 707969865                        /nix/store/gpxl5qgg8kicmcvivwmybwjlpf7wh20l-graalvm17-ce-22.3.0/lib/server/classes.jsa
800449000-800bc8000 r--p 0044a000 08:10 707969865                        /nix/store/gpxl5qgg8kicmcvivwmybwjlpf7wh20l-graalvm17-ce-22.3.0/lib/server/classes.jsa
800bc8000-800c00000 ---p 00000000 00:00 0 
800c00000-800c10000 rw-p 00000000 00:00 0 
800c10000-800c30000 rw-p 00000000 00:00 0 
800c30000-800cb0000 rw-p 00000000 00:00 0 
800cb0000-800cf0000 rw-p 00000000 00:00 0 
800cf0000-800db0000 rw-p 00000000 00:00 0 
800db0000-800df0000 rw-p 00000000 00:00 0 
800df0000-801150000 rw-p 00000000 00:00 0 
801150000-801170000 rw-p 00000000 00:00 0 
801170000-801180000 ---p 00000000 00:00 0 
801180000-801190000 rw-p 00000000 00:00 0 
801190000-840c00000 ---p 00000000 00:00 0 
596763dfa000-596763dfb000 r-xp 00000000 08:10 672029940                  /nix/store/gpxl5qgg8kicmcvivwmybwjlpf7wh20l-graalvm17-ce-22.3.0/bin/.java-wrapped
596763dfc000-596763dfd000 r--p 00001000 08:10 672029940                  /nix/store/gpxl5qgg8kicmcvivwmybwjlpf7wh20l-graalvm17-ce-22.3.0/bin/.java-wrapped
596763dfd000-596763dfe000 rw-p 00002000 08:10 672029940                  /nix/store/gpxl5qgg8kicmcvivwmybwjlpf7wh20l-graalvm17-ce-22.3.0/bin/.java-wrapped
596763dfe000-596763dff000 rw-p 00004000 08:10 672029940                  /nix/store/gpxl5qgg8kicmcvivwmybwjlpf7wh20l-graalvm17-ce-22.3.0/bin/.java-wrapped
596763dff000-596763e00000 rw-p 00005000 08:10 672029940                  /nix/store/gpxl5qgg8kicmcvivwmybwjlpf7wh20l-graalvm17-ce-22.3.0/bin/.java-wrapped
596764ccd000-596764d15000 rw-p 00000000 00:00 0                          [heap]
7f4c44000000-7f4c4403a000 rw-p 00000000 00:00 0 
7f4c4403a000-7f4c48000000 ---p 00000000 00:00 0 
7f4c48000000-7f4c48021000 rw-p 00000000 00:00 0 
7f4c48021000-7f4c4c000000 ---p 00000000 00:00 0 
7f4c4c000000-7f4c4c096000 rw-p 00000000 00:00 0 
7f4c4c096000-7f4c50000000 ---p 00000000 00:00 0 
7f4c50000000-7f4c50021000 rw-p 00000000 00:00 0 
7f4c50021000-7f4c54000000 ---p 00000000 00:00 0 
7f4c54000000-7f4c5402e000 rw-p 00000000 00:00 0 
7f4c5402e000-7f4c58000000 ---p 00000000 00:00 0 
7f4c58000000-7f4c58021000 rw-p 00000000 00:00 0 
7f4c58021000-7f4c5c000000 ---p 00000000 00:00 0 
7f4c5c000000-7f4c5c021000 rw-p 00000000 00:00 0 
7f4c5c021000-7f4c60000000 ---p 00000000 00:00 0 
7f4c60000000-7f4c60021000 rw-p 00000000 00:00 0 
7f4c60021000-7f4c64000000 ---p 00000000 00:00 0 
7f4c64000000-7f4c64021000 rw-p 00000000 00:00 0 
7f4c64021000-7f4c68000000 ---p 00000000 00:00 0 
7f4c6a4b3000-7f4c74000000 r--s 00000000 08:10 707804677                  /nix/store/gpxl5qgg8kicmcvivwmybwjlpf7wh20l-graalvm17-ce-22.3.0/lib/modules
7f4c74000000-7f4c74048000 rw-p 00000000 00:00 0 
7f4c74048000-7f4c78000000 ---p 00000000 00:00 0 
7f4c79000000-7f4c790f0000 rw-p 00000000 00:00 0 
7f4c790f0000-7f4c79160000 rw-p 00000000 00:00 0 
7f4c79160000-7f4c79200000 ---p 00000000 00:00 0 
7f4c79200000-7f4c79430000 rw-p 00000000 00:00 0 
7f4c79430000-7f4c79560000 rw-p 00000000 00:00 0 
7f4c79560000-7f4c79800000 ---p 00000000 00:00 0 
7f4c7a000000-7f4c7a7f0000 rw-p 00000000 00:00 0 
7f4c7a7f0000-7f4c7a800000 rw-p 00000000 00:00 0 
7f4c7b800000-7f4c7baf0000 rw-p 00000000 00:00 0 
7f4c7baf0000-7f4c7c000000 rw-p 00000000 00:00 0 
7f4c7c000000-7f4c7c021000 rw-p 00000000 00:00 0 
7f4c7c021000-7f4c80000000 ---p 00000000 00:00 0 
7f4c80000000-7f4c80208000 rw-p 00000000 00:00 0 
7f4c80208000-7f4c84000000 ---p 00000000 00:00 0 
7f4c84000000-7f4c841b5000 rw-p 00000000 00:00 0 
7f4c841b5000-7f4c88000000 ---p 00000000 00:00 0 
7f4c88000000-7f4c88032000 rw-p 00000000 00:00 0 
7f4c88032000-7f4c8c000000 ---p 00000000 00:00 0 
7f4c8c000000-7f4c8c48d000 rw-p 00000000 00:00 0 
7f4c8c48d000-7f4c90000000 ---p 00000000 00:00 0 
7f4c90000000-7f4c9030a000 rw-p 00000000 00:00 0 
7f4c9030a000-7f4c94000000 ---p 00000000 00:00 0 
7f4c94000000-7f4c94021000 rw-p 00000000 00:00 0 
7f4c94021000-7f4c98000000 ---p 00000000 00:00 0 
7f4c98000000-7f4c98021000 rw-p 00000000 00:00 0 
7f4c98021000-7f4c9c000000 ---p 00000000 00:00 0 
7f4c9c000000-7f4c9c8e9000 rw-p 00000000 00:00 0 
7f4c9c8e9000-7f4ca0000000 ---p 00000000 00:00 0 
7f4ca0000000-7f4ca0021000 rw-p 00000000 00:00 0 
7f4ca0021000-7f4ca4000000 ---p 00000000 00:00 0 
7f4ca4000000-7f4ca4021000 rw-p 00000000 00:00 0 
7f4ca4021000-7f4ca8000000 ---p 00000000 00:00 0 
7f4ca8000000-7f4ca8021000 rw-p 00000000 00:00 0 
7f4ca8021000-7f4cac000000 ---p 00000000 00:00 0 
7f4cac000000-7f4cac021000 rw-p 00000000 00:00 0 
7f4cac021000-7f4cb0000000 ---p 00000000 00:00 0 
7f4cb0400000-7f4cb0570000 rw-p 00000000 00:00 0 
7f4cb0570000-7f4cb05f0000 rw-p 00000000 00:00 0 
7f4cb05f0000-7f4cb0af0000 rw-p 00000000 00:00 0 
7f4cb0af0000-7f4cb0bf0000 rw-p 00000000 00:00 0 
7f4cb0bf0000-7f4cb0c00000 rw-p 00000000 00:00 0 
7f4cb1000000-7f4cb10f0000 rw-p 00000000 00:00 0 
7f4cb10f0000-7f4cb1570000 rw-p 00000000 00:00 0 
7f4cb1570000-7f4cb15f0000 rw-p 00000000 00:00 0 
7f4cb15f0000-7f4cb17f0000 rw-p 00000000 00:00 0 
7f4cb17f0000-7f4cb18f0000 rw-p 00000000 00:00 0 
7f4cb18f0000-7f4cb19f0000 rw-p 00000000 00:00 0 
7f4cb19f0000-7f4cb1f50000 rw-p 00000000 00:00 0 
7f4cb1f50000-7f4cb1f70000 rw-p 00000000 00:00 0 
7f4cb1f70000-7f4cb2000000 rw-p 00000000 00:00 0 
7f4cb2000000-7f4cb2010000 r-xp 00000000 00:d0c 310                       /home/runner/JavaCourseTHS-CS/.cache/jdt-language-server/config/org.eclipse.equinox.launcher/org.eclipse.equinox.launcher.gtk.linux.x86_64_1.2.400.v20211117-0650/eclipse_11600.so
7f4cb2010000-7f4cb220f000 ---p 00010000 00:d0c 310                       /home/runner/JavaCourseTHS-CS/.cache/jdt-language-server/config/org.eclipse.equinox.launcher/org.eclipse.equinox.launcher.gtk.linux.x86_64_1.2.400.v20211117-0650/eclipse_11600.so
7f4cb220f000-7f4cb2210000 r--p 0000f000 00:d0c 310                       /home/runner/JavaCourseTHS-CS/.cache/jdt-language-server/config/org.eclipse.equinox.launcher/org.eclipse.equinox.launcher.gtk.linux.x86_64_1.2.400.v20211117-0650/eclipse_11600.so
7f4cb2210000-7f4cb2211000 rw-p 00010000 00:d0c 310                       /home/runner/JavaCourseTHS-CS/.cache/jdt-language-server/config/org.eclipse.equinox.launcher/org.eclipse.equinox.launcher.gtk.linux.x86_64_1.2.400.v20211117-0650/eclipse_11600.so
7f4cb2d00000-7f4cb2e00000 ---p 00000000 00:00 0 
7f4cb2e00000-7f4cb33af000 r--p 01122000 08:10 707802136                  /nix/store/gpxl5qgg8kicmcvivwmybwjlpf7wh20l-graalvm17-ce-22.3.0/lib/libjvmcicompiler.so
7f4cb33af000-7f4cb3500000 r--p 00000000 00:00 0 
7f4cb3500000-7f4cb353d000 rw-p 00000000 00:00 0 
7f4cb353d000-7f4cb3a5d000 rw-p 0185f000 08:10 707802136                  /nix/store/gpxl5qgg8kicmcvivwmybwjlpf7wh20l-graalvm17-ce-22.3.0/lib/libjvmcicompiler.so
7f4cb3a5d000-7f4cb3e44000 r--p 01d7f000 08:10 707802136                  /nix/store/gpxl5qgg8kicmcvivwmybwjlpf7wh20l-graalvm17-ce-22.3.0/lib/libjvmcicompiler.so
7f4cb3f00000-7f4cb3f04000 ---p 00000000 00:00 0 
7f4cb3f04000-7f4cb4000000 rw-p 00000000 00:00 0 
7f4cb4100000-7f4cb4104000 ---p 00000000 00:00 0 
7f4cb4104000-7f4cb4200000 rw-p 00000000 00:00 0 
7f4cb4300000-7f4cb4304000 ---p 00000000 00:00 0 
7f4cb4304000-7f4cb4400000 rw-p 00000000 00:00 0 
7f4cb4500000-7f4cb4504000 ---p 00000000 00:00 0 
7f4cb4504000-7f4cb4600000 rw-p 00000000 00:00 0 
7f4cb4700000-7f4cb4704000 ---p 00000000 00:00 0 
7f4cb4704000-7f4cb4800000 rw-p 00000000 00:00 0 
7f4cb4900000-7f4cb4904000 ---p 00000000 00:00 0 
7f4cb4904000-7f4cb4a00000 rw-p 00000000 00:00 0 
7f4cb5168000-7f4cb5600000 rw-p 00000000 00:00 0 
7f4cb5700000-7f4cb5704000 ---p 00000000 00:00 0 
7f4cb5704000-7f4cb5800000 rw-p 00000000 00:00 0 
7f4cb5900000-7f4cb5904000 ---p 00000000 00:00 0 
7f4cb5904000-7f4cb5a00000 rw-p 00000000 00:00 0 
7f4cb5b00000-7f4cb5b04000 ---p 00000000 00:00 0 
7f4cb5b04000-7f4cb5c00000 rw-p 00000000 00:00 0 
7f4cb5c00000-7f4cb7d6a000 r-xp 00000000 08:10 707802136                  /nix/store/gpxl5qgg8kicmcvivwmybwjlpf7wh20l-graalvm17-ce-22.3.0/lib/libjvmcicompiler.so
7f4cb7d6a000-7f4cb7f69000 ---p 0216a000 08:10 707802136                  /nix/store/gpxl5qgg8kicmcvivwmybwjlpf7wh20l-graalvm17-ce-22.3.0/lib/libjvmcicompiler.so
7f4cb7f69000-7f4cb7f6a000 r--p 02169000 08:10 707802136                  /nix/store/gpxl5qgg8kicmcvivwmybwjlpf7wh20l-graalvm17-ce-22.3.0/lib/libjvmcicompiler.so
7f4cb7f6a000-7f4cb7f6c000 rw-p 0216a000 08:10 707802136                  /nix/store/gpxl5qgg8kicmcvivwmybwjlpf7wh20l-graalvm17-ce-22.3.0/lib/libjvmcicompiler.so
7f4cb7f6c000-7f4cb7f6d000 rw-p 00000000 00:00 0 
7f4cb7f6d000-7f4cb7f72000 rw-p 023c3000 08:10 707802136                  /nix/store/gpxl5qgg8kicmcvivwmybwjlpf7wh20l-graalvm17-ce-22.3.0/lib/libjvmcicompiler.so
7f4cb8000000-7f4cb8021000 rw-p 00000000 00:00 0 
7f4cb8021000-7f4cbc000000 ---p 00000000 00:00 0 
7f4cbc000000-7f4cbc021000 rw-p 00000000 00:00 0 
7f4cbc021000-7f4cc0000000 ---p 00000000 00:00 0 
7f4cc0000000-7f4cc0021000 rw-p 00000000 00:00 0 
7f4cc0021000-7f4cc4000000 ---p 00000000 00:00 0 
7f4cc4000000-7f4cc4021000 rw-p 00000000 00:00 0 
7f4cc4021000-7f4cc8000000 ---p 00000000 00:00 0 
7f4cc8000000-7f4cc80d9000 rw-p 00000000 00:00 0 
7f4cc80d9000-7f4ccc000000 ---p 00000000 00:00 0 
7f4ccc000000-7f4cccb3d000 rw-p 00000000 00:00 0 
7f4cccb3d000-7f4cd0000000 ---p 00000000 00:00 0 
7f4cd0000000-7f4cd0021000 rw-p 00000000 00:00 0 
7f4cd0021000-7f4cd4000000 ---p 00000000 00:00 0 
7f4cd4000000-7f4cd4021000 rw-p 00000000 00:00 0 
7f4cd4021000-7f4cd8000000 ---p 00000000 00:00 0 
7f4cd8000000-7f4cd8021000 rw-p 00000000 00:00 0 
7f4cd8021000-7f4cdc000000 ---p 00000000 00:00 0 
7f4cdc000000-7f4cdc021000 rw-p 00000000 00:00 0 
7f4cdc021000-7f4ce0000000 ---p 00000000 00:00 0 
7f4ce0000000-7f4ce0021000 rw-p 00000000 00:00 0 
7f4ce0021000-7f4ce4000000 ---p 00000000 00:00 0 
7f4ce4000000-7f4ce4021000 rw-p 00000000 00:00 0 
7f4ce4021000-7f4ce8000000 ---p 00000000 00:00 0 
7f4ce8000000-7f4ce8054000 rw-p 00000000 00:00 0 
7f4ce8054000-7f4cec000000 ---p 00000000 00:00 0 
7f4cec000000-7f4cec004000 ---p 00000000 00:00 0 
7f4cec004000-7f4cec100000 rw-p 00000000 00:00 0 
7f4cec100000-7f4cec104000 ---p 00000000 00:00 0 
7f4cec104000-7f4cec200000 rw-p 00000000 00:00 0 
7f4cec200000-7f4cec204000 ---p 00000000 00:00 0 
7f4cec204000-7f4cec300000 rw-p 00000000 00:00 0 
7f4cec300000-7f4cec304000 ---p 00000000 00:00 0 
7f4cec304000-7f4cec400000 rw-p 00000000 00:00 0 
7f4cec400000-7f4cec404000 ---p 00000000 00:00 0 
7f4cec404000-7f4cec500000 rw-p 00000000 00:00 0 
7f4cec500000-7f4cec504000 ---p 00000000 00:00 0 
7f4cec504000-7f4cec600000 rw-p 00000000 00:00 0 
7f4cec600000-7f4cec604000 ---p 00000000 00:00 0 
7f4cec604000-7f4cec700000 rw-p 00000000 00:00 0 
7f4cec700000-7f4cec704000 ---p 00000000 00:00 0 
7f4cec704000-7f4cec800000 rw-p 00000000 00:00 0 
7f4cec800000-7f4cec804000 ---p 00000000 00:00 0 
7f4cec804000-7f4cec900000 rw-p 00000000 00:00 0 
7f4cec900000-7f4cec904000 ---p 00000000 00:00 0 
7f4cec904000-7f4ceca00000 rw-p 00000000 00:00 0 
7f4ceca00000-7f4ceca04000 ---p 00000000 00:00 0 
7f4ceca04000-7f4cecb00000 rw-p 00000000 00:00 0 
7f4cecb00000-7f4cecb04000 ---p 00000000 00:00 0 
7f4cecb04000-7f4cecc00000 rw-p 00000000 00:00 0 
7f4cecc00000-7f4cecc04000 ---p 00000000 00:00 0 
7f4cecc04000-7f4cecd00000 rw-p 00000000 00:00 0 
7f4cecd18000-7f4cecd1c000 ---p 00000000 00:00 0 
7f4cecd1c000-7f4cece18000 rw-p 00000000 00:00 0 
7f4cece18000-7f4cece19000 ---p 00000000 00:00 0 
7f4cece19000-7f4cecf1a000 rw-p 00000000 00:00 0 
7f4cecf1a000-7f4cecf1e000 ---p 00000000 00:00 0 
7f4cecf1e000-7f4ced01a000 rw-p 00000000 00:00 0 
7f4ced01a000-7f4ced01e000 ---p 00000000 00:00 0 
7f4ced01e000-7f4ced11a000 rw-p 00000000 00:00 0 
7f4ced11a000-7f4ced11e000 ---p 00000000 00:00 0 
7f4ced11e000-7f4ced21a000 rw-p 00000000 00:00 0 
7f4ced21a000-7f4ced21e000 ---p 00000000 00:00 0 
7f4ced21e000-7f4ced41a000 rw-p 00000000 00:00 0 
7f4ced41a000-7f4ced41e000 ---p 00000000 00:00 0 
7f4ced41e000-7f4ced61a000 rw-p 00000000 00:00 0 
7f4ced61a000-7f4ced61e000 ---p 00000000 00:00 0 
7f4ced61e000-7f4ced71a000 rw-p 00000000 00:00 0 
7f4ced71a000-7f4ced71e000 ---p 00000000 00:00 0 
7f4ced71e000-7f4ced81a000 rw-p 00000000 00:00 0 
7f4ced81a000-7f4ced81e000 ---p 00000000 00:00 0 
7f4ced81e000-7f4ced91a000 rw-p 00000000 00:00 0 
7f4ced91a000-7f4cedc00000 r--p 00000000 08:01 1295502                    /usr/lib/locale/locale-archive
7f4cedc00000-7f4cedff0000 rw-p 00000000 00:00 0 
7f4cedff0000-7f4cee2f0000 rw-p 00000000 00:00 0 
7f4cee2f0000-7f4cee400000 rw-p 00000000 00:00 0 
7f4cee4b3000-7f4cef4b3000 rw-p 00000000 00:00 0 
7f4cef4b3000-7f4cef723000 rwxp 00000000 00:00 0 
7f4cef723000-7f4cefa42000 ---p 00000000 00:00 0 
7f4cefa42000-7f4cf12d2000 rwxp 00000000 00:00 0 
7f4cf12d2000-7f4cf6f7a000 ---p 00000000 00:00 0 
7f4cf6f7a000-7f4cf727a000 rwxp 00000000 00:00 0 
7f4cf727a000-7f4cfe4b3000 ---p 00000000 00:00 0 
7f4cfe4b3000-7f4d08000000 r--s 00000000 08:10 707804677                  /nix/store/gpxl5qgg8kicmcvivwmybwjlpf7wh20l-graalvm17-ce-22.3.0/lib/modules
7f4d08000000-7f4d083fb000 rw-p 00000000 00:00 0 
7f4d083fb000-7f4d0c000000 ---p 00000000 00:00 0 
7f4d0c08d000-7f4d0c091000 ---p 00000000 00:00 0 
7f4d0c091000-7f4d0c0af000 rw-p 00000000 00:00 0 
7f4d0c0af000-7f4d0c0b6000 r-xp 00000000 08:10 707804676                  /nix/store/gpxl5qgg8kicmcvivwmybwjlpf7wh20l-graalvm17-ce-22.3.0/lib/libzip.so
7f4d0c0b6000-7f4d0c0b7000 ---p 00007000 08:10 707804676                  /nix/store/gpxl5qgg8kicmcvivwmybwjlpf7wh20l-graalvm17-ce-22.3.0/lib/libzip.so
7f4d0c0b7000-7f4d0c0b8000 r--p 00007000 08:10 707804676                  /nix/store/gpxl5qgg8kicmcvivwmybwjlpf7wh20l-graalvm17-ce-22.3.0/lib/libzip.so
7f4d0c0b8000-7f4d0c0b9000 rw-p 00008000 08:10 707804676                  /nix/store/gpxl5qgg8kicmcvivwmybwjlpf7wh20l-graalvm17-ce-22.3.0/lib/libzip.so
7f4d0c0b9000-7f4d0c0bb000 rw-p 0000b000 08:10 707804676                  /nix/store/gpxl5qgg8kicmcvivwmybwjlpf7wh20l-graalvm17-ce-22.3.0/lib/libzip.so
7f4d0c0bb000-7f4d0c0d0000 r-xp 00000000 08:10 707804666                  /nix/store/gpxl5qgg8kicmcvivwmybwjlpf7wh20l-graalvm17-ce-22.3.0/lib/libnet.so
7f4d0c0d0000-7f4d0c0d1000 ---p 00015000 08:10 707804666                  /nix/store/gpxl5qgg8kicmcvivwmybwjlpf7wh20l-graalvm17-ce-22.3.0/lib/libnet.so
7f4d0c0d1000-7f4d0c0d2000 r--p 00015000 08:10 707804666                  /nix/store/gpxl5qgg8kicmcvivwmybwjlpf7wh20l-graalvm17-ce-22.3.0/lib/libnet.so
7f4d0c0d2000-7f4d0c0d3000 rw-p 00016000 08:10 707804666                  /nix/store/gpxl5qgg8kicmcvivwmybwjlpf7wh20l-graalvm17-ce-22.3.0/lib/libnet.so
7f4d0c0d3000-7f4d0c0d6000 rw-p 0001b000 08:10 707804666                  /nix/store/gpxl5qgg8kicmcvivwmybwjlpf7wh20l-graalvm17-ce-22.3.0/lib/libnet.so
7f4d0c0d6000-7f4d0c0e9000 r-xp 00000000 08:10 707804667                  /nix/store/gpxl5qgg8kicmcvivwmybwjlpf7wh20l-graalvm17-ce-22.3.0/lib/libnio.so
7f4d0c0e9000-7f4d0c0ea000 r--p 00012000 08:10 707804667                  /nix/store/gpxl5qgg8kicmcvivwmybwjlpf7wh20l-graalvm17-ce-22.3.0/lib/libnio.so
7f4d0c0ea000-7f4d0c0eb000 rw-p 00013000 08:10 707804667                  /nix/store/gpxl5qgg8kicmcvivwmybwjlpf7wh20l-graalvm17-ce-22.3.0/lib/libnio.so
7f4d0c0eb000-7f4d0c0f0000 rw-p 00019000 08:10 707804667                  /nix/store/gpxl5qgg8kicmcvivwmybwjlpf7wh20l-graalvm17-ce-22.3.0/lib/libnio.so
7f4d0c0f0000-7f4d0c0f4000 ---p 00000000 00:00 0 
7f4d0c0f4000-7f4d0c1f0000 rw-p 00000000 00:00 0 
7f4d0c1f0000-7f4d0c1f4000 ---p 00000000 00:00 0 
7f4d0c1f4000-7f4d0c2f0000 rw-p 00000000 00:00 0 
7f4d0c2f0000-7f4d0c2f1000 ---p 00000000 00:00 0 
7f4d0c2f1000-7f4d0c3f2000 rw-p 00000000 00:00 0 
7f4d0c3f2000-7f4d0c4c0000 r-xp 00000000 08:10 707802132                  /nix/store/gpxl5qgg8kicmcvivwmybwjlpf7wh20l-graalvm17-ce-22.3.0/lib/libjsvml.so
7f4d0c4c0000-7f4d0c4c1000 r--p 000cd000 08:10 707802132                  /nix/store/gpxl5qgg8kicmcvivwmybwjlpf7wh20l-graalvm17-ce-22.3.0/lib/libjsvml.so
7f4d0c4c1000-7f4d0c4c2000 rw-p 000ce000 08:10 707802132                  /nix/store/gpxl5qgg8kicmcvivwmybwjlpf7wh20l-graalvm17-ce-22.3.0/lib/libjsvml.so
7f4d0c4c2000-7f4d0cd9a000 rw-p 00000000 00:00 0 
7f4d0cd9a000-7f4d0cd9b000 ---p 00000000 00:00 0 
7f4d0cd9b000-7f4d0cf38000 rw-p 00000000 00:00 0 
7f4d0cf38000-7f4d0cf65000 rw-p 00000000 00:00 0 
7f4d0cf65000-7f4d0cf9c000 ---p 00000000 00:00 0 
7f4d0cf9c000-7f4d0cfa3000 rw-p 00000000 00:00 0 
7f4d0cfa3000-7f4d0d088000 ---p 00000000 00:00 0 
7f4d0d088000-7f4d0d0ba000 rw-p 00000000 00:00 0 
7f4d0d0ba000-7f4d0d173000 ---p 00000000 00:00 0 
7f4d0d173000-7f4d0d178000 rw-p 00000000 00:00 0 
7f4d0d178000-7f4d0d17f000 ---p 00000000 00:00 0 
7f4d0d17f000-7f4d0d1a3000 r-xp 00000000 08:10 707802124                  /nix/store/gpxl5qgg8kicmcvivwmybwjlpf7wh20l-graalvm17-ce-22.3.0/lib/libjava.so
7f4d0d1a3000-7f4d0d1a4000 ---p 00024000 08:10 707802124                  /nix/store/gpxl5qgg8kicmcvivwmybwjlpf7wh20l-graalvm17-ce-22.3.0/lib/libjava.so
7f4d0d1a4000-7f4d0d1a5000 r--p 00024000 08:10 707802124                  /nix/store/gpxl5qgg8kicmcvivwmybwjlpf7wh20l-graalvm17-ce-22.3.0/lib/libjava.so
7f4d0d1a5000-7f4d0d1a6000 rw-p 00025000 08:10 707802124                  /nix/store/gpxl5qgg8kicmcvivwmybwjlpf7wh20l-graalvm17-ce-22.3.0/lib/libjava.so
7f4d0d1a6000-7f4d0d1a7000 rw-p 00000000 00:00 0 
7f4d0d1a7000-7f4d0d1ae000 rw-p 0002f000 08:10 707802124                  /nix/store/gpxl5qgg8kicmcvivwmybwjlpf7wh20l-graalvm17-ce-22.3.0/lib/libjava.so
7f4d0d1ae000-7f4d0d1b6000 rw-s 00000000 00:144b 600                      /tmp/hsperfdata_runner/9536
7f4d0d1b6000-7f4d0d1b7000 ---p 00000000 00:00 0 
7f4d0d1b7000-7f4d0d1b8000 r--p 00000000 00:00 0 
7f4d0d1b8000-7f4d0d1b9000 rwxp 00000000 00:00 0 
7f4d0d1b9000-7f4d0d1d4000 r-xp 00000000 08:10 707802128                  /nix/store/gpxl5qgg8kicmcvivwmybwjlpf7wh20l-graalvm17-ce-22.3.0/lib/libjimage.so
7f4d0d1d4000-7f4d0d1d5000 ---p 0001b000 08:10 707802128                  /nix/store/gpxl5qgg8kicmcvivwmybwjlpf7wh20l-graalvm17-ce-22.3.0/lib/libjimage.so
7f4d0d1d5000-7f4d0d1d7000 r--p 0001b000 08:10 707802128                  /nix/store/gpxl5qgg8kicmcvivwmybwjlpf7wh20l-graalvm17-ce-22.3.0/lib/libjimage.so
7f4d0d1d7000-7f4d0d1d8000 rw-p 0001d000 08:10 707802128                  /nix/store/gpxl5qgg8kicmcvivwmybwjlpf7wh20l-graalvm17-ce-22.3.0/lib/libjimage.so
7f4d0d1d8000-7f4d0d1d9000 rw-p 00024000 08:10 707802128                  /nix/store/gpxl5qgg8kicmcvivwmybwjlpf7wh20l-graalvm17-ce-22.3.0/lib/libjimage.so
7f4d0d1d9000-7f4d0d1dd000 ---p 00000000 00:00 0 
7f4d0d1dd000-7f4d0d2d9000 rw-p 00000000 00:00 0 
7f4d0d2d9000-7f4d0d2e7000 r--p 00000000 08:10 600592023                  /nix/store/4nlgxhb09sdr51nc9hdm8az5b08vzkgx-glibc-2.35-163/lib/libm.so.6
7f4d0d2e7000-7f4d0d35a000 r-xp 0000e000 08:10 600592023                  /nix/store/4nlgxhb09sdr51nc9hdm8az5b08vzkgx-glibc-2.35-163/lib/libm.so.6
7f4d0d35a000-7f4d0d3b7000 r--p 00081000 08:10 600592023                  /nix/store/4nlgxhb09sdr51nc9hdm8az5b08vzkgx-glibc-2.35-163/lib/libm.so.6
7f4d0d3b7000-7f4d0d3b8000 r--p 000dd000 08:10 600592023                  /nix/store/4nlgxhb09sdr51nc9hdm8az5b08vzkgx-glibc-2.35-163/lib/libm.so.6
7f4d0d3b8000-7f4d0d3b9000 rw-p 000de000 08:10 600592023                  /nix/store/4nlgxhb09sdr51nc9hdm8az5b08vzkgx-glibc-2.35-163/lib/libm.so.6
7f4d0d3b9000-7f4d0d3ba000 r--p 00000000 08:10 600592042                  /nix/store/4nlgxhb09sdr51nc9hdm8az5b08vzkgx-glibc-2.35-163/lib/librt.so.1
7f4d0d3ba000-7f4d0d3bb000 r-xp 00001000 08:10 600592042                  /nix/store/4nlgxhb09sdr51nc9hdm8az5b08vzkgx-glibc-2.35-163/lib/librt.so.1
7f4d0d3bb000-7f4d0d3bc000 r--p 00002000 08:10 600592042                  /nix/store/4nlgxhb09sdr51nc9hdm8az5b08vzkgx-glibc-2.35-163/lib/librt.so.1
7f4d0d3bc000-7f4d0d3bd000 r--p 00002000 08:10 600592042                  /nix/store/4nlgxhb09sdr51nc9hdm8az5b08vzkgx-glibc-2.35-163/lib/librt.so.1
7f4d0d3bd000-7f4d0d3be000 rw-p 00003000 08:10 600592042                  /nix/store/4nlgxhb09sdr51nc9hdm8az5b08vzkgx-glibc-2.35-163/lib/librt.so.1
7f4d0d3be000-7f4d0e4d1000 r-xp 00000000 08:10 707972962                  /nix/store/gpxl5qgg8kicmcvivwmybwjlpf7wh20l-graalvm17-ce-22.3.0/lib/server/libjvm.so
7f4d0e4d1000-7f4d0e4d2000 ---p 01113000 08:10 707972962                  /nix/store/gpxl5qgg8kicmcvivwmybwjlpf7wh20l-graalvm17-ce-22.3.0/lib/server/libjvm.so
7f4d0e4d2000-7f4d0e587000 r--p 01113000 08:10 707972962                  /nix/store/gpxl5qgg8kicmcvivwmybwjlpf7wh20l-graalvm17-ce-22.3.0/lib/server/libjvm.so
7f4d0e587000-7f4d0e5bb000 rw-p 011c8000 08:10 707972962                  /nix/store/gpxl5qgg8kicmcvivwmybwjlpf7wh20l-graalvm17-ce-22.3.0/lib/server/libjvm.so
7f4d0e5bb000-7f4d0e617000 rw-p 00000000 00:00 0 
7f4d0e617000-7f4d0e63f000 r--p 00000000 08:10 600592014                  /nix/store/4nlgxhb09sdr51nc9hdm8az5b08vzkgx-glibc-2.35-163/lib/libc.so.6
7f4d0e63f000-7f4d0e7b5000 r-xp 00028000 08:10 600592014                  /nix/store/4nlgxhb09sdr51nc9hdm8az5b08vzkgx-glibc-2.35-163/lib/libc.so.6
7f4d0e7b5000-7f4d0e80d000 r--p 0019e000 08:10 600592014                  /nix/store/4nlgxhb09sdr51nc9hdm8az5b08vzkgx-glibc-2.35-163/lib/libc.so.6
7f4d0e80d000-7f4d0e811000 r--p 001f6000 08:10 600592014                  /nix/store/4nlgxhb09sdr51nc9hdm8az5b08vzkgx-glibc-2.35-163/lib/libc.so.6
7f4d0e811000-7f4d0e813000 rw-p 001fa000 08:10 600592014                  /nix/store/4nlgxhb09sdr51nc9hdm8az5b08vzkgx-glibc-2.35-163/lib/libc.so.6
7f4d0e813000-7f4d0e822000 rw-p 00000000 00:00 0 
7f4d0e822000-7f4d0e823000 r--p 00000000 08:10 600592019                  /nix/store/4nlgxhb09sdr51nc9hdm8az5b08vzkgx-glibc-2.35-163/lib/libdl.so.2
7f4d0e823000-7f4d0e824000 r-xp 00001000 08:10 600592019                  /nix/store/4nlgxhb09sdr51nc9hdm8az5b08vzkgx-glibc-2.35-163/lib/libdl.so.2
7f4d0e824000-7f4d0e825000 r--p 00002000 08:10 600592019                  /nix/store/4nlgxhb09sdr51nc9hdm8az5b08vzkgx-glibc-2.35-163/lib/libdl.so.2
7f4d0e825000-7f4d0e826000 r--p 00002000 08:10 600592019                  /nix/store/4nlgxhb09sdr51nc9hdm8az5b08vzkgx-glibc-2.35-163/lib/libdl.so.2
7f4d0e826000-7f4d0e827000 rw-p 00003000 08:10 600592019                  /nix/store/4nlgxhb09sdr51nc9hdm8az5b08vzkgx-glibc-2.35-163/lib/libdl.so.2
7f4d0e827000-7f4d0e828000 r--p 00000000 08:10 600592038                  /nix/store/4nlgxhb09sdr51nc9hdm8az5b08vzkgx-glibc-2.35-163/lib/libpthread.so.0
7f4d0e828000-7f4d0e829000 r-xp 00001000 08:10 600592038                  /nix/store/4nlgxhb09sdr51nc9hdm8az5b08vzkgx-glibc-2.35-163/lib/libpthread.so.0
7f4d0e829000-7f4d0e82a000 r--p 00002000 08:10 600592038                  /nix/store/4nlgxhb09sdr51nc9hdm8az5b08vzkgx-glibc-2.35-163/lib/libpthread.so.0
7f4d0e82a000-7f4d0e82b000 r--p 00002000 08:10 600592038                  /nix/store/4nlgxhb09sdr51nc9hdm8az5b08vzkgx-glibc-2.35-163/lib/libpthread.so.0
7f4d0e82b000-7f4d0e82c000 rw-p 00003000 08:10 600592038                  /nix/store/4nlgxhb09sdr51nc9hdm8az5b08vzkgx-glibc-2.35-163/lib/libpthread.so.0
7f4d0e82c000-7f4d0e83a000 r-xp 00000000 08:10 707802129                  /nix/store/gpxl5qgg8kicmcvivwmybwjlpf7wh20l-graalvm17-ce-22.3.0/lib/libjli.so
7f4d0e83a000-7f4d0e83b000 ---p 0000e000 08:10 707802129                  /nix/store/gpxl5qgg8kicmcvivwmybwjlpf7wh20l-graalvm17-ce-22.3.0/lib/libjli.so
7f4d0e83b000-7f4d0e83c000 r--p 0000e000 08:10 707802129                  /nix/store/gpxl5qgg8kicmcvivwmybwjlpf7wh20l-graalvm17-ce-22.3.0/lib/libjli.so
7f4d0e83c000-7f4d0e83d000 rw-p 0000f000 08:10 707802129                  /nix/store/gpxl5qgg8kicmcvivwmybwjlpf7wh20l-graalvm17-ce-22.3.0/lib/libjli.so
7f4d0e83d000-7f4d0e83e000 rw-p 00012000 08:10 707802129                  /nix/store/gpxl5qgg8kicmcvivwmybwjlpf7wh20l-graalvm17-ce-22.3.0/lib/libjli.so
7f4d0e83e000-7f4d0e841000 r--p 00000000 08:10 678822167                  /nix/store/026hln0aq1hyshaxsdvhg0kmcm6yf45r-zlib-1.2.13/lib/libz.so.1.2.13
7f4d0e841000-7f4d0e853000 r-xp 00003000 08:10 678822167                  /nix/store/026hln0aq1hyshaxsdvhg0kmcm6yf45r-zlib-1.2.13/lib/libz.so.1.2.13
7f4d0e853000-7f4d0e85a000 r--p 00015000 08:10 678822167                  /nix/store/026hln0aq1hyshaxsdvhg0kmcm6yf45r-zlib-1.2.13/lib/libz.so.1.2.13
7f4d0e85a000-7f4d0e85b000 r--p 0001b000 08:10 678822167                  /nix/store/026hln0aq1hyshaxsdvhg0kmcm6yf45r-zlib-1.2.13/lib/libz.so.1.2.13
7f4d0e85b000-7f4d0e85c000 rw-p 0001c000 08:10 678822167                  /nix/store/026hln0aq1hyshaxsdvhg0kmcm6yf45r-zlib-1.2.13/lib/libz.so.1.2.13
7f4d0e85c000-7f4d0e85e000 rw-p 00000000 00:00 0 
7f4d0e85e000-7f4d0e860000 r--p 00000000 08:10 600592008                  /nix/store/4nlgxhb09sdr51nc9hdm8az5b08vzkgx-glibc-2.35-163/lib/ld-linux-x86-64.so.2
7f4d0e860000-7f4d0e887000 r-xp 00002000 08:10 600592008                  /nix/store/4nlgxhb09sdr51nc9hdm8az5b08vzkgx-glibc-2.35-163/lib/ld-linux-x86-64.so.2
7f4d0e887000-7f4d0e893000 r--p 00029000 08:10 600592008                  /nix/store/4nlgxhb09sdr51nc9hdm8az5b08vzkgx-glibc-2.35-163/lib/ld-linux-x86-64.so.2
7f4d0e893000-7f4d0e895000 r--p 00034000 08:10 600592008                  /nix/store/4nlgxhb09sdr51nc9hdm8az5b08vzkgx-glibc-2.35-163/lib/ld-linux-x86-64.so.2
7f4d0e895000-7f4d0e897000 rw-p 00036000 08:10 600592008                  /nix/store/4nlgxhb09sdr51nc9hdm8az5b08vzkgx-glibc-2.35-163/lib/ld-linux-x86-64.so.2
7ffc8fe5a000-7ffc8fe7e000 rw-p 00000000 00:00 0                          [stack]
7ffc8fff4000-7ffc8fff8000 r--p 00000000 00:00 0                          [vvar]
7ffc8fff8000-7ffc8fffa000 r-xp 00000000 00:00 0                          [vdso]
ffffffffff600000-ffffffffff601000 --xp 00000000 00:00 0                  [vsyscall]


VM Arguments:
jvm_args: -XX:ThreadPriorityPolicy=1 -XX:+UnlockExperimentalVMOptions -XX:+EnableJVMCIProduct -XX:JVMCIThreadsPerNativeLibraryRuntime=1 -XX:-UnlockExperimentalVMOptions -Declipse.application=org.eclipse.jdt.ls.core.id1 -Dosgi.bundles.defaultStartLevel=4 -Declipse.product=org.eclipse.jdt.ls.core.product -Dlog.level=ALL -Xverify:none -XX:+UseParallelGC -XX:GCTimeRatio=4 -XX:AdaptiveSizePolicyWeight=90 -Dsun.zip.disableMemoryMapping=true -Xmx512m -Xms100m 
java_command: /nix/store/q9712qvwdh22a4krw4jz2sjrz07mvjbl-jdt-language-server-1.9.0/share/java/plugins/org.eclipse.equinox.launcher_1.6.400.v20210924-0641.jar --add-modules=ALL-SYSTEM --add-opens java.base/java.util=ALL-UNNAMED --add-opens java.base/java.lang=ALL-UNNAMED -configuration /home/runner/JavaCourseTHS-CS/.cache/jdt-language-server/config -data /home/runner/.cache/jdt-language-server/data/home/runner/JavaCourseTHS-CS
java_class_path (initial): /nix/store/q9712qvwdh22a4krw4jz2sjrz07mvjbl-jdt-language-server-1.9.0/share/java/plugins/org.eclipse.equinox.launcher_1.6.400.v20210924-0641.jar
Launcher Type: SUN_STANDARD

[Global flags]
    uintx AdaptiveSizePolicyWeight                 = 90                                        {product} {command line}
     intx CICompilerCount                          = 2                                         {product} {ergonomic}
     bool EnableJVMCIProduct                       = true                                {JVMCI product} {jimage}
    uintx GCTimeRatio                              = 4                                         {product} {command line}
   size_t InitialHeapSize                          = 104857600                                 {product} {command line}
     uint JVMCIThreadsPerNativeLibraryRuntime      = 1                                   {JVMCI product} {jimage}
   size_t MaxHeapSize                              = 536870912                                 {product} {command line}
   size_t MaxNewSize                               = 178782208                                 {product} {ergonomic}
   size_t MinHeapDeltaBytes                        = 524288                                    {product} {ergonomic}
   size_t MinHeapSize                              = 104857600                                 {product} {command line}
   size_t NewSize                                  = 34603008                                  {product} {ergonomic}
    uintx NonNMethodCodeHeapSize                   = 5826188                                {pd product} {ergonomic}
    uintx NonProfiledCodeHeapSize                  = 122916026                              {pd product} {ergonomic}
   size_t OldSize                                  = 70254592                                  {product} {ergonomic}
    uintx ProfiledCodeHeapSize                     = 122916026                              {pd product} {ergonomic}
    uintx ReservedCodeCacheSize                    = 251658240                              {pd product} {ergonomic}
     bool SegmentedCodeCache                       = true                                      {product} {ergonomic}
   size_t SoftMaxHeapSize                          = 536870912                              {manageable} {ergonomic}
     intx ThreadPriorityPolicy                     = 1                                         {product} {jimage}
     bool UseCompressedClassPointers               = true                           {product lp64_product} {ergonomic}
     bool UseCompressedOops                        = true                           {product lp64_product} {ergonomic}
     bool UseParallelGC                            = true                                      {product} {command line}

Logging:
Log output configuration:
 #0: stdout all=warning uptime,level,tags
 #1: stderr all=off uptime,level,tags

Environment Variables:
JAVA_HOME=/nix/store/gpxl5qgg8kicmcvivwmybwjlpf7wh20l-graalvm17-ce-22.3.0
PATH=/nix/store/1d6ian3r8kdzspw8hacjhl3xkp40g1lj-binutils-wrapper-2.39/bin:/nix/store/dq0xwmsk1g0i2ayg6pb7y87na2knzylh-gcc-wrapper-11.3.0/bin:/nix/store/bap4d0lpcrhpwmpb8ayjcgkmvfj62lnq-bash-interactive-5.1-p16/bin:/nix/store/pr5n59mb4jzmfx6kanwxly0l07p861fg-patchelf-0.15.0/bin:/nix/store/1gf2flfqnpqbr1b4p4qz2f72y42bs56r-gcc-11.3.0/bin:/nix/store/57xv61c5zi8pphjbcwxxjlgc34p61ic9-glibc-2.35-163-bin/bin:/nix/store/a7gvj343m05j2s32xcnwr35v31ynlypr-coreutils-9.1/bin:/nix/store/039g378vc3pc3dvi9dzdlrd0i4q93qwf-binutils-2.39/bin:/nix/store/gpxl5qgg8kicmcvivwmybwjlpf7wh20l-graalvm17-ce-22.3.0/bin:/nix/store/6z9ag3ihc8mq2hzsw48lhbznvzny65nz-apache-maven-3.8.6/bin:/nix/store/q9712qvwdh22a4krw4jz2sjrz07mvjbl-jdt-language-server-1.9.0/bin:/nix/store/9zdrgm97n766nc0kj11x4xvvp00qlfk9-java-debug/bin:/nix/store/mydc6f4k2z73xlcz7ilif3v2lcaiqvza-findutils-4.9.0/bin:/nix/store/j9p3g8472iijd50vhdprx0nmk2fqn5gv-diffutils-3.8/bin:/nix/store/89zs7rms6x00xfq4dq6m7mjnhkr8a6r4-gnused-4.8/bin:/nix/store/86bp03jkmsl6f92w0yzg4s59g5mhxwmy-gnugrep-3.7/bin:/nix/store/hwcdqw4jrjnd37wxqgsd47hd0j8bnj09-gawk-5.1.1/bin:/nix/store/cfbhw8r8ags41vwqaz47r583d0p4h4a1-gnutar-1.34/bin:/nix/store/p3m1ndl1lapwrlh698bnb5lvvxh67378-gzip-1.12/bin:/nix/store/a8mhcagrsly7c7mpjrpsnaahk4aax056-bzip2-1.0.8-bin/bin:/nix/store/mblgz65m3zv9x548a3d5m96fj2pbwr09-gnumake-4.3/bin:/nix/store/dsd5gz46hdbdk2rfdimqddhq6m8m8fqs-bash-5.1-p16/bin:/nix/store/v7ljksji50mg3w61dykaa3n3y79n6nil-patch-2.7.6/bin:/nix/store/zlcnmqq14jz5x9439jf937mvayyl63da-xz-5.2.7-bin/bin:/nix/store/y6aj732zm9m87c82fpvf103a1xb22blp-file-5.43/bin:/nix/store/rfljz7mhyzbq8sq2qz9l37c3am9gnx98-pid1/bin:/nix/store/xpxkipb5mhlyh9xmdj2dc5dksj6b4c6b-replit-runtime-path/bin:/home/runner/.nix-profile/bin:/home/runner/.local/bin:/usr/local/sbin:/usr/local/bin:/usr/sbin:/usr/bin:/sbin:/bin
LD_LIBRARY_PATH=/nix/store/a4pff549sk2idnkpzk5nsfps3mdkdnvm-cups-2.4.2-lib/lib:/nix/store/72mqxxhh3cy5yifh92wh2yb8cl2hikyy-cairo-1.16.0/lib:/nix/store/2k366jrbsra97gjfxwvrhvixjfxdach5-glib-2.74.1/lib:/nix/store/2j2znigd8ak37rlwh9khz0ry3clqlw1l-gtk+3-3.24.34/lib
DISPLAY=:0
LANG=en_US.UTF-8

Signal Handlers:
   SIGSEGV: crash_handler in libjvm.so, mask=11100100010111111101111111111110, flags=SA_RESTART|SA_SIGINFO
    SIGBUS: crash_handler in libjvm.so, mask=11100100010111111101111111111110, flags=SA_RESTART|SA_SIGINFO
    SIGFPE: crash_handler in libjvm.so, mask=11100100010111111101111111111110, flags=SA_RESTART|SA_SIGINFO
   SIGPIPE: IsolateEnterStub_IgnoreSIGPIPEStartupHook_noopSignalHandler_8f19bff2f35b5f630d83b364d6b2339320d4ec70_216e8361c6bc87a8f89f58cc10d3b2fd4415bf87 in libjvmcicompiler.so, mask=00000000000000000000000000000000, flags=SA_RESTART
  *** Handler was modified!
  *** Expected: javaSignalHandler in libjvm.so, mask=11100100110111111111111111111110, flags=SA_RESTART|SA_SIGINFO
   SIGXFSZ: javaSignalHandler in libjvm.so, mask=11100100010111111101111111111110, flags=SA_RESTART|SA_SIGINFO
    SIGILL: crash_handler in libjvm.so, mask=11100100010111111101111111111110, flags=SA_RESTART|SA_SIGINFO
   SIGUSR2: SR_handler in libjvm.so, mask=00000000000000000000000000000000, flags=SA_RESTART|SA_SIGINFO
    SIGHUP: UserHandler in libjvm.so, mask=11100100010111111101111111111110, flags=SA_RESTART|SA_SIGINFO
    SIGINT: UserHandler in libjvm.so, mask=11100100010111111101111111111110, flags=SA_RESTART|SA_SIGINFO
   SIGTERM: UserHandler in libjvm.so, mask=11100100010111111101111111111110, flags=SA_RESTART|SA_SIGINFO
   SIGQUIT: UserHandler in libjvm.so, mask=11100100010111111101111111111110, flags=SA_RESTART|SA_SIGINFO
  *** Handler was modified!
  *** Expected: javaSignalHandler in libjvm.so, mask=11100100110111111111111111111110, flags=SA_RESTART|SA_SIGINFO
   SIGTRAP: crash_handler in libjvm.so, mask=11100100010111111101111111111110, flags=SA_RESTART|SA_SIGINFO


---------------  S Y S T E M  ---------------

OS:
DISTRIB_ID=Ubuntu
DISTRIB_RELEASE=20.04
DISTRIB_CODENAME=focal
DISTRIB_DESCRIPTION="Ubuntu 20.04.2 LTS"
uname: Linux 6.5.0-1017-gcp #17~22.04.1-Ubuntu SMP Thu Mar 14 20:30:38 UTC 2024 x86_64
OS uptime: 0 days 8:23 hours
libc: glibc 2.35 NPTL 2.35 
rlimit (soft/hard): STACK 8192k/infinity , CORE infinity/infinity , NPROC infinity/infinity , NOFILE 5242/5242 , AS infinity/infinity , CPU infinity/infinity , DATA infinity/infinity , FSIZE infinity/infinity , MEMLOCK 8192k/8192k
load average: 17.26 13.51 13.01

/proc/meminfo:
MemTotal:       65835408 kB
MemFree:        37531424 kB
MemAvailable:   47656508 kB
Buffers:          333488 kB
Cached:          9758752 kB
SwapCached:            0 kB
Active:         18765792 kB
Inactive:        7286652 kB
Active(anon):   15290788 kB
Inactive(anon):   765568 kB
Active(file):    3475004 kB
Inactive(file):  6521084 kB
Unevictable:       27832 kB
Mlocked:           27832 kB
SwapTotal:             0 kB
SwapFree:              0 kB
Zswap:                 0 kB
Zswapped:              0 kB
Dirty:              4800 kB
Writeback:             0 kB
AnonPages:      15881420 kB
Mapped:          2259956 kB
Shmem:            177588 kB
KReclaimable:     990616 kB
Slab:            1547852 kB
SReclaimable:     990616 kB
SUnreclaim:       557236 kB
KernelStack:      134544 kB
PageTables:       218144 kB
SecPageTables:         0 kB
NFS_Unstable:          0 kB
Bounce:                0 kB
WritebackTmp:          0 kB
CommitLimit:    32917704 kB
Committed_AS:   49066744 kB
VmallocTotal:   34359738367 kB
VmallocUsed:      160900 kB
VmallocChunk:          0 kB
Percpu:            42144 kB
HardwareCorrupted:     0 kB
AnonHugePages:    454656 kB
ShmemHugePages:        0 kB
ShmemPmdMapped:        0 kB
FileHugePages:         0 kB
FilePmdMapped:         0 kB
Unaccepted:            0 kB
HugePages_Total:       0
HugePages_Free:        0
HugePages_Rsvd:        0
HugePages_Surp:        0
Hugepagesize:       2048 kB
Hugetlb:               0 kB
DirectMap4k:      138040 kB
DirectMap2M:     7198720 kB
DirectMap1G:    61865984 kB

/sys/kernel/mm/transparent_hugepage/enabled: always [madvise] never
/sys/kernel/mm/transparent_hugepage/defrag (defrag/compaction efforts parameter): always defer defer+madvise [madvise] never

Process Memory:
Virtual Size: 4789864K (peak: 4850472K)
Resident Set Size: 765424K (peak: 801600K) (anon: 568572K, file: 196852K, shmem: 0K)
Swapped out: 0K
C-Heap outstanding allocations: 40176K, retained: 13923K
glibc malloc tunables: (default)

/proc/sys/kernel/threads-max (system-wide limit on the number of threads): 514277
/proc/sys/vm/max_map_count (maximum number of memory map areas a process may have): 65530
/proc/sys/kernel/pid_max (system-wide limit on number of process identifiers): 4194304

container (cgroup) information:
container_type: cgroupv2
cpu_cpuset_cpus: not supported
cpu_memory_nodes: not supported
active_processor_count: 1
cpu_quota: 50000
cpu_period: 100000
cpu_shares: no shares
memory_limit_in_bytes: 1048576 k
memory_and_swap_limit_in_bytes: unlimited
memory_soft_limit_in_bytes: 524288 k
memory_usage_in_bytes: 705844 k
memory_max_usage_in_bytes: not supported
maximum number of tasks: not supported
current number of tasks: not supported

KVM virtualization detected
Steal ticks since vm start: 1691
Steal ticks percentage since vm start:  0.002

CPU: total 8 (initial active 1) (4 cores per cpu, 2 threads per core) family 6 model 79 stepping 0 microcode 0xffffffff, cx8, cmov, fxsr, ht, mmx, 3dnowpref, sse, sse2, sse3, ssse3, sse4.1, sse4.2, popcnt, lzcnt, tsc, tscinvbit, avx, avx2, aes, erms, clmul, bmi1, bmi2, rtm, adx, fma, vzeroupper, clflush, hv
CPU Model and flags from /proc/cpuinfo:
model name	: Intel(R) Xeon(R) CPU @ 2.20GHz
flags		: fpu vme de pse tsc msr pae mce cx8 apic sep mtrr pge mca cmov pat pse36 clflush mmx fxsr sse sse2 ss ht syscall nx pdpe1gb rdtscp lm constant_tsc rep_good nopl xtopology nonstop_tsc cpuid tsc_known_freq pni pclmulqdq ssse3 fma cx16 pcid sse4_1 sse4_2 x2apic movbe popcnt aes xsave avx f16c rdrand hypervisor lahf_lm abm 3dnowprefetch invpcid_single pti ssbd ibrs ibpb stibp fsgsbase tsc_adjust bmi1 hle avx2 smep bmi2 erms invpcid rtm rdseed adx smap xsaveopt arat md_clear arch_capabilities

Online cpus: 0-7
Offline cpus: 
BIOS frequency limitation: <Not Available>
Frequency switch latency (ns): <Not Available>
Available cpu frequencies: <Not Available>
Current governor: <Not Available>
Core performance/turbo boost: <Not Available>

Memory: 4k page, physical 1048576k(342724k free), swap 0k(0k free)
Page Sizes: 4k

vm_info: OpenJDK 64-Bit Server VM (17.0.5+8-jvmci-22.3-b08) for linux-amd64 JRE (17.0.5+8-jvmci-22.3-b08), built on Oct 19 2022 09:01:27 by "buildslave" with gcc 10.3.0

END.
